#
# A fatal error has been detected by the Java Runtime Environment:
#
#  EXCEPTION_ACCESS_VIOLATION (0xc0000005) at pc=0x00007ffb19cfd69a, pid=41156, tid=52684
#
# JRE version: OpenJDK Runtime Environment Temurin-17.0.2+8 (17.0.2+8) (build 17.0.2+8)
# Java VM: OpenJDK 64-Bit Server VM Temurin-17.0.2+8 (17.0.2+8, mixed mode, sharing, tiered, compressed oops, compressed class ptrs, g1 gc, windows-amd64)
# Problematic frame:
# V  [jvm.dll+0x79d69a]
#
# No core dump will be written. Minidumps are not enabled by default on client versions of Windows
#
# If you would like to submit a bug report, please visit:
#   https://github.com/adoptium/adoptium-support/issues
#

---------------  S U M M A R Y ------------

Command Line: -XX:+ShowCodeDetailsInExceptionMessages -agentlib:jdwp=transport=dt_socket,suspend=y,address=localhost:61806 -ea -javaagent:C:\Users\amaranth.rosa\eclipse\java-2022-03\eclipse\configuration\org.eclipse.osgi\225\0\.cp\lib\javaagent-shaded.jar -Dfile.encoding=UTF-8 org.eclipse.jdt.internal.junit.runner.RemoteTestRunner -version 3 -port 61805 -testLoaderClass org.eclipse.jdt.internal.junit4.runner.JUnit4TestLoader -loaderpluginname org.eclipse.jdt.junit4.runtime -test dev.asor.univitatis.database.dao.AlunoDaoTest:insertAlunoThrowException

Host: Intel(R) Core(TM) i7-8550U CPU @ 1.80GHz, 8 cores, 15G,  Windows 11 , 64 bit Build 22000 (10.0.22000.434)
Time: Sun Mar 27 13:15:13 2022 Hora oficial do Brasil elapsed time: 60.832138 seconds (0d 0h 1m 0s)

---------------  T H R E A D  ---------------

Current thread (0x000002691ddfdf80):  JavaThread "JDWP Transport Listener: dt_socket" daemon [_thread_in_vm, id=52684, stack(0x0000009c8dd00000,0x0000009c8de00000)]

Stack: [0x0000009c8dd00000,0x0000009c8de00000],  sp=0x0000009c8ddff680,  free space=1021k
Native frames: (J=compiled Java code, j=interpreted, Vv=VM code, C=native code)
V  [jvm.dll+0x79d69a]
V  [jvm.dll+0x50842c]
V  [jvm.dll+0x4cfa94]
C  [jdwp.dll+0x22dff]


siginfo: EXCEPTION_ACCESS_VIOLATION (0xc0000005), reading address 0x000000000081008c


Register to memory mapping:

RIP=0x00007ffb19cfd69a jvm.dll
RAX=0x0000000000000087 is an unknown value
RBX=0x000002691d0ceb9c points into unknown readable memory: 6e 74 65 72
RCX=0x0000000000810088 is an unknown value
RDX=0x000002691e50a050 points into unknown readable memory: 0x6f73612f7665644c | 4c 64 65 76 2f 61 73 6f
RSP=0x0000009c8ddff680 is pointing into the stack for thread: 0x000002691ddfdf80
RBP=0x000002691dd539c0 points into unknown readable memory: 0x0000000000000002 | 02 00 00 00 00 00 00 00
RSI=0x0 is NULL
RDI=0xffffffffffffffff is an unknown value
R8 =0x0000000000000054 is an unknown value
R9 =0x0000000000000040 is an unknown value
R10=0x0000000000000040 is an unknown value
R11=0x0000009c8ddff6a0 is pointing into the stack for thread: 0x000002691ddfdf80
R12=0x0000009c8ddff7d8 is pointing into the stack for thread: 0x000002691ddfdf80
R13=0x0 is NULL
R14=0x0000000800c1a648 is a pointer to class: 
dev.asor.univitatis.database.dao.AlunoDao {0x0000000800c1a650}
 - instance size:     3
 - klass size:        87
 - access:            public synchronized 
 - state:             fully_initialized
 - name:              'dev/asor/univitatis/database/dao/AlunoDao'
 - super:             'dev/asor/univitatis/database/dao/GenericDao'
 - sub:               
 - arrays:            NULL
 - methods:           Array<T>(0x000002691d984ce8)
 - method ordering:   Array<T>(0x000002691d985378)
 - default_methods:   Array<T>(0x0000000000000000)
 - local interfaces:  Array<T>(0x000002691d8c4488)
 - trans. interfaces: Array<T>(0x000002691d8c5a98)
 - constants:         constant pool [210] {0x000002691d9860d8} for 'dev/asor/univitatis/database/dao/AlunoDao' cache=0x000002691d986858
 - class loader data:  loader data: 0x000002691d08a0e0 for instance a 'jdk/internal/loader/ClassLoaders$AppClassLoader'{0x000000071002ac10}
 - source file:       'AlunoDao.java'
 - source debug extension:       SMAP
AlunoDao.java
Java
*S jdt
*F
1 AlunoDao.java
2 file:/D:/dev/git/@samuel.rockenbach/universum-univitatis/target/classes/
*L
*E

 - class annotations:       Array<T>(0x0000000000000000)
 - class type annotations:  Array<T>(0x0000000000000000)
 - field annotations:       Array<T>(0x0000000000000000)
 - field type annotations:  Array<T>(0x0000000000000000)
 - generic signature: '
[error occurred during error reporting (printing register info), id 0xc0000005, EXCEPTION_ACCESS_VIOLATION (0xc0000005) at pc=0x00007ffb19cfe2a6]

Registers:
RAX=0x0000000000000087, RBX=0x000002691d0ceb9c, RCX=0x0000000000810088, RDX=0x000002691e50a050
RSP=0x0000009c8ddff680, RBP=0x000002691dd539c0, RSI=0x0000000000000000, RDI=0xffffffffffffffff
R8 =0x0000000000000054, R9 =0x0000000000000040, R10=0x0000000000000040, R11=0x0000009c8ddff6a0
R12=0x0000009c8ddff7d8, R13=0x0000000000000000, R14=0x0000000800c1a648, R15=0x0000009c8ddff800
RIP=0x00007ffb19cfd69a, EFLAGS=0x0000000000010202

Top of Stack: (sp=0x0000009c8ddff680)
0x0000009c8ddff680:   0000000000000029 0000000800c1a648
0x0000009c8ddff690:   000002691e7c3340 00007ffba4847631
0x0000009c8ddff6a0:   ffffffffffffffff 00007ffb19a6842c
0x0000009c8ddff6b0:   000002691d0ceb9c 000002691d0ceb70
0x0000009c8ddff6c0:   000002691dd539c0 0000000000000000
0x0000009c8ddff6d0:   000002691d0ceb30 00000000000003d8
0x0000009c8ddff6e0:   000002691d0ceb40 000002691d0cef18
0x0000009c8ddff6f0:   0000000000003b01 0000009c8ddff7d8
0x0000009c8ddff700:   0000000000000007 000002691ddfe228
0x0000009c8ddff710:   000000071002aca0 00007ffb19a2fa94
0x0000009c8ddff720:   000002691ddfdf80 0000009c8ddff800
0x0000009c8ddff730:   000002697a10df70 0000009c8ddff800
0x0000009c8ddff740:   000002691ddfdf80 0000000000000000
0x0000009c8ddff750:   0000000000000000 0000000000000000
0x0000009c8ddff760:   000002691ddb3b08 00007ffb969f2dff
0x0000009c8ddff770:   0000009c8ddff7f8 00007ffb96a01aa0 

Instructions: (pc=0x00007ffb19cfd69a)
0x00007ffb19cfd59a:   48 83 c4 20 5f e9 4c 8d 90 ff cc cc cc cc cc cc
0x00007ffb19cfd5aa:   cc cc cc cc cc cc 48 89 5c 24 08 57 48 83 ec 20
0x00007ffb19cfd5ba:   83 fa 02 8d 42 06 b9 08 00 00 00 49 8b d8 0f 4e
0x00007ffb19cfd5ca:   c1 48 63 c8 48 83 c1 07 83 e1 f8 48 63 f9 49 8b
0x00007ffb19cfd5da:   48 18 48 8b c7 48 f7 d0 48 3b c1 73 16 4c 8d 05
0x00007ffb19cfd5ea:   da 4c 17 00 48 8b d7 48 8b cb e8 57 f0 90 ff 48
0x00007ffb19cfd5fa:   8b 4b 18 48 8d 04 39 48 3b 43 20 76 18 45 33 c0
0x00007ffb19cfd60a:   48 8b d7 48 8b cb 48 8b 5c 24 30 48 83 c4 20 5f
0x00007ffb19cfd61a:   e9 b1 ec 90 ff 48 89 43 18 48 8b c1 48 8b 5c 24
0x00007ffb19cfd62a:   30 48 83 c4 20 5f c3 cc cc cc cc cc cc cc cc cc
0x00007ffb19cfd63a:   cc cc cc cc cc cc 4c 8b d2 4c 8b d9 45 85 c0 7e
0x00007ffb19cfd64a:   3c 44 0f b7 49 04 41 8d 40 ff 41 3b c1 44 0f 4c
0x00007ffb19cfd65a:   c8 4d 63 c1 45 85 c9 7e 1f 48 8b c2 4c 2b da 49
0x00007ffb19cfd66a:   8b d0 0f 1f 40 00 41 0f b6 4c 03 06 88 08 48 8d
0x00007ffb19cfd67a:   40 01 48 83 ea 01 75 ee 43 c6 04 10 00 49 8b c2
0x00007ffb19cfd68a:   c3 cc cc cc cc cc 48 89 5c 24 08 57 48 83 ec 20
0x00007ffb19cfd69a:   0f b7 59 04 48 8b f9 33 d2 48 8d 4b 01 e8 84 df
0x00007ffb19cfd6aa:   f2 ff 0f b7 57 04 4c 8b c0 3b da 0f 42 d3 44 8b
0x00007ffb19cfd6ba:   ca 85 d2 74 39 48 2b f8 0f 1f 40 00 66 66 0f 1f
0x00007ffb19cfd6ca:   84 00 00 00 00 00 0f b6 4c 07 06 88 08 48 ff c0
0x00007ffb19cfd6da:   48 8b c8 49 2b c8 49 3b c9 7c eb 42 c6 04 02 00
0x00007ffb19cfd6ea:   49 8b c0 48 8b 5c 24 30 48 83 c4 20 5f c3 48 8b
0x00007ffb19cfd6fa:   5c 24 30 c6 04 02 00 48 83 c4 20 5f c3 cc cc cc
0x00007ffb19cfd70a:   cc cc cc cc cc cc 4c 8b d1 45 85 c0 7e 6c 44 0f
0x00007ffb19cfd71a:   b7 49 04 41 8d 40 ff 41 3b c1 44 0f 4c c8 4d 63
0x00007ffb19cfd72a:   d9 45 85 c9 7e 22 48 8b ca 4c 2b d2 4d 8b c3 0f
0x00007ffb19cfd73a:   1f 80 00 00 00 00 41 0f b6 44 0a 06 88 01 48 8d
0x00007ffb19cfd74a:   49 01 49 83 e8 01 75 ee 41 c6 04 13 00 48 c7 c0
0x00007ffb19cfd75a:   ff ff ff ff 66 90 48 ff c0 80 3c 02 00 75 f7 48
0x00007ffb19cfd76a:   63 c8 85 c0 48 8b c2 7e 14 80 38 2f 75 03 c6 00
0x00007ffb19cfd77a:   2e 48 ff c0 48 83 e9 01 75 ef 48 8b c2 c3 cc cc
0x00007ffb19cfd78a:   cc cc cc cc cc cc 48 83 ec 28 e8 f7 fe ff ff 4c 


Stack slot to memory mapping:
stack at sp + 0 slots: 0x0000000000000029 is an unknown value
stack at sp + 1 slots: 0x0000000800c1a648 is a pointer to class: 
dev.asor.univitatis.database.dao.AlunoDao {0x0000000800c1a650}
 - instance size:     3
 - klass size:        87
 - access:            public synchronized 
 - state:             fully_initialized
 - name:              'dev/asor/univitatis/database/dao/AlunoDao'
 - super:             'dev/asor/univitatis/database/dao/GenericDao'
 - sub:               
 - arrays:            NULL
 - methods:           Array<T>(0x000002691d984ce8)
 - method ordering:   Array<T>(0x000002691d985378)
 - default_methods:   Array<T>(0x0000000000000000)
 - local interfaces:  Array<T>(0x000002691d8c4488)
 - trans. interfaces: Array<T>(0x000002691d8c5a98)
 - constants:         constant pool [210] {0x000002691d9860d8} for 'dev/asor/univitatis/database/dao/AlunoDao' cache=0x000002691d986858
 - class loader data:  loader data: 0x000002691d08a0e0 for instance a 'jdk/internal/loader/ClassLoaders$AppClassLoader'{0x000000071002ac10}
 - source file:       'AlunoDao.java'
 - source debug extension:       SMAP
AlunoDao.java
Java
*S jdt
*F
1 AlunoDao.java
2 file:/D:/dev/git/@samuel.rockenbach/universum-univitatis/target/classes/
*L
*E

 - class annotations:       Array<T>(0x0000000000000000)
 - class type annotations:  Array<T>(0x0000000000000000)
 - field annotations:       Array<T>(0x0000000000000000)
 - field type annotations:  Array<T>(0x0000000000000000)
 - generic signature: '
[error occurred during error reporting (inspecting top of stack), id 0xc0000005, EXCEPTION_ACCESS_VIOLATION (0xc0000005) at pc=0x00007ffb19cfe2a6]


---------------  P R O C E S S  ---------------

Threads class SMR info:
_java_thread_list=0x000002691e4f0510, length=16, elements={
0x000002697a11e780, 0x000002691d097760, 0x000002691d0985d0, 0x000002691d0aa640,
0x000002691d0aaff0, 0x000002691d0ab9a0, 0x000002691d0af850, 0x000002691d0b05e0,
0x000002691d0b9ca0, 0x000002691d0cce60, 0x000002691dc9eed0, 0x000002691ddfdf80,
0x000002691ddc32d0, 0x000002691ddc5f70, 0x000002691df0a9b0, 0x000002691dff7f20
}

Java Threads: ( => current thread )
  0x000002697a11e780 JavaThread "main" [_thread_blocked, id=30768, stack(0x0000009c8cc00000,0x0000009c8cd00000)]
  0x000002691d097760 JavaThread "Reference Handler" daemon [_thread_blocked, id=4008, stack(0x0000009c8d300000,0x0000009c8d400000)]
  0x000002691d0985d0 JavaThread "Finalizer" daemon [_thread_blocked, id=43148, stack(0x0000009c8d400000,0x0000009c8d500000)]
  0x000002691d0aa640 JavaThread "Signal Dispatcher" daemon [_thread_blocked, id=44584, stack(0x0000009c8d500000,0x0000009c8d600000)]
  0x000002691d0aaff0 JavaThread "Attach Listener" daemon [_thread_blocked, id=18448, stack(0x0000009c8d600000,0x0000009c8d700000)]
  0x000002691d0ab9a0 JavaThread "Service Thread" daemon [_thread_blocked, id=23036, stack(0x0000009c8d700000,0x0000009c8d800000)]
  0x000002691d0af850 JavaThread "Monitor Deflation Thread" daemon [_thread_blocked, id=35088, stack(0x0000009c8d800000,0x0000009c8d900000)]
  0x000002691d0b05e0 JavaThread "C2 CompilerThread0" daemon [_thread_blocked, id=47704, stack(0x0000009c8d900000,0x0000009c8da00000)]
  0x000002691d0b9ca0 JavaThread "C1 CompilerThread0" daemon [_thread_blocked, id=47532, stack(0x0000009c8da00000,0x0000009c8db00000)]
  0x000002691d0cce60 JavaThread "Sweeper thread" daemon [_thread_blocked, id=25000, stack(0x0000009c8db00000,0x0000009c8dc00000)]
  0x000002691dc9eed0 JavaThread "Common-Cleaner" daemon [_thread_blocked, id=18080, stack(0x0000009c8dc00000,0x0000009c8dd00000)]
=>0x000002691ddfdf80 JavaThread "JDWP Transport Listener: dt_socket" daemon [_thread_in_vm, id=52684, stack(0x0000009c8dd00000,0x0000009c8de00000)]
  0x000002691ddc32d0 JavaThread "JDWP Event Helper Thread" daemon [_thread_blocked, id=12572, stack(0x0000009c8de00000,0x0000009c8df00000)]
  0x000002691ddc5f70 JavaThread "JDWP Command Reader" daemon [_thread_in_native, id=47744, stack(0x0000009c8df00000,0x0000009c8e000000)]
  0x000002691df0a9b0 JavaThread "Notification Thread" daemon [_thread_blocked, id=50060, stack(0x0000009c8e000000,0x0000009c8e100000)]
  0x000002691dff7f20 JavaThread "ReaderThread" [_thread_in_native, id=48928, stack(0x0000009c8e300000,0x0000009c8e400000)]

Other Threads:
  0x000002691d08feb0 VMThread "VM Thread" [stack: 0x0000009c8d200000,0x0000009c8d300000] [id=20376]
  0x000002697a18f8c0 WatcherThread [stack: 0x0000009c8e100000,0x0000009c8e200000] [id=19584]
  0x000002697a16db20 GCTaskThread "GC Thread#0" [stack: 0x0000009c8cd00000,0x0000009c8ce00000] [id=41568]
  0x000002691de6e9d0 GCTaskThread "GC Thread#1" [stack: 0x0000009c8c900000,0x0000009c8ca00000] [id=40032]
  0x0000026978020240 GCTaskThread "GC Thread#2" [stack: 0x0000009c8ca00000,0x0000009c8cb00000] [id=43264]
  0x00000269780219f0 GCTaskThread "GC Thread#3" [stack: 0x0000009c8cb00000,0x0000009c8cc00000] [id=3800]
  0x000002691e579840 GCTaskThread "GC Thread#4" [stack: 0x0000009c8e500000,0x0000009c8e600000] [id=18620]
  0x000002691e579af0 GCTaskThread "GC Thread#5" [stack: 0x0000009c8e600000,0x0000009c8e700000] [id=5236]
  0x000002691e7af9f0 GCTaskThread "GC Thread#6" [stack: 0x0000009c8e700000,0x0000009c8e800000] [id=13572]
  0x000002691dc78670 GCTaskThread "GC Thread#7" [stack: 0x0000009c8e800000,0x0000009c8e900000] [id=48932]
  0x000002697a17f080 ConcurrentGCThread "G1 Main Marker" [stack: 0x0000009c8ce00000,0x0000009c8cf00000] [id=49140]
  0x000002697a180aa0 ConcurrentGCThread "G1 Conc#0" [stack: 0x0000009c8cf00000,0x0000009c8d000000] [id=4600]
  0x000002697a1ee5f0 ConcurrentGCThread "G1 Refine#0" [stack: 0x0000009c8d000000,0x0000009c8d100000] [id=31740]
  0x000002691cf48250 ConcurrentGCThread "G1 Service" [stack: 0x0000009c8d100000,0x0000009c8d200000] [id=11384]

Threads with active compile tasks:

VM state: not at safepoint (normal execution)

VM Mutex/Monitor currently owned by a thread: None

Heap address: 0x0000000701800000, size: 4072 MB, Compressed Oops mode: Zero based, Oop shift amount: 3

CDS archive(s) mapped at: [0x0000000800000000-0x0000000800bc0000-0x0000000800bc0000), size 12320768, SharedBaseAddress: 0x0000000800000000, ArchiveRelocationMode: 0.
Compressed class space mapped at: 0x0000000800c00000-0x0000000840c00000, reserved size: 1073741824
Narrow klass base: 0x0000000800000000, Narrow klass shift: 0, Narrow klass range: 0x100000000

GC Precious Log:
 CPUs: 8 total, 8 available
 Memory: 16281M
 Large Page Support: Disabled
 NUMA Support: Disabled
 Compressed Oops: Enabled (Zero based)
 Heap Region Size: 2M
 Heap Min Capacity: 8M
 Heap Initial Capacity: 256M
 Heap Max Capacity: 4072M
 Pre-touch: Disabled
 Parallel Workers: 8
 Concurrent Workers: 2
 Concurrent Refinement Workers: 8
 Periodic GC: Disabled

Heap:
 garbage-first heap   total 262144K, used 3012K [0x0000000701800000, 0x0000000800000000)
  region size 2048K, 3 young (6144K), 2 survivors (4096K)
 Metaspace       used 5639K, committed 5824K, reserved 1056768K
  class space    used 563K, committed 640K, reserved 1048576K

Heap Regions: E=young(eden), S=young(survivor), O=old, HS=humongous(starts), HC=humongous(continues), CS=collection set, F=free, OA=open archive, CA=closed archive, TAMS=top-at-mark-start (previous, next)
|   0|0x0000000701800000, 0x0000000701800000, 0x0000000701a00000|  0%| F|  |TAMS 0x0000000701800000, 0x0000000701800000| Untracked 
|   1|0x0000000701a00000, 0x0000000701a00000, 0x0000000701c00000|  0%| F|  |TAMS 0x0000000701a00000, 0x0000000701a00000| Untracked 
|   2|0x0000000701c00000, 0x0000000701c00000, 0x0000000701e00000|  0%| F|  |TAMS 0x0000000701c00000, 0x0000000701c00000| Untracked 
|   3|0x0000000701e00000, 0x0000000701e00000, 0x0000000702000000|  0%| F|  |TAMS 0x0000000701e00000, 0x0000000701e00000| Untracked 
|   4|0x0000000702000000, 0x0000000702000000, 0x0000000702200000|  0%| F|  |TAMS 0x0000000702000000, 0x0000000702000000| Untracked 
|   5|0x0000000702200000, 0x0000000702200000, 0x0000000702400000|  0%| F|  |TAMS 0x0000000702200000, 0x0000000702200000| Untracked 
|   6|0x0000000702400000, 0x0000000702400000, 0x0000000702600000|  0%| F|  |TAMS 0x0000000702400000, 0x0000000702400000| Untracked 
|   7|0x0000000702600000, 0x0000000702600000, 0x0000000702800000|  0%| F|  |TAMS 0x0000000702600000, 0x0000000702600000| Untracked 
|   8|0x0000000702800000, 0x0000000702800000, 0x0000000702a00000|  0%| F|  |TAMS 0x0000000702800000, 0x0000000702800000| Untracked 
|   9|0x0000000702a00000, 0x0000000702a00000, 0x0000000702c00000|  0%| F|  |TAMS 0x0000000702a00000, 0x0000000702a00000| Untracked 
|  10|0x0000000702c00000, 0x0000000702c00000, 0x0000000702e00000|  0%| F|  |TAMS 0x0000000702c00000, 0x0000000702c00000| Untracked 
|  11|0x0000000702e00000, 0x0000000702e00000, 0x0000000703000000|  0%| F|  |TAMS 0x0000000702e00000, 0x0000000702e00000| Untracked 
|  12|0x0000000703000000, 0x0000000703000000, 0x0000000703200000|  0%| F|  |TAMS 0x0000000703000000, 0x0000000703000000| Untracked 
|  13|0x0000000703200000, 0x0000000703200000, 0x0000000703400000|  0%| F|  |TAMS 0x0000000703200000, 0x0000000703200000| Untracked 
|  14|0x0000000703400000, 0x0000000703400000, 0x0000000703600000|  0%| F|  |TAMS 0x0000000703400000, 0x0000000703400000| Untracked 
|  15|0x0000000703600000, 0x0000000703600000, 0x0000000703800000|  0%| F|  |TAMS 0x0000000703600000, 0x0000000703600000| Untracked 
|  16|0x0000000703800000, 0x0000000703800000, 0x0000000703a00000|  0%| F|  |TAMS 0x0000000703800000, 0x0000000703800000| Untracked 
|  17|0x0000000703a00000, 0x0000000703a00000, 0x0000000703c00000|  0%| F|  |TAMS 0x0000000703a00000, 0x0000000703a00000| Untracked 
|  18|0x0000000703c00000, 0x0000000703c00000, 0x0000000703e00000|  0%| F|  |TAMS 0x0000000703c00000, 0x0000000703c00000| Untracked 
|  19|0x0000000703e00000, 0x0000000703e00000, 0x0000000704000000|  0%| F|  |TAMS 0x0000000703e00000, 0x0000000703e00000| Untracked 
|  20|0x0000000704000000, 0x0000000704000000, 0x0000000704200000|  0%| F|  |TAMS 0x0000000704000000, 0x0000000704000000| Untracked 
|  21|0x0000000704200000, 0x0000000704200000, 0x0000000704400000|  0%| F|  |TAMS 0x0000000704200000, 0x0000000704200000| Untracked 
|  22|0x0000000704400000, 0x0000000704400000, 0x0000000704600000|  0%| F|  |TAMS 0x0000000704400000, 0x0000000704400000| Untracked 
|  23|0x0000000704600000, 0x0000000704600000, 0x0000000704800000|  0%| F|  |TAMS 0x0000000704600000, 0x0000000704600000| Untracked 
|  24|0x0000000704800000, 0x0000000704800000, 0x0000000704a00000|  0%| F|  |TAMS 0x0000000704800000, 0x0000000704800000| Untracked 
|  25|0x0000000704a00000, 0x0000000704a00000, 0x0000000704c00000|  0%| F|  |TAMS 0x0000000704a00000, 0x0000000704a00000| Untracked 
|  26|0x0000000704c00000, 0x0000000704c00000, 0x0000000704e00000|  0%| F|  |TAMS 0x0000000704c00000, 0x0000000704c00000| Untracked 
|  27|0x0000000704e00000, 0x0000000704e00000, 0x0000000705000000|  0%| F|  |TAMS 0x0000000704e00000, 0x0000000704e00000| Untracked 
|  28|0x0000000705000000, 0x0000000705000000, 0x0000000705200000|  0%| F|  |TAMS 0x0000000705000000, 0x0000000705000000| Untracked 
|  29|0x0000000705200000, 0x0000000705200000, 0x0000000705400000|  0%| F|  |TAMS 0x0000000705200000, 0x0000000705200000| Untracked 
|  30|0x0000000705400000, 0x0000000705400000, 0x0000000705600000|  0%| F|  |TAMS 0x0000000705400000, 0x0000000705400000| Untracked 
|  31|0x0000000705600000, 0x0000000705600000, 0x0000000705800000|  0%| F|  |TAMS 0x0000000705600000, 0x0000000705600000| Untracked 
|  32|0x0000000705800000, 0x0000000705800000, 0x0000000705a00000|  0%| F|  |TAMS 0x0000000705800000, 0x0000000705800000| Untracked 
|  33|0x0000000705a00000, 0x0000000705a00000, 0x0000000705c00000|  0%| F|  |TAMS 0x0000000705a00000, 0x0000000705a00000| Untracked 
|  34|0x0000000705c00000, 0x0000000705c00000, 0x0000000705e00000|  0%| F|  |TAMS 0x0000000705c00000, 0x0000000705c00000| Untracked 
|  35|0x0000000705e00000, 0x0000000705e00000, 0x0000000706000000|  0%| F|  |TAMS 0x0000000705e00000, 0x0000000705e00000| Untracked 
|  36|0x0000000706000000, 0x0000000706000000, 0x0000000706200000|  0%| F|  |TAMS 0x0000000706000000, 0x0000000706000000| Untracked 
|  37|0x0000000706200000, 0x0000000706200000, 0x0000000706400000|  0%| F|  |TAMS 0x0000000706200000, 0x0000000706200000| Untracked 
|  38|0x0000000706400000, 0x0000000706400000, 0x0000000706600000|  0%| F|  |TAMS 0x0000000706400000, 0x0000000706400000| Untracked 
|  39|0x0000000706600000, 0x0000000706600000, 0x0000000706800000|  0%| F|  |TAMS 0x0000000706600000, 0x0000000706600000| Untracked 
|  40|0x0000000706800000, 0x0000000706800000, 0x0000000706a00000|  0%| F|  |TAMS 0x0000000706800000, 0x0000000706800000| Untracked 
|  41|0x0000000706a00000, 0x0000000706a00000, 0x0000000706c00000|  0%| F|  |TAMS 0x0000000706a00000, 0x0000000706a00000| Untracked 
|  42|0x0000000706c00000, 0x0000000706c00000, 0x0000000706e00000|  0%| F|  |TAMS 0x0000000706c00000, 0x0000000706c00000| Untracked 
|  43|0x0000000706e00000, 0x0000000706e00000, 0x0000000707000000|  0%| F|  |TAMS 0x0000000706e00000, 0x0000000706e00000| Untracked 
|  44|0x0000000707000000, 0x0000000707000000, 0x0000000707200000|  0%| F|  |TAMS 0x0000000707000000, 0x0000000707000000| Untracked 
|  45|0x0000000707200000, 0x0000000707200000, 0x0000000707400000|  0%| F|  |TAMS 0x0000000707200000, 0x0000000707200000| Untracked 
|  46|0x0000000707400000, 0x0000000707400000, 0x0000000707600000|  0%| F|  |TAMS 0x0000000707400000, 0x0000000707400000| Untracked 
|  47|0x0000000707600000, 0x0000000707600000, 0x0000000707800000|  0%| F|  |TAMS 0x0000000707600000, 0x0000000707600000| Untracked 
|  48|0x0000000707800000, 0x0000000707800000, 0x0000000707a00000|  0%| F|  |TAMS 0x0000000707800000, 0x0000000707800000| Untracked 
|  49|0x0000000707a00000, 0x0000000707a00000, 0x0000000707c00000|  0%| F|  |TAMS 0x0000000707a00000, 0x0000000707a00000| Untracked 
|  50|0x0000000707c00000, 0x0000000707c00000, 0x0000000707e00000|  0%| F|  |TAMS 0x0000000707c00000, 0x0000000707c00000| Untracked 
|  51|0x0000000707e00000, 0x0000000707e00000, 0x0000000708000000|  0%| F|  |TAMS 0x0000000707e00000, 0x0000000707e00000| Untracked 
|  52|0x0000000708000000, 0x0000000708000000, 0x0000000708200000|  0%| F|  |TAMS 0x0000000708000000, 0x0000000708000000| Untracked 
|  53|0x0000000708200000, 0x0000000708200000, 0x0000000708400000|  0%| F|  |TAMS 0x0000000708200000, 0x0000000708200000| Untracked 
|  54|0x0000000708400000, 0x0000000708400000, 0x0000000708600000|  0%| F|  |TAMS 0x0000000708400000, 0x0000000708400000| Untracked 
|  55|0x0000000708600000, 0x0000000708600000, 0x0000000708800000|  0%| F|  |TAMS 0x0000000708600000, 0x0000000708600000| Untracked 
|  56|0x0000000708800000, 0x0000000708800000, 0x0000000708a00000|  0%| F|  |TAMS 0x0000000708800000, 0x0000000708800000| Untracked 
|  57|0x0000000708a00000, 0x0000000708a00000, 0x0000000708c00000|  0%| F|  |TAMS 0x0000000708a00000, 0x0000000708a00000| Untracked 
|  58|0x0000000708c00000, 0x0000000708c00000, 0x0000000708e00000|  0%| F|  |TAMS 0x0000000708c00000, 0x0000000708c00000| Untracked 
|  59|0x0000000708e00000, 0x0000000708e00000, 0x0000000709000000|  0%| F|  |TAMS 0x0000000708e00000, 0x0000000708e00000| Untracked 
|  60|0x0000000709000000, 0x0000000709000000, 0x0000000709200000|  0%| F|  |TAMS 0x0000000709000000, 0x0000000709000000| Untracked 
|  61|0x0000000709200000, 0x0000000709200000, 0x0000000709400000|  0%| F|  |TAMS 0x0000000709200000, 0x0000000709200000| Untracked 
|  62|0x0000000709400000, 0x0000000709400000, 0x0000000709600000|  0%| F|  |TAMS 0x0000000709400000, 0x0000000709400000| Untracked 
|  63|0x0000000709600000, 0x0000000709600000, 0x0000000709800000|  0%| F|  |TAMS 0x0000000709600000, 0x0000000709600000| Untracked 
|  64|0x0000000709800000, 0x0000000709800000, 0x0000000709a00000|  0%| F|  |TAMS 0x0000000709800000, 0x0000000709800000| Untracked 
|  65|0x0000000709a00000, 0x0000000709a00000, 0x0000000709c00000|  0%| F|  |TAMS 0x0000000709a00000, 0x0000000709a00000| Untracked 
|  66|0x0000000709c00000, 0x0000000709c00000, 0x0000000709e00000|  0%| F|  |TAMS 0x0000000709c00000, 0x0000000709c00000| Untracked 
|  67|0x0000000709e00000, 0x0000000709e00000, 0x000000070a000000|  0%| F|  |TAMS 0x0000000709e00000, 0x0000000709e00000| Untracked 
|  68|0x000000070a000000, 0x000000070a000000, 0x000000070a200000|  0%| F|  |TAMS 0x000000070a000000, 0x000000070a000000| Untracked 
|  69|0x000000070a200000, 0x000000070a200000, 0x000000070a400000|  0%| F|  |TAMS 0x000000070a200000, 0x000000070a200000| Untracked 
|  70|0x000000070a400000, 0x000000070a400000, 0x000000070a600000|  0%| F|  |TAMS 0x000000070a400000, 0x000000070a400000| Untracked 
|  71|0x000000070a600000, 0x000000070a600000, 0x000000070a800000|  0%| F|  |TAMS 0x000000070a600000, 0x000000070a600000| Untracked 
|  72|0x000000070a800000, 0x000000070a800000, 0x000000070aa00000|  0%| F|  |TAMS 0x000000070a800000, 0x000000070a800000| Untracked 
|  73|0x000000070aa00000, 0x000000070aa00000, 0x000000070ac00000|  0%| F|  |TAMS 0x000000070aa00000, 0x000000070aa00000| Untracked 
|  74|0x000000070ac00000, 0x000000070ac00000, 0x000000070ae00000|  0%| F|  |TAMS 0x000000070ac00000, 0x000000070ac00000| Untracked 
|  75|0x000000070ae00000, 0x000000070ae00000, 0x000000070b000000|  0%| F|  |TAMS 0x000000070ae00000, 0x000000070ae00000| Untracked 
|  76|0x000000070b000000, 0x000000070b000000, 0x000000070b200000|  0%| F|  |TAMS 0x000000070b000000, 0x000000070b000000| Untracked 
|  77|0x000000070b200000, 0x000000070b200000, 0x000000070b400000|  0%| F|  |TAMS 0x000000070b200000, 0x000000070b200000| Untracked 
|  78|0x000000070b400000, 0x000000070b400000, 0x000000070b600000|  0%| F|  |TAMS 0x000000070b400000, 0x000000070b400000| Untracked 
|  79|0x000000070b600000, 0x000000070b600000, 0x000000070b800000|  0%| F|  |TAMS 0x000000070b600000, 0x000000070b600000| Untracked 
|  80|0x000000070b800000, 0x000000070b800000, 0x000000070ba00000|  0%| F|  |TAMS 0x000000070b800000, 0x000000070b800000| Untracked 
|  81|0x000000070ba00000, 0x000000070ba00000, 0x000000070bc00000|  0%| F|  |TAMS 0x000000070ba00000, 0x000000070ba00000| Untracked 
|  82|0x000000070bc00000, 0x000000070bc00000, 0x000000070be00000|  0%| F|  |TAMS 0x000000070bc00000, 0x000000070bc00000| Untracked 
|  83|0x000000070be00000, 0x000000070be00000, 0x000000070c000000|  0%| F|  |TAMS 0x000000070be00000, 0x000000070be00000| Untracked 
|  84|0x000000070c000000, 0x000000070c000000, 0x000000070c200000|  0%| F|  |TAMS 0x000000070c000000, 0x000000070c000000| Untracked 
|  85|0x000000070c200000, 0x000000070c200000, 0x000000070c400000|  0%| F|  |TAMS 0x000000070c200000, 0x000000070c200000| Untracked 
|  86|0x000000070c400000, 0x000000070c400000, 0x000000070c600000|  0%| F|  |TAMS 0x000000070c400000, 0x000000070c400000| Untracked 
|  87|0x000000070c600000, 0x000000070c600000, 0x000000070c800000|  0%| F|  |TAMS 0x000000070c600000, 0x000000070c600000| Untracked 
|  88|0x000000070c800000, 0x000000070c800000, 0x000000070ca00000|  0%| F|  |TAMS 0x000000070c800000, 0x000000070c800000| Untracked 
|  89|0x000000070ca00000, 0x000000070ca00000, 0x000000070cc00000|  0%| F|  |TAMS 0x000000070ca00000, 0x000000070ca00000| Untracked 
|  90|0x000000070cc00000, 0x000000070cc00000, 0x000000070ce00000|  0%| F|  |TAMS 0x000000070cc00000, 0x000000070cc00000| Untracked 
|  91|0x000000070ce00000, 0x000000070ce00000, 0x000000070d000000|  0%| F|  |TAMS 0x000000070ce00000, 0x000000070ce00000| Untracked 
|  92|0x000000070d000000, 0x000000070d000000, 0x000000070d200000|  0%| F|  |TAMS 0x000000070d000000, 0x000000070d000000| Untracked 
|  93|0x000000070d200000, 0x000000070d200000, 0x000000070d400000|  0%| F|  |TAMS 0x000000070d200000, 0x000000070d200000| Untracked 
|  94|0x000000070d400000, 0x000000070d400000, 0x000000070d600000|  0%| F|  |TAMS 0x000000070d400000, 0x000000070d400000| Untracked 
|  95|0x000000070d600000, 0x000000070d600000, 0x000000070d800000|  0%| F|  |TAMS 0x000000070d600000, 0x000000070d600000| Untracked 
|  96|0x000000070d800000, 0x000000070d800000, 0x000000070da00000|  0%| F|  |TAMS 0x000000070d800000, 0x000000070d800000| Untracked 
|  97|0x000000070da00000, 0x000000070da00000, 0x000000070dc00000|  0%| F|  |TAMS 0x000000070da00000, 0x000000070da00000| Untracked 
|  98|0x000000070dc00000, 0x000000070dc00000, 0x000000070de00000|  0%| F|  |TAMS 0x000000070dc00000, 0x000000070dc00000| Untracked 
|  99|0x000000070de00000, 0x000000070de00000, 0x000000070e000000|  0%| F|  |TAMS 0x000000070de00000, 0x000000070de00000| Untracked 
| 100|0x000000070e000000, 0x000000070e000000, 0x000000070e200000|  0%| F|  |TAMS 0x000000070e000000, 0x000000070e000000| Untracked 
| 101|0x000000070e200000, 0x000000070e200000, 0x000000070e400000|  0%| F|  |TAMS 0x000000070e200000, 0x000000070e200000| Untracked 
| 102|0x000000070e400000, 0x000000070e400000, 0x000000070e600000|  0%| F|  |TAMS 0x000000070e400000, 0x000000070e400000| Untracked 
| 103|0x000000070e600000, 0x000000070e600000, 0x000000070e800000|  0%| F|  |TAMS 0x000000070e600000, 0x000000070e600000| Untracked 
| 104|0x000000070e800000, 0x000000070e800000, 0x000000070ea00000|  0%| F|  |TAMS 0x000000070e800000, 0x000000070e800000| Untracked 
| 105|0x000000070ea00000, 0x000000070ea00000, 0x000000070ec00000|  0%| F|  |TAMS 0x000000070ea00000, 0x000000070ea00000| Untracked 
| 106|0x000000070ec00000, 0x000000070ec00000, 0x000000070ee00000|  0%| F|  |TAMS 0x000000070ec00000, 0x000000070ec00000| Untracked 
| 107|0x000000070ee00000, 0x000000070ee00000, 0x000000070f000000|  0%| F|  |TAMS 0x000000070ee00000, 0x000000070ee00000| Untracked 
| 108|0x000000070f000000, 0x000000070f000000, 0x000000070f200000|  0%| F|  |TAMS 0x000000070f000000, 0x000000070f000000| Untracked 
| 109|0x000000070f200000, 0x000000070f200000, 0x000000070f400000|  0%| F|  |TAMS 0x000000070f200000, 0x000000070f200000| Untracked 
| 110|0x000000070f400000, 0x000000070f400000, 0x000000070f600000|  0%| F|  |TAMS 0x000000070f400000, 0x000000070f400000| Untracked 
| 111|0x000000070f600000, 0x000000070f600000, 0x000000070f800000|  0%| F|  |TAMS 0x000000070f600000, 0x000000070f600000| Untracked 
| 112|0x000000070f800000, 0x000000070f800000, 0x000000070fa00000|  0%| F|  |TAMS 0x000000070f800000, 0x000000070f800000| Untracked 
| 113|0x000000070fa00000, 0x000000070fa00000, 0x000000070fc00000|  0%| F|  |TAMS 0x000000070fa00000, 0x000000070fa00000| Untracked 
| 114|0x000000070fc00000, 0x000000070fc00000, 0x000000070fe00000|  0%| F|  |TAMS 0x000000070fc00000, 0x000000070fc00000| Untracked 
| 115|0x000000070fe00000, 0x000000070fef1228, 0x0000000710000000| 47%| S|CS|TAMS 0x000000070fe00000, 0x000000070fe00000| Complete 
| 116|0x0000000710000000, 0x0000000710200000, 0x0000000710200000|100%| S|CS|TAMS 0x0000000710000000, 0x0000000710000000| Complete 
| 117|0x0000000710200000, 0x0000000710200000, 0x0000000710400000|  0%| F|  |TAMS 0x0000000710200000, 0x0000000710200000| Untracked 
| 118|0x0000000710400000, 0x0000000710400000, 0x0000000710600000|  0%| F|  |TAMS 0x0000000710400000, 0x0000000710400000| Untracked 
| 119|0x0000000710600000, 0x0000000710600000, 0x0000000710800000|  0%| F|  |TAMS 0x0000000710600000, 0x0000000710600000| Untracked 
| 120|0x0000000710800000, 0x0000000710800000, 0x0000000710a00000|  0%| F|  |TAMS 0x0000000710800000, 0x0000000710800000| Untracked 
| 121|0x0000000710a00000, 0x0000000710a00000, 0x0000000710c00000|  0%| F|  |TAMS 0x0000000710a00000, 0x0000000710a00000| Untracked 
| 122|0x0000000710c00000, 0x0000000710c00000, 0x0000000710e00000|  0%| F|  |TAMS 0x0000000710c00000, 0x0000000710c00000| Untracked 
| 123|0x0000000710e00000, 0x0000000710e00000, 0x0000000711000000|  0%| F|  |TAMS 0x0000000710e00000, 0x0000000710e00000| Untracked 
| 124|0x0000000711000000, 0x0000000711000000, 0x0000000711200000|  0%| F|  |TAMS 0x0000000711000000, 0x0000000711000000| Untracked 
| 125|0x0000000711200000, 0x0000000711200000, 0x0000000711400000|  0%| F|  |TAMS 0x0000000711200000, 0x0000000711200000| Untracked 
| 126|0x0000000711400000, 0x0000000711400000, 0x0000000711600000|  0%| F|  |TAMS 0x0000000711400000, 0x0000000711400000| Untracked 
| 127|0x0000000711600000, 0x0000000711652c98, 0x0000000711800000| 16%| E|  |TAMS 0x0000000711600000, 0x0000000711600000| Complete 

Card table byte_map: [0x000002697ad20000,0x000002697b520000] _byte_map_base: 0x0000026977514000

Marking Bits (Prev, Next): (CMBitMap*) 0x000002697a16e130, (CMBitMap*) 0x000002697a16e170
 Prev Bits: [0x000002697bd20000, 0x000002697fcc0000)
 Next Bits: [0x00000269169f0000, 0x000002691a990000)

Polling page: 0x00000269798f0000

Metaspace:

Usage:
  Non-class:      4.96 MB used.
      Class:    563.71 KB used.
       Both:      5.51 MB used.

Virtual space:
  Non-class space:        8.00 MB reserved,       5.06 MB ( 63%) committed,  1 nodes.
      Class space:        1.00 GB reserved,     640.00 KB ( <1%) committed,  1 nodes.
             Both:        1.01 GB reserved,       5.69 MB ( <1%) committed. 

Chunk freelists:
   Non-Class:  2.47 MB
       Class:  3.39 MB
        Both:  5.86 MB

MaxMetaspaceSize: unlimited
CompressedClassSpaceSize: 1.00 GB
Initial GC threshold: 21.00 MB
Current GC threshold: 21.00 MB
CDS: on
MetaspaceReclaimPolicy: balanced
 - commit_granule_bytes: 65536.
 - commit_granule_words: 8192.
 - virtual_space_node_default_size: 1048576.
 - enlarge_chunks_in_place: 1.
 - new_chunks_are_fully_committed: 0.
 - uncommit_free_chunks: 1.
 - use_allocation_guard: 0.
 - handle_deallocations: 1.


Internal statistics:

num_allocs_failed_limit: 0.
num_arena_births: 46.
num_arena_deaths: 0.
num_vsnodes_births: 2.
num_vsnodes_deaths: 0.
num_space_committed: 91.
num_space_uncommitted: 0.
num_chunks_returned_to_freelist: 0.
num_chunks_taken_from_freelist: 151.
num_chunk_merges: 0.
num_chunk_splits: 92.
num_chunks_enlarged: 58.
num_purges: 0.
num_inconsistent_stats: 0.

CodeHeap 'non-profiled nmethods': size=120000Kb used=358Kb max_used=358Kb free=119641Kb
 bounds [0x000002690f4c0000, 0x000002690f730000, 0x00000269169f0000]
CodeHeap 'profiled nmethods': size=120000Kb used=1919Kb max_used=1919Kb free=118080Kb
 bounds [0x0000026907f90000, 0x0000026908200000, 0x000002690f4c0000]
CodeHeap 'non-nmethods': size=5760Kb used=1219Kb max_used=1241Kb free=4540Kb
 bounds [0x00000269079f0000, 0x0000026907c60000, 0x0000026907f90000]
 total_blobs=1444 nmethods=1004 adapters=353
 compilation: enabled
              stopped_count=0, restarted_count=0
 full_count=0

Compilation events (20 events):
Event: 1.155 Thread 0x000002691d0b9ca0 nmethod 995 0x000002690816a910 code [0x000002690816aac0, 0x000002690816aca8]
Event: 1.155 Thread 0x000002691d0b9ca0  996       3       jdk.internal.jimage.BasicImageReader::match (37 bytes)
Event: 1.156 Thread 0x000002691d0b9ca0 nmethod 996 0x000002690816ad90 code [0x000002690816af60, 0x000002690816b238]
Event: 1.156 Thread 0x000002691d0b9ca0  997   !   3       java.util.zip.ZipFile$Source::readFullyAt (74 bytes)
Event: 1.156 Thread 0x000002691d0b05e0 nmethod 992% 0x000002690f519390 code [0x000002690f519520, 0x000002690f519868]
Event: 1.157 Thread 0x000002691d0b9ca0 nmethod 997 0x000002690816b390 code [0x000002690816b5a0, 0x000002690816bc28]
Event: 1.159 Thread 0x000002691d0b9ca0  998       3       java.util.regex.Pattern::next (33 bytes)
Event: 1.160 Thread 0x000002691d0b9ca0 nmethod 998 0x000002690816c010 code [0x000002690816c1c0, 0x000002690816c448]
Event: 1.160 Thread 0x000002691d0b9ca0  999       3       java.lang.String::codePointAt (50 bytes)
Event: 1.160 Thread 0x000002691d0b9ca0 nmethod 999 0x000002690816c590 code [0x000002690816c780, 0x000002690816cb48]
Event: 1.162 Thread 0x000002691d0b9ca0 1000       3       jdk.internal.loader.URLClassPath::getResource (74 bytes)
Event: 1.163 Thread 0x000002691d0b9ca0 nmethod 1000 0x000002690816cd10 code [0x000002690816cee0, 0x000002690816d258]
Event: 1.163 Thread 0x000002691d0b9ca0 1001       3       jdk.internal.loader.BuiltinClassLoader::defineClass (121 bytes)
Event: 1.164 Thread 0x000002691d0b9ca0 nmethod 1001 0x000002690816d390 code [0x000002690816d6a0, 0x000002690816ea48]
Event: 1.164 Thread 0x000002691d0b9ca0 1002       3       jdk.internal.loader.ClassLoaders$AppClassLoader::defineOrCheckPackage (8 bytes)
Event: 1.164 Thread 0x000002691d0b9ca0 nmethod 1002 0x000002690816f110 code [0x000002690816f2a0, 0x000002690816f408]
Event: 60.464 Thread 0x000002691d0b9ca0 1003       3       jdk.internal.ref.PhantomCleanable::clean (16 bytes)
Event: 60.464 Thread 0x000002691d0b9ca0 nmethod 1003 0x000002690816f490 code [0x000002690816f660, 0x000002690816f928]
Event: 60.464 Thread 0x000002691d0b9ca0 1004       3       jdk.internal.ref.CleanerImpl$PhantomCleanableRef::performCleanup (10 bytes)
Event: 60.464 Thread 0x000002691d0b9ca0 nmethod 1004 0x000002690816fa10 code [0x000002690816fbc0, 0x000002690816fda8]

GC Heap History (2 events):
Event: 60.456 GC heap before
{Heap before GC invocations=0 (full 0):
 garbage-first heap   total 262144K, used 22528K [0x0000000701800000, 0x0000000800000000)
  region size 2048K, 11 young (22528K), 0 survivors (0K)
 Metaspace       used 5628K, committed 5824K, reserved 1056768K
  class space    used 563K, committed 640K, reserved 1048576K
}
Event: 60.463 GC heap after
{Heap after GC invocations=1 (full 0):
 garbage-first heap   total 262144K, used 3012K [0x0000000701800000, 0x0000000800000000)
  region size 2048K, 2 young (4096K), 2 survivors (4096K)
 Metaspace       used 5628K, committed 5824K, reserved 1056768K
  class space    used 563K, committed 640K, reserved 1048576K
}

Deoptimization events (20 events):
Event: 0.790 Thread 0x000002697a11e780 DEOPT PACKING pc=0x000002690f4e6080 sp=0x0000009c8ccfb080
Event: 0.790 Thread 0x000002697a11e780 DEOPT UNPACKING pc=0x0000026907a423a3 sp=0x0000009c8ccfb068 mode 2
Event: 0.885 Thread 0x000002697a11e780 Uncommon trap: trap_request=0xffffff45 fr.pc=0x000002690f50abb8 relative=0x0000000000000678
Event: 0.885 Thread 0x000002697a11e780 Uncommon trap: reason=unstable_if action=reinterpret pc=0x000002690f50abb8 method=java.lang.String.<init>([CIILjava/lang/Void;)V @ 43 c2
Event: 0.885 Thread 0x000002697a11e780 DEOPT PACKING pc=0x000002690f50abb8 sp=0x0000009c8ccfa940
Event: 0.885 Thread 0x000002697a11e780 DEOPT UNPACKING pc=0x0000026907a423a3 sp=0x0000009c8ccfa820 mode 2
Event: 0.885 Thread 0x000002697a11e780 Uncommon trap: trap_request=0xffffff45 fr.pc=0x000002690f4c8bac relative=0x00000000000001ac
Event: 0.885 Thread 0x000002697a11e780 Uncommon trap: reason=unstable_if action=reinterpret pc=0x000002690f4c8bac method=java.lang.String.isLatin1()Z @ 10 c2
Event: 0.885 Thread 0x000002697a11e780 DEOPT PACKING pc=0x000002690f4c8bac sp=0x0000009c8ccfa9c0
Event: 0.885 Thread 0x000002697a11e780 DEOPT UNPACKING pc=0x0000026907a423a3 sp=0x0000009c8ccfa8f0 mode 2
Event: 0.948 Thread 0x000002697a11e780 Uncommon trap: trap_request=0xffffff45 fr.pc=0x000002690f50de0c relative=0x000000000000006c
Event: 0.948 Thread 0x000002697a11e780 Uncommon trap: reason=unstable_if action=reinterpret pc=0x000002690f50de0c method=sun.net.www.ParseUtil.firstEncodeIndex(Ljava/lang/String;)I @ 51 c2
Event: 0.948 Thread 0x000002697a11e780 DEOPT PACKING pc=0x000002690f50de0c sp=0x0000009c8ccfd1d0
Event: 0.948 Thread 0x000002697a11e780 DEOPT UNPACKING pc=0x0000026907a423a3 sp=0x0000009c8ccfd168 mode 2
Event: 1.069 Thread 0x000002697a11e780 DEOPT PACKING pc=0x00000269081618b2 sp=0x0000009c8ccfd570
Event: 1.069 Thread 0x000002697a11e780 DEOPT UNPACKING pc=0x0000026907a42b43 sp=0x0000009c8ccfca88 mode 0
Event: 1.118 Thread 0x000002697a11e780 Uncommon trap: trap_request=0xffffff45 fr.pc=0x000002690f518e10 relative=0x0000000000000650
Event: 1.118 Thread 0x000002697a11e780 Uncommon trap: reason=unstable_if action=reinterpret pc=0x000002690f518e10 method=org.sqlite.SQLiteJDBCLoader.contentsEquals(Ljava/io/InputStream;Ljava/io/InputStream;)Z @ 39 c2
Event: 1.118 Thread 0x000002697a11e780 DEOPT PACKING pc=0x000002690f518e10 sp=0x0000009c8ccfd5b0
Event: 1.118 Thread 0x000002697a11e780 DEOPT UNPACKING pc=0x0000026907a423a3 sp=0x0000009c8ccfd588 mode 2

Classes unloaded (0 events):
No events

Classes redefined (1 events):
Event: 60.773 Thread 0x000002691d08feb0 redefined class name=dev.asor.univitatis.database.dao.AlunoDao, count=1

Internal exceptions (7 events):
Event: 0.541 Thread 0x000002697a11e780 Exception <a 'java/lang/NoSuchMethodError'{0x00000007110d4150}: 'java.lang.Object java.lang.invoke.DirectMethodHandle$Holder.invokeStaticInit(java.lang.Object)'> (0x00000007110d4150) 
thrown [e:\jenkins\tmp\workspace\build\src\src\hotspot\share\interpreter\linkResolver.cpp, line 766]
Event: 0.550 Thread 0x000002697a11e780 Exception <a 'java/lang/NoSuchMethodError'{0x00000007110fb480}: 'void java.lang.invoke.DirectMethodHandle$Holder.invokeStatic(java.lang.Object, java.lang.Object)'> (0x00000007110fb480) 
thrown [e:\jenkins\tmp\workspace\build\src\src\hotspot\share\interpreter\linkResolver.cpp, line 766]
Event: 0.689 Thread 0x000002697a11e780 Exception <a 'java/lang/NoSuchMethodError'{0x0000000710d7d2d0}: 'java.lang.Object java.lang.invoke.DirectMethodHandle$Holder.invokeInterface(java.lang.Object, java.lang.Object)'> (0x0000000710d7d2d0) 
thrown [e:\jenkins\tmp\workspace\build\src\src\hotspot\share\interpreter\linkResolver.cpp, line 766]
Event: 0.690 Thread 0x000002697a11e780 Exception <a 'java/lang/IncompatibleClassChangeError'{0x0000000710d80ac8}: Found class java.lang.Object, but interface was expected> (0x0000000710d80ac8) 
thrown [e:\jenkins\tmp\workspace\build\src\src\hotspot\share\interpreter\linkResolver.cpp, line 833]
Event: 0.717 Thread 0x000002697a11e780 Exception <a 'java/lang/NoSuchMethodError'{0x0000000710a325b8}: 'java.lang.Object java.lang.invoke.DirectMethodHandle$Holder.newInvokeSpecial(java.lang.Object, java.lang.Object, java.lang.Object, java.lang.Object, java.lang.Object)'> (0x0000000710a325b8) 
thrown [e:\jenkins\tmp\workspace\build\src\src\hotspot\share\interpreter\linkResolver.cpp, line 766]
Event: 0.953 Thread 0x000002697a11e780 Exception <a 'java/lang/NoSuchMethodError'{0x0000000710249df0}: 'java.lang.Object java.lang.invoke.DirectMethodHandle$Holder.invokeStaticInit(java.lang.Object, int, int, int, int)'> (0x0000000710249df0) 
thrown [e:\jenkins\tmp\workspace\build\src\src\hotspot\share\interpreter\linkResolver.cpp, line 766]
Event: 1.026 Thread 0x000002697a11e780 Exception <a 'java/lang/NoSuchMethodError'{0x0000000710283940}: 'java.lang.Object java.lang.invoke.DirectMethodHandle$Holder.invokeStaticInit(java.lang.Object, java.lang.Object, int, int, int, int)'> (0x0000000710283940) 
thrown [e:\jenkins\tmp\workspace\build\src\src\hotspot\share\interpreter\linkResolver.cpp, line 766]

VM Operations (20 events):
Event: 7.354 Executing VM operation: get/set locals
Event: 7.354 Executing VM operation: get/set locals done
Event: 7.355 Executing VM operation: get/set locals
Event: 7.355 Executing VM operation: get/set locals done
Event: 7.377 Executing VM operation: get/set locals
Event: 7.377 Executing VM operation: get/set locals done
Event: 7.379 Executing VM operation: get/set locals
Event: 7.379 Executing VM operation: get/set locals done
Event: 60.392 Executing VM operation: ChangeBreakpoints
Event: 60.392 Executing VM operation: ChangeBreakpoints done
Event: 60.450 Executing VM operation: ChangeSingleStep
Event: 60.450 Executing VM operation: ChangeSingleStep done
Event: 60.450 Executing VM operation: ChangeSingleStep
Event: 60.450 Executing VM operation: ChangeSingleStep done
Event: 60.456 Executing VM operation: G1CollectForAllocation
Event: 60.463 Executing VM operation: G1CollectForAllocation done
Event: 60.463 Executing VM operation: Cleanup
Event: 60.463 Executing VM operation: Cleanup done
Event: 60.760 Executing VM operation: RedefineClasses
Event: 60.778 Executing VM operation: RedefineClasses done

Events (20 events):
Event: 1.020 loading class sun/nio/fs/BasicFileAttributesHolder done
Event: 1.020 loading class sun/nio/fs/WindowsPath$WindowsPathWithAttributes done
Event: 1.028 loading class sun/security/provider/AbstractDrbg$NonceProvider
Event: 1.028 loading class sun/security/provider/AbstractDrbg$NonceProvider done
Event: 1.030 loading class java/io/FileOutputStream$1
Event: 1.030 loading class java/io/FileOutputStream$1 done
Event: 1.045 loading class java/io/DeleteOnExitHook
Event: 1.046 loading class java/io/DeleteOnExitHook done
Event: 1.046 loading class java/io/DeleteOnExitHook$1
Event: 1.046 loading class java/io/DeleteOnExitHook$1 done
Event: 1.143 Loaded shared library C:\Users\amaranth.rosa\AppData\Local\Temp\sqlite-3.36.0.3-a482a757-1c1b-4396-841f-6484c08ed1fb-sqlitejdbc.dll
Event: 1.144 Thread 0x000002691dffe390 Thread exited: 0x000002691dffe390
Event: 1.147 loading class java/util/concurrent/atomic/AtomicBoolean
Event: 1.147 loading class java/util/concurrent/atomic/AtomicBoolean done
Event: 1.158 loading class java/io/StringReader
Event: 1.158 loading class java/io/StringReader done
Event: 1.159 loading class java/util/regex/Pattern$BnM
Event: 1.159 loading class java/util/regex/Pattern$BnM done
Event: 1.160 loading class java/util/regex/Pattern$SliceS
Event: 1.160 loading class java/util/regex/Pattern$SliceS done


Dynamic libraries:
0x00007ff6f5ab0000 - 0x00007ff6f5abe000 	D:\dev\lib\temurin-jdk\jdk-17.0.2+8\bin\javaw.exe
0x00007ffba4820000 - 0x00007ffba4a29000 	C:\WINDOWS\SYSTEM32\ntdll.dll
0x00007ffba3260000 - 0x00007ffba331d000 	C:\WINDOWS\System32\KERNEL32.DLL
0x00007ffba2020000 - 0x00007ffba2394000 	C:\WINDOWS\System32\KERNELBASE.dll
0x00007ffb9ef70000 - 0x00007ffb9f001000 	C:\WINDOWS\SYSTEM32\apphelp.dll
0x00007ffba1e80000 - 0x00007ffba1f91000 	C:\WINDOWS\System32\ucrtbase.dll
0x00007ffb9ba40000 - 0x00007ffb9ba58000 	D:\dev\lib\temurin-jdk\jdk-17.0.2+8\bin\jli.dll
0x00007ffb9ba20000 - 0x00007ffb9ba39000 	D:\dev\lib\temurin-jdk\jdk-17.0.2+8\bin\VCRUNTIME140.dll
0x00007ffba3050000 - 0x00007ffba31fc000 	C:\WINDOWS\System32\USER32.dll
0x00007ffba1ce0000 - 0x00007ffba1d06000 	C:\WINDOWS\System32\win32u.dll
0x00007ffb91c70000 - 0x00007ffb91f15000 	C:\WINDOWS\WinSxS\amd64_microsoft.windows.common-controls_6595b64144ccf1df_6.0.22000.120_none_9d947278b86cc467\COMCTL32.dll
0x00007ffba41b0000 - 0x00007ffba4253000 	C:\WINDOWS\System32\msvcrt.dll
0x00007ffba2810000 - 0x00007ffba2839000 	C:\WINDOWS\System32\GDI32.dll
0x00007ffba24d0000 - 0x00007ffba25e2000 	C:\WINDOWS\System32\gdi32full.dll
0x00007ffba25f0000 - 0x00007ffba268d000 	C:\WINDOWS\System32\msvcp_win.dll
0x00007ffba4500000 - 0x00007ffba4531000 	C:\WINDOWS\System32\IMM32.DLL
0x00007ffb9def0000 - 0x00007ffb9defc000 	D:\dev\lib\temurin-jdk\jdk-17.0.2+8\bin\vcruntime140_1.dll
0x00007ffb9b960000 - 0x00007ffb9b9f1000 	D:\dev\lib\temurin-jdk\jdk-17.0.2+8\bin\msvcp140.dll
0x00007ffb19560000 - 0x00007ffb1a1a7000 	D:\dev\lib\temurin-jdk\jdk-17.0.2+8\bin\server\jvm.dll
0x00007ffba4260000 - 0x00007ffba430e000 	C:\WINDOWS\System32\ADVAPI32.dll
0x00007ffba2f00000 - 0x00007ffba2f9e000 	C:\WINDOWS\System32\sechost.dll
0x00007ffba2ce0000 - 0x00007ffba2e00000 	C:\WINDOWS\System32\RPCRT4.dll
0x00007ffba3320000 - 0x00007ffba3328000 	C:\WINDOWS\System32\PSAPI.DLL
0x00007ffb9a550000 - 0x00007ffb9a583000 	C:\WINDOWS\SYSTEM32\WINMM.dll
0x00007ffb82a30000 - 0x00007ffb82a39000 	C:\WINDOWS\SYSTEM32\WSOCK32.dll
0x00007ffba46c0000 - 0x00007ffba472f000 	C:\WINDOWS\System32\WS2_32.dll
0x00007ffb91a70000 - 0x00007ffb91a7a000 	C:\WINDOWS\SYSTEM32\VERSION.dll
0x00007ffba0db0000 - 0x00007ffba0dc8000 	C:\WINDOWS\SYSTEM32\kernel.appcore.dll
0x00007ffb9d120000 - 0x00007ffb9d12a000 	D:\dev\lib\temurin-jdk\jdk-17.0.2+8\bin\jimage.dll
0x00007ffb9f930000 - 0x00007ffb9fb51000 	C:\WINDOWS\SYSTEM32\DBGHELP.DLL
0x00007ffb7f640000 - 0x00007ffb7f671000 	C:\WINDOWS\SYSTEM32\dbgcore.DLL
0x00007ffba1fa0000 - 0x00007ffba201f000 	C:\WINDOWS\System32\bcryptPrimitives.dll
0x00007ffb969d0000 - 0x00007ffb96a0b000 	D:\dev\lib\temurin-jdk\jdk-17.0.2+8\bin\jdwp.dll
0x00007ffb9b950000 - 0x00007ffb9b95e000 	D:\dev\lib\temurin-jdk\jdk-17.0.2+8\bin\instrument.dll
0x00007ffb969a0000 - 0x00007ffb969c5000 	D:\dev\lib\temurin-jdk\jdk-17.0.2+8\bin\java.dll
0x00007ffb89c70000 - 0x00007ffb89d46000 	D:\dev\lib\temurin-jdk\jdk-17.0.2+8\bin\jsvml.dll
0x00007ffba3800000 - 0x00007ffba3fae000 	C:\WINDOWS\System32\SHELL32.dll
0x00007ffb9fdd0000 - 0x00007ffba0638000 	C:\WINDOWS\SYSTEM32\windows.storage.dll
0x00007ffba2840000 - 0x00007ffba2bb8000 	C:\WINDOWS\System32\combase.dll
0x00007ffb9fc60000 - 0x00007ffb9fdc6000 	C:\WINDOWS\SYSTEM32\wintypes.dll
0x00007ffba4540000 - 0x00007ffba462a000 	C:\WINDOWS\System32\SHCORE.dll
0x00007ffba4150000 - 0x00007ffba41ad000 	C:\WINDOWS\System32\shlwapi.dll
0x00007ffba1c10000 - 0x00007ffba1c31000 	C:\WINDOWS\SYSTEM32\profapi.dll
0x00007ffb96990000 - 0x00007ffb9699c000 	D:\dev\lib\temurin-jdk\jdk-17.0.2+8\bin\dt_socket.dll
0x00007ffba08d0000 - 0x00007ffba08fd000 	C:\WINDOWS\SYSTEM32\IPHLPAPI.DLL
0x00007ffba1280000 - 0x00007ffba12e7000 	C:\WINDOWS\system32\mswsock.dll
0x00007ffba0990000 - 0x00007ffba0a77000 	C:\WINDOWS\SYSTEM32\DNSAPI.dll
0x00007ffba2ef0000 - 0x00007ffba2ef9000 	C:\WINDOWS\System32\NSI.dll
0x00007ffb92d90000 - 0x00007ffb92d9a000 	C:\Windows\System32\rasadhlp.dll
0x00007ffb96100000 - 0x00007ffb96181000 	C:\WINDOWS\System32\fwpuclnt.dll
0x00007ffb96970000 - 0x00007ffb96988000 	D:\dev\lib\temurin-jdk\jdk-17.0.2+8\bin\zip.dll
0x00007ffb92a20000 - 0x00007ffb92a39000 	D:\dev\lib\temurin-jdk\jdk-17.0.2+8\bin\net.dll
0x00007ffb99cf0000 - 0x00007ffb99dfc000 	C:\WINDOWS\SYSTEM32\WINHTTP.dll
0x00007ffb92a00000 - 0x00007ffb92a15000 	D:\dev\lib\temurin-jdk\jdk-17.0.2+8\bin\nio.dll
0x00007ffb914b0000 - 0x00007ffb914c0000 	D:\dev\lib\temurin-jdk\jdk-17.0.2+8\bin\verify.dll
0x00007ffb99be0000 - 0x00007ffb99bf9000 	C:\WINDOWS\SYSTEM32\dhcpcsvc6.DLL
0x00007ffb99e60000 - 0x00007ffb99e7e000 	C:\WINDOWS\SYSTEM32\dhcpcsvc.DLL
0x00007ffba1540000 - 0x00007ffba1558000 	C:\WINDOWS\SYSTEM32\CRYPTSP.dll
0x00007ffba0d00000 - 0x00007ffba0d35000 	C:\WINDOWS\system32\rsaenh.dll
0x00007ffba13a0000 - 0x00007ffba13c9000 	C:\WINDOWS\SYSTEM32\USERENV.dll
0x00007ffba16c0000 - 0x00007ffba16e7000 	C:\WINDOWS\SYSTEM32\bcrypt.dll
0x00007ffba1560000 - 0x00007ffba156c000 	C:\WINDOWS\SYSTEM32\CRYPTBASE.dll
0x0000000070bc0000 - 0x0000000070c9c000 	C:\Users\amaranth.rosa\AppData\Local\Temp\sqlite-3.36.0.3-a482a757-1c1b-4396-841f-6484c08ed1fb-sqlitejdbc.dll

dbghelp: loaded successfully - version: 4.0.5 - missing functions: none
symbol engine: initialized successfully - sym options: 0x614 - pdb path: .;D:\dev\lib\temurin-jdk\jdk-17.0.2+8\bin;C:\WINDOWS\SYSTEM32;C:\WINDOWS\WinSxS\amd64_microsoft.windows.common-controls_6595b64144ccf1df_6.0.22000.120_none_9d947278b86cc467;D:\dev\lib\temurin-jdk\jdk-17.0.2+8\bin\server;C:\Users\amaranth.rosa\AppData\Local\Temp

VM Arguments:
jvm_args: -XX:+ShowCodeDetailsInExceptionMessages -agentlib:jdwp=transport=dt_socket,suspend=y,address=localhost:61806 -ea -javaagent:C:\Users\amaranth.rosa\eclipse\java-2022-03\eclipse\configuration\org.eclipse.osgi\225\0\.cp\lib\javaagent-shaded.jar -Dfile.encoding=UTF-8 
java_command: org.eclipse.jdt.internal.junit.runner.RemoteTestRunner -version 3 -port 61805 -testLoaderClass org.eclipse.jdt.internal.junit4.runner.JUnit4TestLoader -loaderpluginname org.eclipse.jdt.junit4.runtime -test dev.asor.univitatis.database.dao.AlunoDaoTest:insertAlunoThrowException
java_class_path (initial): D:\dev\git\@samuel.rockenbach\universum-univitatis\target\test-classes;D:\dev\git\@samuel.rockenbach\universum-univitatis\target\classes;C:\Users\amaranth.rosa\eclipse\java-2022-03\eclipse\plugins\org.junit_4.13.2.v20211018-1956.jar;C:\Users\amaranth.rosa\eclipse\java-2022-03\eclipse\plugins\org.hamcrest.core_1.3.0.v20180420-1519.jar;C:\Users\amaranth.rosa\.m2\repository\org\xerial\sqlite-jdbc\3.36.0.3\sqlite-jdbc-3.36.0.3.jar;C:\Users\amaranth.rosa\eclipse\java-2022-03\eclipse\configuration\org.eclipse.osgi\223\0\.cp;C:\Users\amaranth.rosa\eclipse\java-2022-03\eclipse\configuration\org.eclipse.osgi\222\0\.cp
Launcher Type: SUN_STANDARD

[Global flags]
     intx CICompilerCount                          = 4                                         {product} {ergonomic}
     uint ConcGCThreads                            = 2                                         {product} {ergonomic}
     uint G1ConcRefinementThreads                  = 8                                         {product} {ergonomic}
   size_t G1HeapRegionSize                         = 2097152                                   {product} {ergonomic}
    uintx GCDrainStackTargetSize                   = 64                                        {product} {ergonomic}
   size_t InitialHeapSize                          = 268435456                                 {product} {ergonomic}
   size_t MarkStackSize                            = 4194304                                   {product} {ergonomic}
   size_t MaxHeapSize                              = 4269801472                                {product} {ergonomic}
   size_t MaxNewSize                               = 2560622592                                {product} {ergonomic}
   size_t MinHeapDeltaBytes                        = 2097152                                   {product} {ergonomic}
   size_t MinHeapSize                              = 8388608                                   {product} {ergonomic}
    uintx NonNMethodCodeHeapSize                   = 5839372                                {pd product} {ergonomic}
    uintx NonProfiledCodeHeapSize                  = 122909434                              {pd product} {ergonomic}
    uintx ProfiledCodeHeapSize                     = 122909434                              {pd product} {ergonomic}
    uintx ReservedCodeCacheSize                    = 251658240                              {pd product} {ergonomic}
     bool SegmentedCodeCache                       = true                                      {product} {ergonomic}
     bool ShowCodeDetailsInExceptionMessages       = true                                   {manageable} {command line}
   size_t SoftMaxHeapSize                          = 4269801472                             {manageable} {ergonomic}
     bool UseCompressedClassPointers               = true                           {product lp64_product} {ergonomic}
     bool UseCompressedOops                        = true                           {product lp64_product} {ergonomic}
     bool UseG1GC                                  = true                                      {product} {ergonomic}
     bool UseLargePagesIndividualAllocation        = false                                  {pd product} {ergonomic}

Logging:
Log output configuration:
 #0: stdout all=warning uptime,level,tags
 #1: stderr all=off uptime,level,tags

Environment Variables:
JAVA_HOME=D:\dev\lib\temurin-jdk\jdk-17.0.2+8\
PATH=C:/Users/amaranth.rosa/eclipse/java-2022-03/eclipse//plugins/org.eclipse.justj.openjdk.hotspot.jre.full.win32.x86_64_17.0.2.v20220201-1208/jre/bin/server;C:/Users/amaranth.rosa/eclipse/java-2022-03/eclipse//plugins/org.eclipse.justj.openjdk.hotspot.jre.full.win32.x86_64_17.0.2.v20220201-1208/jre/bin;D:\dev\lib\temurin-jdk\jdk-11.0.14.1+1\\bin;D:\dev\apps\apache-maven-3.8.4\bin;C:\Program Files\Git\usr\bin;C:\Program Files\Git\bin;C:\Program Files\Python310\Scripts\;C:\Program Files\Python310\;C:\WINDOWS\system32;C:\WINDOWS;C:\WINDOWS\System32\Wbem;C:\WINDOWS\System32\WindowsPowerShell\v1.0\;C:\WINDOWS\System32\OpenSSH\;C:\Program Files\Intel\WiFi\bin\;C:\Program Files\Common Files\Intel\WirelessCommon\;D:\dev\apps\mysql\bin;D:\dev\apps\php7_x64;C:\Program Files\PostgreSQL\14\\bin;D:\dev\apps\nvim-win64\Neovim\bin;C:\Program Files\SSHFS-Win\bin;C:\Program Files\nodejs\;D:\dev\apps\sqlite-tools;C:\Program Files\Docker\Docker\resources\bin;C:\ProgramData\DockerDesktop\version-bin;C:\Program Files (x86)\Intel\Intel(R) Management Engine Components\DAL;C:\Program Files\Intel\Intel(R) Management Engine Components\DAL;D:\dev\apps\rclone;C:\Program Files\PowerShell\7\;C:\Users\amaranth.rosa\AppData\Local\Programs\Hyper;C:\ProgramFiles\Python\Python310\Scripts\;C:\ProgramFiles\Python\Python310\;C:\Users\amaranth.rosa\AppData\Local\Microsoft\WindowsApps;C:\Users\amaranth.rosa\AppData\Local\GitHubDesktop\bin;C:\dev\apps\Microsoft VS Code\Microsoft VS Code\bin;C:\ProgramFiles\Microsoft\Microsoft VS Code\bin;C:\Users\amaranth.rosa\AppData\Local\Programs\Microsoft VS Code\bin;C:\Users\amaranth.rosa\AppData\Local\Microsoft\WindowsApps;C:\Users\amaranth.rosa\AppData\Roaming\npm;C:\Users\amaranth.rosa\go\bin;C:\Users\amaranth.rosa\AppData\Local\Programs\Hyper\resources\bin;C:\Users\amaranth.rosa\eclipse\java-2022-03\eclipse;
USERNAME=amaranth.rosa
OS=Windows_NT
PROCESSOR_IDENTIFIER=Intel64 Family 6 Model 142 Stepping 10, GenuineIntel



---------------  S Y S T E M  ---------------

OS:
 Windows 11 , 64 bit Build 22000 (10.0.22000.434)
OS uptime: 1 days 15:06 hours
Hyper-V role detected

CPU: total 8 (initial active 8) (4 cores per cpu, 2 threads per core) family 6 model 142 stepping 10 microcode 0xec, cx8, cmov, fxsr, ht, mmx, 3dnowpref, sse, sse2, sse3, ssse3, sse4.1, sse4.2, popcnt, lzcnt, tsc, tscinvbit, avx, avx2, aes, erms, clmul, bmi1, bmi2, adx, fma, vzeroupper, clflush, clflushopt, hv

Memory: 4k page, system-wide physical 16281M (8240M free)
TotalPageFile size 19865M (AvailPageFile size 9154M)
current process WorkingSet (physical memory assigned to process): 71M, peak: 73M
current process commit charge ("private bytes"): 352M, peak: 357M

vm_info: OpenJDK 64-Bit Server VM (17.0.2+8) for windows-amd64 JRE (17.0.2+8), built on Jan 20 2022 04:52:34 by "" with MS VC++ 16.7 (VS2019)

END.
