#
# A fatal error has been detected by the Java Runtime Environment:
#
#  EXCEPTION_ACCESS_VIOLATION (0xc0000005) at pc=0x00007fff181ed69a, pid=2596, tid=11344
#
# JRE version: OpenJDK Runtime Environment Temurin-17.0.2+8 (17.0.2+8) (build 17.0.2+8)
# Java VM: OpenJDK 64-Bit Server VM Temurin-17.0.2+8 (17.0.2+8, mixed mode, sharing, tiered, compressed oops, compressed class ptrs, g1 gc, windows-amd64)
# Problematic frame:
# V  [jvm.dll+0x79d69a]
#
# No core dump will be written. Minidumps are not enabled by default on client versions of Windows
#
# If you would like to submit a bug report, please visit:
#   https://github.com/adoptium/adoptium-support/issues
#

---------------  S U M M A R Y ------------

Command Line: -XX:+ShowCodeDetailsInExceptionMessages -agentlib:jdwp=transport=dt_socket,suspend=y,address=localhost:62565 -javaagent:C:\Users\samuel.rockenbach\.bin\eclipse-2022\eclipse\configuration\org.eclipse.osgi\225\0\.cp\lib\javaagent-shaded.jar -Dfile.encoding=UTF-8 dev.asor.univitatis.UnivitatisApp

Host: Intel(R) Core(TM) i5-4590 CPU @ 3.30GHz, 4 cores, 7G,  Windows 10 , 64 bit Build 19041 (10.0.19041.1503)
Time: Wed May 25 19:27:07 2022 Hora oficial do Brasil elapsed time: 119.189539 seconds (0d 0h 1m 59s)

---------------  T H R E A D  ---------------

Current thread (0x000002d0ba28ab30):  JavaThread "JDWP Transport Listener: dt_socket" daemon [_thread_in_vm, id=11344, stack(0x000000e8b8e00000,0x000000e8b8f00000)]

Stack: [0x000000e8b8e00000,0x000000e8b8f00000],  sp=0x000000e8b8eff8d0,  free space=1022k
Native frames: (J=compiled Java code, j=interpreted, Vv=VM code, C=native code)
V  [jvm.dll+0x79d69a]
V  [jvm.dll+0x50842c]
V  [jvm.dll+0x4cfa94]
C  [jdwp.dll+0x22dff]


siginfo: EXCEPTION_ACCESS_VIOLATION (0xc0000005), reading address 0x00000000002600d0


Register to memory mapping:

RIP=0x00007fff181ed69a jvm.dll
RAX=0x00000000000000cd is an unknown value
RBX=0x000002d0ba18386d points into unknown readable memory: 50 65 73
RCX=0x00000000002600cc is an unknown value
RDX=0x000002d0ba4b1510 points into unknown readable memory: 0x6f73612f7665644c | 4c 64 65 76 2f 61 73 6f
RSP=0x000000e8b8eff8d0 is pointing into the stack for thread: 0x000002d0ba28ab30
RBP=0x000002d0ba27ea30 points into unknown readable memory: 0x0034004200000002 | 02 00 00 00 42 00 34 00
RSI=0x0 is NULL
RDI=0xffffffffffffffff is an unknown value
R8 =0x0000000000000052 is an unknown value
R9 =0x000000000000003e is an unknown value
R10=0x0000000000000040 is an unknown value
R11=0x000000e8b8eff8f0 is pointing into the stack for thread: 0x000002d0ba28ab30
R12=0x000000e8b8effa28 is pointing into the stack for thread: 0x000002d0ba28ab30
R13=0x0 is NULL
R14=0x0000000800da5428 is a pointer to class: 
dev.asor.univitatis.database.dao.PessoaDao {0x0000000800da5430}
 - instance size:     3
 - klass size:        96
 - access:            public synchronized 
 - state:             fully_initialized
 - name:              'dev/asor/univitatis/database/dao/PessoaDao'
 - super:             'dev/asor/univitatis/database/dao/GenericDao'
 - sub:               
 - arrays:            NULL
 - methods:           Array<T>(0x000002d0be115a70)
 - method ordering:   Array<T>(0x000002d0be1164b8)
 - default_methods:   Array<T>(0x0000000000000000)
 - local interfaces:  Array<T>(0x000002d0be101ba0)
 - trans. interfaces: Array<T>(0x000002d0be100fd0)
 - constants:         constant pool [207] {0x000002d0be117490} for 'dev/asor/univitatis/database/dao/PessoaDao' cache=0x000002d0be118000
 - class loader data:  loader data: 0x000002d0ba1c9cd0 for instance a 'jdk/internal/loader/ClassLoaders$AppClassLoader'{0x0000000080a77a00}
 - source file:       'PessoaDao.java'
 - source debug extension:       SMAP
PessoaDao.java
Java
*S jdt
*F
1 PessoaDao.java
2 file:/C:/Users/samuel.rockenbach/.projects/java/universum-universitatis/target/classes/
*L
*E

 - class annotations:       Array<T>(0x0000000000000000)
 - class type annotations:  Array<T>(0x0000000000000000)
 - field annotations:       Array<T>(0x0000000000000000)
 - field type annotations:  Array<T>(0x0000000000000000)
 - generic signature: '
[error occurred during error reporting (printing register info), id 0xc0000005, EXCEPTION_ACCESS_VIOLATION (0xc0000005) at pc=0x00007fff181ee2a6]

Registers:
RAX=0x00000000000000cd, RBX=0x000002d0ba18386d, RCX=0x00000000002600cc, RDX=0x000002d0ba4b1510
RSP=0x000000e8b8eff8d0, RBP=0x000002d0ba27ea30, RSI=0x0000000000000000, RDI=0xffffffffffffffff
R8 =0x0000000000000052, R9 =0x000000000000003e, R10=0x0000000000000040, R11=0x000000e8b8eff8f0
R12=0x000000e8b8effa28, R13=0x0000000000000000, R14=0x0000000800da5428, R15=0x000000e8b8effa78
RIP=0x00007fff181ed69a, EFLAGS=0x0000000000010202

Top of Stack: (sp=0x000000e8b8eff8d0)
0x000000e8b8eff8d0:   000000000000002a 0000000800da5428
0x000000e8b8eff8e0:   000002d0ba28ab30 0000000000000000
0x000000e8b8eff8f0:   ffffffffffffffff 00007fff17f5842c
0x000000e8b8eff900:   000002d0ba18386d 000002d0ba183840
0x000000e8b8eff910:   000002d0ba27ea30 000002d0bae4a240
0x000000e8b8eff920:   000002d0ba183800 00000000000003d8
0x000000e8b8eff930:   000002d0ba183810 000002d0ba183be8
0x000000e8b8eff940:   0000000000000002 000000e8b8effa28
0x000000e8b8eff950:   0000000000000000 0000000000000000
0x000000e8b8eff960:   000000008666fd78 00007fff17f1fa94
0x000000e8b8eff970:   000002d0ba28ab30 000000e8b8effa78
0x000000e8b8eff980:   000002d09bc3d370 000000e8b8effa78
0x000000e8b8eff990:   000002d0ba28ab30 0000000000000000
0x000000e8b8eff9a0:   000002d000000000 0000000000000000
0x000000e8b8eff9b0:   000000000000000d 00007fff6d832dff
0x000000e8b8eff9c0:   000000e8b8effa70 00007fff6d841aa0 

Instructions: (pc=0x00007fff181ed69a)
0x00007fff181ed59a:   48 83 c4 20 5f e9 4c 8d 90 ff cc cc cc cc cc cc
0x00007fff181ed5aa:   cc cc cc cc cc cc 48 89 5c 24 08 57 48 83 ec 20
0x00007fff181ed5ba:   83 fa 02 8d 42 06 b9 08 00 00 00 49 8b d8 0f 4e
0x00007fff181ed5ca:   c1 48 63 c8 48 83 c1 07 83 e1 f8 48 63 f9 49 8b
0x00007fff181ed5da:   48 18 48 8b c7 48 f7 d0 48 3b c1 73 16 4c 8d 05
0x00007fff181ed5ea:   da 4c 17 00 48 8b d7 48 8b cb e8 57 f0 90 ff 48
0x00007fff181ed5fa:   8b 4b 18 48 8d 04 39 48 3b 43 20 76 18 45 33 c0
0x00007fff181ed60a:   48 8b d7 48 8b cb 48 8b 5c 24 30 48 83 c4 20 5f
0x00007fff181ed61a:   e9 b1 ec 90 ff 48 89 43 18 48 8b c1 48 8b 5c 24
0x00007fff181ed62a:   30 48 83 c4 20 5f c3 cc cc cc cc cc cc cc cc cc
0x00007fff181ed63a:   cc cc cc cc cc cc 4c 8b d2 4c 8b d9 45 85 c0 7e
0x00007fff181ed64a:   3c 44 0f b7 49 04 41 8d 40 ff 41 3b c1 44 0f 4c
0x00007fff181ed65a:   c8 4d 63 c1 45 85 c9 7e 1f 48 8b c2 4c 2b da 49
0x00007fff181ed66a:   8b d0 0f 1f 40 00 41 0f b6 4c 03 06 88 08 48 8d
0x00007fff181ed67a:   40 01 48 83 ea 01 75 ee 43 c6 04 10 00 49 8b c2
0x00007fff181ed68a:   c3 cc cc cc cc cc 48 89 5c 24 08 57 48 83 ec 20
0x00007fff181ed69a:   0f b7 59 04 48 8b f9 33 d2 48 8d 4b 01 e8 84 df
0x00007fff181ed6aa:   f2 ff 0f b7 57 04 4c 8b c0 3b da 0f 42 d3 44 8b
0x00007fff181ed6ba:   ca 85 d2 74 39 48 2b f8 0f 1f 40 00 66 66 0f 1f
0x00007fff181ed6ca:   84 00 00 00 00 00 0f b6 4c 07 06 88 08 48 ff c0
0x00007fff181ed6da:   48 8b c8 49 2b c8 49 3b c9 7c eb 42 c6 04 02 00
0x00007fff181ed6ea:   49 8b c0 48 8b 5c 24 30 48 83 c4 20 5f c3 48 8b
0x00007fff181ed6fa:   5c 24 30 c6 04 02 00 48 83 c4 20 5f c3 cc cc cc
0x00007fff181ed70a:   cc cc cc cc cc cc 4c 8b d1 45 85 c0 7e 6c 44 0f
0x00007fff181ed71a:   b7 49 04 41 8d 40 ff 41 3b c1 44 0f 4c c8 4d 63
0x00007fff181ed72a:   d9 45 85 c9 7e 22 48 8b ca 4c 2b d2 4d 8b c3 0f
0x00007fff181ed73a:   1f 80 00 00 00 00 41 0f b6 44 0a 06 88 01 48 8d
0x00007fff181ed74a:   49 01 49 83 e8 01 75 ee 41 c6 04 13 00 48 c7 c0
0x00007fff181ed75a:   ff ff ff ff 66 90 48 ff c0 80 3c 02 00 75 f7 48
0x00007fff181ed76a:   63 c8 85 c0 48 8b c2 7e 14 80 38 2f 75 03 c6 00
0x00007fff181ed77a:   2e 48 ff c0 48 83 e9 01 75 ef 48 8b c2 c3 cc cc
0x00007fff181ed78a:   cc cc cc cc cc cc 48 83 ec 28 e8 f7 fe ff ff 4c 


Stack slot to memory mapping:
stack at sp + 0 slots: 0x000000000000002a is an unknown value
stack at sp + 1 slots: 0x0000000800da5428 is a pointer to class: 
dev.asor.univitatis.database.dao.PessoaDao {0x0000000800da5430}
 - instance size:     3
 - klass size:        96
 - access:            public synchronized 
 - state:             fully_initialized
 - name:              'dev/asor/univitatis/database/dao/PessoaDao'
 - super:             'dev/asor/univitatis/database/dao/GenericDao'
 - sub:               
 - arrays:            NULL
 - methods:           Array<T>(0x000002d0be115a70)
 - method ordering:   Array<T>(0x000002d0be1164b8)
 - default_methods:   Array<T>(0x0000000000000000)
 - local interfaces:  Array<T>(0x000002d0be101ba0)
 - trans. interfaces: Array<T>(0x000002d0be100fd0)
 - constants:         constant pool [207] {0x000002d0be117490} for 'dev/asor/univitatis/database/dao/PessoaDao' cache=0x000002d0be118000
 - class loader data:  loader data: 0x000002d0ba1c9cd0 for instance a 'jdk/internal/loader/ClassLoaders$AppClassLoader'{0x0000000080a77a00}
 - source file:       'PessoaDao.java'
 - source debug extension:       SMAP
PessoaDao.java
Java
*S jdt
*F
1 PessoaDao.java
2 file:/C:/Users/samuel.rockenbach/.projects/java/universum-universitatis/target/classes/
*L
*E

 - class annotations:       Array<T>(0x0000000000000000)
 - class type annotations:  Array<T>(0x0000000000000000)
 - field annotations:       Array<T>(0x0000000000000000)
 - field type annotations:  Array<T>(0x0000000000000000)
 - generic signature: '
[error occurred during error reporting (inspecting top of stack), id 0xc0000005, EXCEPTION_ACCESS_VIOLATION (0xc0000005) at pc=0x00007fff181ee2a6]


---------------  P R O C E S S  ---------------

Threads class SMR info:
_java_thread_list=0x000002d0badf17b0, length=22, elements={
0x000002d0b9748fd0, 0x000002d0b974b090, 0x000002d0b975ae60, 0x000002d0b975b810,
0x000002d0b975c1c0, 0x000002d0b975cb70, 0x000002d0b9766870, 0x000002d0b9772f30,
0x000002d0b9783900, 0x000002d0b9731520, 0x000002d0ba28ab30, 0x000002d0ba28d7f0,
0x000002d0ba28e070, 0x000002d0ba3fa9e0, 0x000002d0ba947180, 0x000002d0ba947650,
0x000002d0baa79010, 0x000002d0baa991e0, 0x000002d0baaabbf0, 0x000002d0bab08c00,
0x000002d0bab06580, 0x000002d0bab07d90
}

Java Threads: ( => current thread )
  0x000002d0b9748fd0 JavaThread "Reference Handler" daemon [_thread_blocked, id=15068, stack(0x000000e8b8400000,0x000000e8b8500000)]
  0x000002d0b974b090 JavaThread "Finalizer" daemon [_thread_blocked, id=17700, stack(0x000000e8b8500000,0x000000e8b8600000)]
  0x000002d0b975ae60 JavaThread "Signal Dispatcher" daemon [_thread_blocked, id=16972, stack(0x000000e8b8600000,0x000000e8b8700000)]
  0x000002d0b975b810 JavaThread "Attach Listener" daemon [_thread_blocked, id=10480, stack(0x000000e8b8700000,0x000000e8b8800000)]
  0x000002d0b975c1c0 JavaThread "Service Thread" daemon [_thread_blocked, id=16264, stack(0x000000e8b8800000,0x000000e8b8900000)]
  0x000002d0b975cb70 JavaThread "Monitor Deflation Thread" daemon [_thread_blocked, id=15044, stack(0x000000e8b8900000,0x000000e8b8a00000)]
  0x000002d0b9766870 JavaThread "C2 CompilerThread0" daemon [_thread_blocked, id=3184, stack(0x000000e8b8a00000,0x000000e8b8b00000)]
  0x000002d0b9772f30 JavaThread "C1 CompilerThread0" daemon [_thread_blocked, id=14192, stack(0x000000e8b8b00000,0x000000e8b8c00000)]
  0x000002d0b9783900 JavaThread "Sweeper thread" daemon [_thread_blocked, id=7252, stack(0x000000e8b8c00000,0x000000e8b8d00000)]
  0x000002d0b9731520 JavaThread "Common-Cleaner" daemon [_thread_blocked, id=7500, stack(0x000000e8b8d00000,0x000000e8b8e00000)]
=>0x000002d0ba28ab30 JavaThread "JDWP Transport Listener: dt_socket" daemon [_thread_in_vm, id=11344, stack(0x000000e8b8e00000,0x000000e8b8f00000)]
  0x000002d0ba28d7f0 JavaThread "JDWP Event Helper Thread" daemon [_thread_blocked, id=8284, stack(0x000000e8b8f00000,0x000000e8b9000000)]
  0x000002d0ba28e070 JavaThread "JDWP Command Reader" daemon [_thread_in_native, id=13656, stack(0x000000e8b9000000,0x000000e8b9100000)]
  0x000002d0ba3fa9e0 JavaThread "Notification Thread" daemon [_thread_blocked, id=14824, stack(0x000000e8b9200000,0x000000e8b9300000)]
  0x000002d0ba947180 JavaThread "Java2D Disposer" daemon [_thread_blocked, id=8304, stack(0x000000e8b9400000,0x000000e8b9500000)]
  0x000002d0ba947650 JavaThread "AWT-Shutdown" [_thread_blocked, id=2956, stack(0x000000e8b9500000,0x000000e8b9600000)]
  0x000002d0baa79010 JavaThread "AWT-Windows" daemon [_thread_in_native, id=1772, stack(0x000000e8b9600000,0x000000e8b9700000)]
  0x000002d0baa991e0 JavaThread "EventQueueMonitor-ComponentEvtDispatch" daemon [_thread_blocked, id=16572, stack(0x000000e8b9700000,0x000000e8b9800000)]
  0x000002d0baaabbf0 JavaThread "Thread-1" daemon [_thread_in_native, id=11636, stack(0x000000e8b9800000,0x000000e8b9900000)]
  0x000002d0bab08c00 JavaThread "AWT-EventQueue-0" [_thread_blocked, id=10748, stack(0x000000e8b9c00000,0x000000e8b9d00000)]
  0x000002d0bab06580 JavaThread "DestroyJavaVM" [_thread_blocked, id=12164, stack(0x000000e8b7d00000,0x000000e8b7e00000)]
  0x000002d0bab07d90 JavaThread "TimerQueue" daemon [_thread_blocked, id=760, stack(0x000000e8ba000000,0x000000e8ba100000)]

Other Threads:
  0x000002d0b9743c70 VMThread "VM Thread" [stack: 0x000000e8b8300000,0x000000e8b8400000] [id=9956]
  0x000002d0ba50ec00 WatcherThread [stack: 0x000000e8b9300000,0x000000e8b9400000] [id=13608]
  0x000002d09bc8de40 GCTaskThread "GC Thread#0" [stack: 0x000000e8b7e00000,0x000000e8b7f00000] [id=11248]
  0x000002d0bab910a0 GCTaskThread "GC Thread#1" [stack: 0x000000e8b9900000,0x000000e8b9a00000] [id=12604]
  0x000002d0bab91350 GCTaskThread "GC Thread#2" [stack: 0x000000e8b9a00000,0x000000e8b9b00000] [id=12304]
  0x000002d0bab91600 GCTaskThread "GC Thread#3" [stack: 0x000000e8b9b00000,0x000000e8b9c00000] [id=12824]
  0x000002d09bc9eae0 ConcurrentGCThread "G1 Main Marker" [stack: 0x000000e8b7f00000,0x000000e8b8000000] [id=2960]
  0x000002d09bc9f390 ConcurrentGCThread "G1 Conc#0" [stack: 0x000000e8b8000000,0x000000e8b8100000] [id=7840]
  0x000002d09bd1bcd0 ConcurrentGCThread "G1 Refine#0" [stack: 0x000000e8b8100000,0x000000e8b8200000] [id=14348]
  0x000002d09bd1d5a0 ConcurrentGCThread "G1 Service" [stack: 0x000000e8b8200000,0x000000e8b8300000] [id=11688]

Threads with active compile tasks:

VM state: not at safepoint (normal execution)

VM Mutex/Monitor currently owned by a thread: None

Heap address: 0x0000000080a00000, size: 2038 MB, Compressed Oops mode: 32-bit

CDS archive(s) mapped at: [0x0000000800000000-0x0000000800bc0000-0x0000000800bc0000), size 12320768, SharedBaseAddress: 0x0000000800000000, ArchiveRelocationMode: 0.
Compressed class space mapped at: 0x0000000800c00000-0x0000000840c00000, reserved size: 1073741824
Narrow klass base: 0x0000000800000000, Narrow klass shift: 0, Narrow klass range: 0x100000000

GC Precious Log:
 CPUs: 4 total, 4 available
 Memory: 8144M
 Large Page Support: Disabled
 NUMA Support: Disabled
 Compressed Oops: Enabled (32-bit)
 Heap Region Size: 1M
 Heap Min Capacity: 8M
 Heap Initial Capacity: 128M
 Heap Max Capacity: 2038M
 Pre-touch: Disabled
 Parallel Workers: 4
 Concurrent Workers: 1
 Concurrent Refinement Workers: 4
 Periodic GC: Disabled

Heap:
 garbage-first heap   total 131072K, used 54581K [0x0000000080a00000, 0x0000000100000000)
  region size 1024K, 42 young (43008K), 3 survivors (3072K)
 Metaspace       used 18867K, committed 19136K, reserved 1073152K
  class space    used 2024K, committed 2176K, reserved 1048576K

Heap Regions: E=young(eden), S=young(survivor), O=old, HS=humongous(starts), HC=humongous(continues), CS=collection set, F=free, OA=open archive, CA=closed archive, TAMS=top-at-mark-start (previous, next)
|   0|0x0000000080a00000, 0x0000000080b00000, 0x0000000080b00000|100%| O|  |TAMS 0x0000000080a00000, 0x0000000080a00000| Untracked 
|   1|0x0000000080b00000, 0x0000000080c00000, 0x0000000080c00000|100%|HS|  |TAMS 0x0000000080b00000, 0x0000000080b00000| Complete 
|   2|0x0000000080c00000, 0x0000000080d00000, 0x0000000080d00000|100%|HC|  |TAMS 0x0000000080c00000, 0x0000000080c00000| Complete 
|   3|0x0000000080d00000, 0x0000000080e00000, 0x0000000080e00000|100%|HS|  |TAMS 0x0000000080d00000, 0x0000000080d00000| Complete 
|   4|0x0000000080e00000, 0x0000000080f00000, 0x0000000080f00000|100%|HS|  |TAMS 0x0000000080e00000, 0x0000000080e00000| Complete 
|   5|0x0000000080f00000, 0x0000000081000000, 0x0000000081000000|100%| O|  |TAMS 0x0000000080f00000, 0x0000000080f00000| Untracked 
|   6|0x0000000081000000, 0x000000008106e400, 0x0000000081100000| 43%| O|  |TAMS 0x0000000081000000, 0x0000000081000000| Untracked 
|   7|0x0000000081100000, 0x0000000081200000, 0x0000000081200000|100%|HS|  |TAMS 0x0000000081100000, 0x0000000081100000| Complete 
|   8|0x0000000081200000, 0x0000000081300000, 0x0000000081300000|100%|HC|  |TAMS 0x0000000081200000, 0x0000000081200000| Complete 
|   9|0x0000000081300000, 0x0000000081400000, 0x0000000081400000|100%|HS|  |TAMS 0x0000000081300000, 0x0000000081300000| Complete 
|  10|0x0000000081400000, 0x0000000081500000, 0x0000000081500000|100%|HC|  |TAMS 0x0000000081400000, 0x0000000081400000| Complete 
|  11|0x0000000081500000, 0x0000000081600000, 0x0000000081600000|100%|HS|  |TAMS 0x0000000081500000, 0x0000000081500000| Complete 
|  12|0x0000000081600000, 0x0000000081700000, 0x0000000081700000|100%|HC|  |TAMS 0x0000000081600000, 0x0000000081600000| Complete 
|  13|0x0000000081700000, 0x0000000081700000, 0x0000000081800000|  0%| F|  |TAMS 0x0000000081700000, 0x0000000081700000| Untracked 
|  14|0x0000000081800000, 0x0000000081800000, 0x0000000081900000|  0%| F|  |TAMS 0x0000000081800000, 0x0000000081800000| Untracked 
|  15|0x0000000081900000, 0x0000000081900000, 0x0000000081a00000|  0%| F|  |TAMS 0x0000000081900000, 0x0000000081900000| Untracked 
|  16|0x0000000081a00000, 0x0000000081a00000, 0x0000000081b00000|  0%| F|  |TAMS 0x0000000081a00000, 0x0000000081a00000| Untracked 
|  17|0x0000000081b00000, 0x0000000081b00000, 0x0000000081c00000|  0%| F|  |TAMS 0x0000000081b00000, 0x0000000081b00000| Untracked 
|  18|0x0000000081c00000, 0x0000000081c00000, 0x0000000081d00000|  0%| F|  |TAMS 0x0000000081c00000, 0x0000000081c00000| Untracked 
|  19|0x0000000081d00000, 0x0000000081d00000, 0x0000000081e00000|  0%| F|  |TAMS 0x0000000081d00000, 0x0000000081d00000| Untracked 
|  20|0x0000000081e00000, 0x0000000081e00000, 0x0000000081f00000|  0%| F|  |TAMS 0x0000000081e00000, 0x0000000081e00000| Untracked 
|  21|0x0000000081f00000, 0x0000000081f00000, 0x0000000082000000|  0%| F|  |TAMS 0x0000000081f00000, 0x0000000081f00000| Untracked 
|  22|0x0000000082000000, 0x0000000082000000, 0x0000000082100000|  0%| F|  |TAMS 0x0000000082000000, 0x0000000082000000| Untracked 
|  23|0x0000000082100000, 0x0000000082100000, 0x0000000082200000|  0%| F|  |TAMS 0x0000000082100000, 0x0000000082100000| Untracked 
|  24|0x0000000082200000, 0x0000000082200000, 0x0000000082300000|  0%| F|  |TAMS 0x0000000082200000, 0x0000000082200000| Untracked 
|  25|0x0000000082300000, 0x0000000082300000, 0x0000000082400000|  0%| F|  |TAMS 0x0000000082300000, 0x0000000082300000| Untracked 
|  26|0x0000000082400000, 0x0000000082400000, 0x0000000082500000|  0%| F|  |TAMS 0x0000000082400000, 0x0000000082400000| Untracked 
|  27|0x0000000082500000, 0x0000000082500000, 0x0000000082600000|  0%| F|  |TAMS 0x0000000082500000, 0x0000000082500000| Untracked 
|  28|0x0000000082600000, 0x0000000082600000, 0x0000000082700000|  0%| F|  |TAMS 0x0000000082600000, 0x0000000082600000| Untracked 
|  29|0x0000000082700000, 0x0000000082700000, 0x0000000082800000|  0%| F|  |TAMS 0x0000000082700000, 0x0000000082700000| Untracked 
|  30|0x0000000082800000, 0x0000000082800000, 0x0000000082900000|  0%| F|  |TAMS 0x0000000082800000, 0x0000000082800000| Untracked 
|  31|0x0000000082900000, 0x0000000082900000, 0x0000000082a00000|  0%| F|  |TAMS 0x0000000082900000, 0x0000000082900000| Untracked 
|  32|0x0000000082a00000, 0x0000000082a00000, 0x0000000082b00000|  0%| F|  |TAMS 0x0000000082a00000, 0x0000000082a00000| Untracked 
|  33|0x0000000082b00000, 0x0000000082b00000, 0x0000000082c00000|  0%| F|  |TAMS 0x0000000082b00000, 0x0000000082b00000| Untracked 
|  34|0x0000000082c00000, 0x0000000082c00000, 0x0000000082d00000|  0%| F|  |TAMS 0x0000000082c00000, 0x0000000082c00000| Untracked 
|  35|0x0000000082d00000, 0x0000000082d00000, 0x0000000082e00000|  0%| F|  |TAMS 0x0000000082d00000, 0x0000000082d00000| Untracked 
|  36|0x0000000082e00000, 0x0000000082e00000, 0x0000000082f00000|  0%| F|  |TAMS 0x0000000082e00000, 0x0000000082e00000| Untracked 
|  37|0x0000000082f00000, 0x0000000082f00000, 0x0000000083000000|  0%| F|  |TAMS 0x0000000082f00000, 0x0000000082f00000| Untracked 
|  38|0x0000000083000000, 0x0000000083000000, 0x0000000083100000|  0%| F|  |TAMS 0x0000000083000000, 0x0000000083000000| Untracked 
|  39|0x0000000083100000, 0x0000000083100000, 0x0000000083200000|  0%| F|  |TAMS 0x0000000083100000, 0x0000000083100000| Untracked 
|  40|0x0000000083200000, 0x0000000083200000, 0x0000000083300000|  0%| F|  |TAMS 0x0000000083200000, 0x0000000083200000| Untracked 
|  41|0x0000000083300000, 0x0000000083300000, 0x0000000083400000|  0%| F|  |TAMS 0x0000000083300000, 0x0000000083300000| Untracked 
|  42|0x0000000083400000, 0x0000000083400000, 0x0000000083500000|  0%| F|  |TAMS 0x0000000083400000, 0x0000000083400000| Untracked 
|  43|0x0000000083500000, 0x0000000083500000, 0x0000000083600000|  0%| F|  |TAMS 0x0000000083500000, 0x0000000083500000| Untracked 
|  44|0x0000000083600000, 0x0000000083600000, 0x0000000083700000|  0%| F|  |TAMS 0x0000000083600000, 0x0000000083600000| Untracked 
|  45|0x0000000083700000, 0x0000000083700000, 0x0000000083800000|  0%| F|  |TAMS 0x0000000083700000, 0x0000000083700000| Untracked 
|  46|0x0000000083800000, 0x0000000083800000, 0x0000000083900000|  0%| F|  |TAMS 0x0000000083800000, 0x0000000083800000| Untracked 
|  47|0x0000000083900000, 0x0000000083900000, 0x0000000083a00000|  0%| F|  |TAMS 0x0000000083900000, 0x0000000083900000| Untracked 
|  48|0x0000000083a00000, 0x0000000083a00000, 0x0000000083b00000|  0%| F|  |TAMS 0x0000000083a00000, 0x0000000083a00000| Untracked 
|  49|0x0000000083b00000, 0x0000000083bdf3a0, 0x0000000083c00000| 87%| S|CS|TAMS 0x0000000083b00000, 0x0000000083b00000| Complete 
|  50|0x0000000083c00000, 0x0000000083d00000, 0x0000000083d00000|100%| S|CS|TAMS 0x0000000083c00000, 0x0000000083c00000| Complete 
|  51|0x0000000083d00000, 0x0000000083e00000, 0x0000000083e00000|100%| S|CS|TAMS 0x0000000083d00000, 0x0000000083d00000| Complete 
|  52|0x0000000083e00000, 0x0000000083e00000, 0x0000000083f00000|  0%| F|  |TAMS 0x0000000083e00000, 0x0000000083e00000| Untracked 
|  53|0x0000000083f00000, 0x0000000083f00000, 0x0000000084000000|  0%| F|  |TAMS 0x0000000083f00000, 0x0000000083f00000| Untracked 
|  54|0x0000000084000000, 0x0000000084000000, 0x0000000084100000|  0%| F|  |TAMS 0x0000000084000000, 0x0000000084000000| Untracked 
|  55|0x0000000084100000, 0x0000000084100000, 0x0000000084200000|  0%| F|  |TAMS 0x0000000084100000, 0x0000000084100000| Untracked 
|  56|0x0000000084200000, 0x0000000084200000, 0x0000000084300000|  0%| F|  |TAMS 0x0000000084200000, 0x0000000084200000| Untracked 
|  57|0x0000000084300000, 0x0000000084300000, 0x0000000084400000|  0%| F|  |TAMS 0x0000000084300000, 0x0000000084300000| Untracked 
|  58|0x0000000084400000, 0x0000000084400000, 0x0000000084500000|  0%| F|  |TAMS 0x0000000084400000, 0x0000000084400000| Untracked 
|  59|0x0000000084500000, 0x0000000084500000, 0x0000000084600000|  0%| F|  |TAMS 0x0000000084500000, 0x0000000084500000| Untracked 
|  60|0x0000000084600000, 0x0000000084600000, 0x0000000084700000|  0%| F|  |TAMS 0x0000000084600000, 0x0000000084600000| Untracked 
|  61|0x0000000084700000, 0x0000000084700000, 0x0000000084800000|  0%| F|  |TAMS 0x0000000084700000, 0x0000000084700000| Untracked 
|  62|0x0000000084800000, 0x0000000084800000, 0x0000000084900000|  0%| F|  |TAMS 0x0000000084800000, 0x0000000084800000| Untracked 
|  63|0x0000000084900000, 0x0000000084900000, 0x0000000084a00000|  0%| F|  |TAMS 0x0000000084900000, 0x0000000084900000| Untracked 
|  64|0x0000000084a00000, 0x0000000084a00000, 0x0000000084b00000|  0%| F|  |TAMS 0x0000000084a00000, 0x0000000084a00000| Untracked 
|  65|0x0000000084b00000, 0x0000000084b00000, 0x0000000084c00000|  0%| F|  |TAMS 0x0000000084b00000, 0x0000000084b00000| Untracked 
|  66|0x0000000084c00000, 0x0000000084c00000, 0x0000000084d00000|  0%| F|  |TAMS 0x0000000084c00000, 0x0000000084c00000| Untracked 
|  67|0x0000000084d00000, 0x0000000084d00000, 0x0000000084e00000|  0%| F|  |TAMS 0x0000000084d00000, 0x0000000084d00000| Untracked 
|  68|0x0000000084e00000, 0x0000000084e00000, 0x0000000084f00000|  0%| F|  |TAMS 0x0000000084e00000, 0x0000000084e00000| Untracked 
|  69|0x0000000084f00000, 0x0000000084f00000, 0x0000000085000000|  0%| F|  |TAMS 0x0000000084f00000, 0x0000000084f00000| Untracked 
|  70|0x0000000085000000, 0x0000000085000000, 0x0000000085100000|  0%| F|  |TAMS 0x0000000085000000, 0x0000000085000000| Untracked 
|  71|0x0000000085100000, 0x0000000085100000, 0x0000000085200000|  0%| F|  |TAMS 0x0000000085100000, 0x0000000085100000| Untracked 
|  72|0x0000000085200000, 0x0000000085200000, 0x0000000085300000|  0%| F|  |TAMS 0x0000000085200000, 0x0000000085200000| Untracked 
|  73|0x0000000085300000, 0x0000000085300000, 0x0000000085400000|  0%| F|  |TAMS 0x0000000085300000, 0x0000000085300000| Untracked 
|  74|0x0000000085400000, 0x0000000085400000, 0x0000000085500000|  0%| F|  |TAMS 0x0000000085400000, 0x0000000085400000| Untracked 
|  75|0x0000000085500000, 0x0000000085500000, 0x0000000085600000|  0%| F|  |TAMS 0x0000000085500000, 0x0000000085500000| Untracked 
|  76|0x0000000085600000, 0x0000000085600000, 0x0000000085700000|  0%| F|  |TAMS 0x0000000085600000, 0x0000000085600000| Untracked 
|  77|0x0000000085700000, 0x0000000085700000, 0x0000000085800000|  0%| F|  |TAMS 0x0000000085700000, 0x0000000085700000| Untracked 
|  78|0x0000000085800000, 0x0000000085800000, 0x0000000085900000|  0%| F|  |TAMS 0x0000000085800000, 0x0000000085800000| Untracked 
|  79|0x0000000085900000, 0x0000000085900000, 0x0000000085a00000|  0%| F|  |TAMS 0x0000000085900000, 0x0000000085900000| Untracked 
|  80|0x0000000085a00000, 0x0000000085a00000, 0x0000000085b00000|  0%| F|  |TAMS 0x0000000085a00000, 0x0000000085a00000| Untracked 
|  81|0x0000000085b00000, 0x0000000085b00000, 0x0000000085c00000|  0%| F|  |TAMS 0x0000000085b00000, 0x0000000085b00000| Untracked 
|  82|0x0000000085c00000, 0x0000000085c00000, 0x0000000085d00000|  0%| F|  |TAMS 0x0000000085c00000, 0x0000000085c00000| Untracked 
|  83|0x0000000085d00000, 0x0000000085d00000, 0x0000000085e00000|  0%| F|  |TAMS 0x0000000085d00000, 0x0000000085d00000| Untracked 
|  84|0x0000000085e00000, 0x0000000085e00000, 0x0000000085f00000|  0%| F|  |TAMS 0x0000000085e00000, 0x0000000085e00000| Untracked 
|  85|0x0000000085f00000, 0x0000000085f00000, 0x0000000086000000|  0%| F|  |TAMS 0x0000000085f00000, 0x0000000085f00000| Untracked 
|  86|0x0000000086000000, 0x0000000086000000, 0x0000000086100000|  0%| F|  |TAMS 0x0000000086000000, 0x0000000086000000| Untracked 
|  87|0x0000000086100000, 0x0000000086100000, 0x0000000086200000|  0%| F|  |TAMS 0x0000000086100000, 0x0000000086100000| Untracked 
|  88|0x0000000086200000, 0x0000000086200000, 0x0000000086300000|  0%| F|  |TAMS 0x0000000086200000, 0x0000000086200000| Untracked 
|  89|0x0000000086300000, 0x0000000086400000, 0x0000000086400000|100%| E|  |TAMS 0x0000000086300000, 0x0000000086300000| Complete 
|  90|0x0000000086400000, 0x0000000086500000, 0x0000000086500000|100%| E|CS|TAMS 0x0000000086400000, 0x0000000086400000| Complete 
|  91|0x0000000086500000, 0x0000000086600000, 0x0000000086600000|100%| E|CS|TAMS 0x0000000086500000, 0x0000000086500000| Complete 
|  92|0x0000000086600000, 0x0000000086700000, 0x0000000086700000|100%| E|CS|TAMS 0x0000000086600000, 0x0000000086600000| Complete 
|  93|0x0000000086700000, 0x0000000086800000, 0x0000000086800000|100%| E|CS|TAMS 0x0000000086700000, 0x0000000086700000| Complete 
|  94|0x0000000086800000, 0x0000000086900000, 0x0000000086900000|100%| E|CS|TAMS 0x0000000086800000, 0x0000000086800000| Complete 
|  95|0x0000000086900000, 0x0000000086a00000, 0x0000000086a00000|100%| E|CS|TAMS 0x0000000086900000, 0x0000000086900000| Complete 
|  96|0x0000000086a00000, 0x0000000086b00000, 0x0000000086b00000|100%| E|CS|TAMS 0x0000000086a00000, 0x0000000086a00000| Complete 
|  97|0x0000000086b00000, 0x0000000086c00000, 0x0000000086c00000|100%| E|CS|TAMS 0x0000000086b00000, 0x0000000086b00000| Complete 
|  98|0x0000000086c00000, 0x0000000086d00000, 0x0000000086d00000|100%| E|CS|TAMS 0x0000000086c00000, 0x0000000086c00000| Complete 
|  99|0x0000000086d00000, 0x0000000086e00000, 0x0000000086e00000|100%| E|CS|TAMS 0x0000000086d00000, 0x0000000086d00000| Complete 
| 100|0x0000000086e00000, 0x0000000086f00000, 0x0000000086f00000|100%| E|CS|TAMS 0x0000000086e00000, 0x0000000086e00000| Complete 
| 101|0x0000000086f00000, 0x0000000087000000, 0x0000000087000000|100%| E|CS|TAMS 0x0000000086f00000, 0x0000000086f00000| Complete 
| 102|0x0000000087000000, 0x0000000087100000, 0x0000000087100000|100%| E|CS|TAMS 0x0000000087000000, 0x0000000087000000| Complete 
| 103|0x0000000087100000, 0x0000000087200000, 0x0000000087200000|100%| E|CS|TAMS 0x0000000087100000, 0x0000000087100000| Complete 
| 104|0x0000000087200000, 0x0000000087300000, 0x0000000087300000|100%| E|CS|TAMS 0x0000000087200000, 0x0000000087200000| Complete 
| 105|0x0000000087300000, 0x0000000087400000, 0x0000000087400000|100%| E|CS|TAMS 0x0000000087300000, 0x0000000087300000| Complete 
| 106|0x0000000087400000, 0x0000000087500000, 0x0000000087500000|100%| E|CS|TAMS 0x0000000087400000, 0x0000000087400000| Complete 
| 107|0x0000000087500000, 0x0000000087600000, 0x0000000087600000|100%| E|CS|TAMS 0x0000000087500000, 0x0000000087500000| Complete 
| 108|0x0000000087600000, 0x0000000087700000, 0x0000000087700000|100%| E|CS|TAMS 0x0000000087600000, 0x0000000087600000| Complete 
| 109|0x0000000087700000, 0x0000000087800000, 0x0000000087800000|100%| E|CS|TAMS 0x0000000087700000, 0x0000000087700000| Complete 
| 110|0x0000000087800000, 0x0000000087900000, 0x0000000087900000|100%| E|CS|TAMS 0x0000000087800000, 0x0000000087800000| Complete 
| 111|0x0000000087900000, 0x0000000087a00000, 0x0000000087a00000|100%| E|CS|TAMS 0x0000000087900000, 0x0000000087900000| Complete 
| 112|0x0000000087a00000, 0x0000000087b00000, 0x0000000087b00000|100%| E|CS|TAMS 0x0000000087a00000, 0x0000000087a00000| Complete 
| 113|0x0000000087b00000, 0x0000000087c00000, 0x0000000087c00000|100%| E|CS|TAMS 0x0000000087b00000, 0x0000000087b00000| Complete 
| 114|0x0000000087c00000, 0x0000000087d00000, 0x0000000087d00000|100%| E|CS|TAMS 0x0000000087c00000, 0x0000000087c00000| Complete 
| 115|0x0000000087d00000, 0x0000000087e00000, 0x0000000087e00000|100%| E|CS|TAMS 0x0000000087d00000, 0x0000000087d00000| Complete 
| 116|0x0000000087e00000, 0x0000000087f00000, 0x0000000087f00000|100%| E|CS|TAMS 0x0000000087e00000, 0x0000000087e00000| Complete 
| 117|0x0000000087f00000, 0x0000000088000000, 0x0000000088000000|100%| E|CS|TAMS 0x0000000087f00000, 0x0000000087f00000| Complete 
| 118|0x0000000088000000, 0x0000000088100000, 0x0000000088100000|100%| E|CS|TAMS 0x0000000088000000, 0x0000000088000000| Complete 
| 119|0x0000000088100000, 0x0000000088200000, 0x0000000088200000|100%| E|CS|TAMS 0x0000000088100000, 0x0000000088100000| Complete 
| 120|0x0000000088200000, 0x0000000088300000, 0x0000000088300000|100%| E|CS|TAMS 0x0000000088200000, 0x0000000088200000| Complete 
| 121|0x0000000088300000, 0x0000000088400000, 0x0000000088400000|100%| E|CS|TAMS 0x0000000088300000, 0x0000000088300000| Complete 
| 122|0x0000000088400000, 0x0000000088500000, 0x0000000088500000|100%| E|CS|TAMS 0x0000000088400000, 0x0000000088400000| Complete 
| 123|0x0000000088500000, 0x0000000088600000, 0x0000000088600000|100%| E|CS|TAMS 0x0000000088500000, 0x0000000088500000| Complete 
| 124|0x0000000088600000, 0x0000000088700000, 0x0000000088700000|100%| E|CS|TAMS 0x0000000088600000, 0x0000000088600000| Complete 
| 125|0x0000000088700000, 0x0000000088800000, 0x0000000088800000|100%| E|CS|TAMS 0x0000000088700000, 0x0000000088700000| Complete 
| 126|0x0000000088800000, 0x0000000088900000, 0x0000000088900000|100%| E|CS|TAMS 0x0000000088800000, 0x0000000088800000| Complete 
| 127|0x0000000088900000, 0x0000000088a00000, 0x0000000088a00000|100%| E|CS|TAMS 0x0000000088900000, 0x0000000088900000| Complete 

Card table byte_map: [0x000002d0b2b10000,0x000002d0b2f10000] _byte_map_base: 0x000002d0b270b000

Marking Bits (Prev, Next): (CMBitMap*) 0x000002d09bc8e2f0, (CMBitMap*) 0x000002d09bc8e330
 Prev Bits: [0x000002d0b3310000, 0x000002d0b52e8000)
 Next Bits: [0x000002d0b52f0000, 0x000002d0b72c8000)

Polling page: 0x000002d099a20000

Metaspace:

Usage:
  Non-class:     16.45 MB used.
      Class:      1.98 MB used.
       Both:     18.42 MB used.

Virtual space:
  Non-class space:       24.00 MB reserved,      16.56 MB ( 69%) committed,  3 nodes.
      Class space:        1.00 GB reserved,       2.12 MB ( <1%) committed,  1 nodes.
             Both:        1.02 GB reserved,      18.69 MB (  2%) committed. 

Chunk freelists:
   Non-Class:  2.89 MB
       Class:  1.73 MB
        Both:  4.62 MB

MaxMetaspaceSize: unlimited
CompressedClassSpaceSize: 1.00 GB
Initial GC threshold: 21.00 MB
Current GC threshold: 21.00 MB
CDS: on
MetaspaceReclaimPolicy: balanced
 - commit_granule_bytes: 65536.
 - commit_granule_words: 8192.
 - virtual_space_node_default_size: 1048576.
 - enlarge_chunks_in_place: 1.
 - new_chunks_are_fully_committed: 0.
 - uncommit_free_chunks: 1.
 - use_allocation_guard: 0.
 - handle_deallocations: 1.


Internal statistics:

num_allocs_failed_limit: 0.
num_arena_births: 170.
num_arena_deaths: 0.
num_vsnodes_births: 4.
num_vsnodes_deaths: 0.
num_space_committed: 299.
num_space_uncommitted: 0.
num_chunks_returned_to_freelist: 0.
num_chunks_taken_from_freelist: 414.
num_chunk_merges: 0.
num_chunk_splits: 233.
num_chunks_enlarged: 131.
num_purges: 0.
num_inconsistent_stats: 0.

CodeHeap 'non-profiled nmethods': size=120000Kb used=1740Kb max_used=1740Kb free=118259Kb
 bounds [0x000002d0ab1e0000, 0x000002d0ab450000, 0x000002d0b2710000]
CodeHeap 'profiled nmethods': size=120000Kb used=7512Kb max_used=7512Kb free=112487Kb
 bounds [0x000002d0a3cb0000, 0x000002d0a4410000, 0x000002d0ab1e0000]
CodeHeap 'non-nmethods': size=5760Kb used=1419Kb max_used=1470Kb free=4340Kb
 bounds [0x000002d0a3710000, 0x000002d0a3980000, 0x000002d0a3cb0000]
 total_blobs=4034 nmethods=3344 adapters=602
 compilation: enabled
              stopped_count=0, restarted_count=0
 full_count=0

Compilation events (20 events):
Event: 90.116 Thread 0x000002d0b9772f30 3337       3       javax.swing.UIManager::getBoolean (8 bytes)
Event: 90.116 Thread 0x000002d0b9772f30 nmethod 3337 0x000002d0a4402010 code [0x000002d0a4402200, 0x000002d0a4402768]
Event: 90.116 Thread 0x000002d0b9772f30 3338       1       javax.swing.table.TableColumn::getModelIndex (5 bytes)
Event: 90.116 Thread 0x000002d0b9772f30 nmethod 3338 0x000002d0ab392510 code [0x000002d0ab3926a0, 0x000002d0ab392778]
Event: 90.116 Thread 0x000002d0b9772f30 3339       3       java.awt.Container::adjustDescendantsOnParent (16 bytes)
Event: 90.116 Thread 0x000002d0b9766870 3340       4       javax.swing.text.GapContent$MarkData::getOffset (46 bytes)
Event: 90.116 Thread 0x000002d0b9772f30 nmethod 3339 0x000002d0a4402910 code [0x000002d0a4402ac0, 0x000002d0a4402e08]
Event: 90.117 Thread 0x000002d0b9766870 nmethod 3340 0x000002d0ab392810 code [0x000002d0ab392980, 0x000002d0ab392a38]
Event: 90.119 Thread 0x000002d0b9772f30 3341       3       java.awt.geom.AffineTransform::transform (635 bytes)
Event: 90.120 Thread 0x000002d0b9772f30 nmethod 3341 0x000002d0a4402f10 code [0x000002d0a4403200, 0x000002d0a44044c8]
Event: 104.070 Thread 0x000002d0b9772f30 3342       3       javax.swing.DefaultButtonModel::isRollover (16 bytes)
Event: 104.071 Thread 0x000002d0b9772f30 nmethod 3342 0x000002d0a4405190 code [0x000002d0a4405320, 0x000002d0a4405498]
Event: 104.308 Thread 0x000002d0b9772f30 3343   !   3       javax.swing.Timer::restart (42 bytes)
Event: 104.308 Thread 0x000002d0b9772f30 nmethod 3343 0x000002d0a4405510 code [0x000002d0a4405720, 0x000002d0a4405cf8]
Event: 104.693 Thread 0x000002d0b9766870 3344       4       sun.font.FontDesignMetrics::getAscent (10 bytes)
Event: 104.694 Thread 0x000002d0b9766870 nmethod 3344 0x000002d0ab392b10 code [0x000002d0ab392c80, 0x000002d0ab392d38]
Event: 105.124 Thread 0x000002d0b9766870 3345       4       javax.swing.SwingUtilities::computeIntersection (189 bytes)
Event: 105.124 Thread 0x000002d0b9772f30 3346       3       com.formdev.flatlaf.ui.FlatButtonUI::isCustomBackground (29 bytes)
Event: 105.124 Thread 0x000002d0b9772f30 nmethod 3346 0x000002d0a4405f90 code [0x000002d0a4406120, 0x000002d0a44062f8]
Event: 105.125 Thread 0x000002d0b9766870 nmethod 3345 0x000002d0ab392e10 code [0x000002d0ab392fa0, 0x000002d0ab393178]

GC Heap History (6 events):
Event: 0.569 GC heap before
{Heap before GC invocations=0 (full 0):
 garbage-first heap   total 131072K, used 13312K [0x0000000080a00000, 0x0000000100000000)
  region size 1024K, 13 young (13312K), 0 survivors (0K)
 Metaspace       used 7233K, committed 7424K, reserved 1056768K
  class space    used 738K, committed 832K, reserved 1048576K
}
Event: 0.572 GC heap after
{Heap after GC invocations=1 (full 0):
 garbage-first heap   total 131072K, used 2526K [0x0000000080a00000, 0x0000000100000000)
  region size 1024K, 2 young (2048K), 2 survivors (2048K)
 Metaspace       used 7233K, committed 7424K, reserved 1056768K
  class space    used 738K, committed 832K, reserved 1048576K
}
Event: 3.295 GC heap before
{Heap before GC invocations=1 (full 0):
 garbage-first heap   total 131072K, used 23006K [0x0000000080a00000, 0x0000000100000000)
  region size 1024K, 18 young (18432K), 2 survivors (2048K)
 Metaspace       used 10054K, committed 10304K, reserved 1064960K
  class space    used 1045K, committed 1152K, reserved 1048576K
}
Event: 3.298 GC heap after
{Heap after GC invocations=2 (full 0):
 garbage-first heap   total 131072K, used 7365K [0x0000000080a00000, 0x0000000100000000)
  region size 1024K, 1 young (1024K), 1 survivors (1024K)
 Metaspace       used 10054K, committed 10304K, reserved 1064960K
  class space    used 1045K, committed 1152K, reserved 1048576K
}
Event: 12.342 GC heap before
{Heap before GC invocations=2 (full 0):
 garbage-first heap   total 131072K, used 88261K [0x0000000080a00000, 0x0000000100000000)
  region size 1024K, 76 young (77824K), 1 survivors (1024K)
 Metaspace       used 17692K, committed 17920K, reserved 1064960K
  class space    used 1954K, committed 2048K, reserved 1048576K
}
Event: 12.345 GC heap after
{Heap after GC invocations=3 (full 0):
 garbage-first heap   total 131072K, used 13621K [0x0000000080a00000, 0x0000000100000000)
  region size 1024K, 3 young (3072K), 3 survivors (3072K)
 Metaspace       used 17692K, committed 17920K, reserved 1064960K
  class space    used 1954K, committed 2048K, reserved 1048576K
}

Deoptimization events (20 events):
Event: 57.960 Thread 0x000002d0bab08c00 DEOPT PACKING pc=0x000002d0a43812a4 sp=0x000000e8b9cfee70
Event: 57.960 Thread 0x000002d0bab08c00 DEOPT UNPACKING pc=0x000002d0a3762b43 sp=0x000000e8b9cfe380 mode 1
Event: 57.960 Thread 0x000002d0bab08c00 DEOPT PACKING pc=0x000002d0a40e3dd4 sp=0x000000e8b9cfef40
Event: 57.960 Thread 0x000002d0bab08c00 DEOPT UNPACKING pc=0x000002d0a3762b43 sp=0x000000e8b9cfe408 mode 1
Event: 57.960 Thread 0x000002d0bab08c00 DEOPT PACKING pc=0x000002d0a3fe34bc sp=0x000000e8b9cfefc0
Event: 57.960 Thread 0x000002d0bab08c00 DEOPT UNPACKING pc=0x000002d0a3762b43 sp=0x000000e8b9cfe4a8 mode 1
Event: 57.960 Thread 0x000002d0bab08c00 DEOPT PACKING pc=0x000002d0a40fdc1c sp=0x000000e8b9cff060
Event: 57.960 Thread 0x000002d0bab08c00 DEOPT UNPACKING pc=0x000002d0a3762b43 sp=0x000000e8b9cfe528 mode 1
Event: 57.960 Thread 0x000002d0bab08c00 DEOPT PACKING pc=0x000002d0a40067d4 sp=0x000000e8b9cff0d0
Event: 57.960 Thread 0x000002d0bab08c00 DEOPT UNPACKING pc=0x000002d0a3762b43 sp=0x000000e8b9cfe5c8 mode 1
Event: 57.960 Thread 0x000002d0bab08c00 DEOPT PACKING pc=0x000002d0a400540c sp=0x000000e8b9cff1e0
Event: 57.960 Thread 0x000002d0bab08c00 DEOPT UNPACKING pc=0x000002d0a3762b43 sp=0x000000e8b9cfe6a0 mode 1
Event: 57.960 Thread 0x000002d0bab08c00 DEOPT PACKING pc=0x000002d0a424519c sp=0x000000e8b9cff240
Event: 57.960 Thread 0x000002d0bab08c00 DEOPT UNPACKING pc=0x000002d0a3762b43 sp=0x000000e8b9cfe6e0 mode 1
Event: 57.960 Thread 0x000002d0bab08c00 DEOPT PACKING pc=0x000002d0a3e77c04 sp=0x000000e8b9cff280
Event: 57.960 Thread 0x000002d0bab08c00 DEOPT UNPACKING pc=0x000002d0a3762b43 sp=0x000000e8b9cfe6a0 mode 1
Event: 57.960 Thread 0x000002d0bab08c00 DEOPT PACKING pc=0x000002d0a3e96c5c sp=0x000000e8b9cff340
Event: 57.960 Thread 0x000002d0bab08c00 DEOPT UNPACKING pc=0x000002d0a3762b43 sp=0x000000e8b9cfe670 mode 1
Event: 57.960 Thread 0x000002d0bab08c00 DEOPT PACKING pc=0x000002d0a3e7e0dc sp=0x000000e8b9cff4d0
Event: 57.960 Thread 0x000002d0bab08c00 DEOPT UNPACKING pc=0x000002d0a3762b43 sp=0x000000e8b9cfe9d0 mode 1

Classes unloaded (0 events):
No events

Classes redefined (1 events):
Event: 119.077 Thread 0x000002d0b9743c70 redefined class name=dev.asor.univitatis.database.dao.PessoaDao, count=1

Internal exceptions (20 events):
Event: 0.499 Thread 0x000002d09bc50570 Exception <a 'java/lang/NoSuchMethodError'{0x0000000087e367f8}: 'java.lang.Object java.lang.invoke.DirectMethodHandle$Holder.invokeStatic(java.lang.Object, int, java.lang.Object)'> (0x0000000087e367f8) 
thrown [e:\jenkins\tmp\workspace\build\src\src\hotspot\share\interpreter\linkResolver.cpp, line 766]
Event: 0.520 Thread 0x000002d09bc50570 Exception <a 'java/lang/ClassNotFoundException'{0x0000000087efc470}: com/sun/swing/internal/plaf/metal/resources/spi/metalProvider> (0x0000000087efc470) 
thrown [e:\jenkins\tmp\workspace\build\src\src\hotspot\share\classfile\systemDictionary.cpp, line 256]
Event: 0.521 Thread 0x000002d09bc50570 Exception <a 'java/lang/ClassNotFoundException'{0x0000000087d04c18}: com/sun/swing/internal/plaf/basic/resources/spi/basicProvider> (0x0000000087d04c18) 
thrown [e:\jenkins\tmp\workspace\build\src\src\hotspot\share\classfile\systemDictionary.cpp, line 256]
Event: 0.545 Thread 0x000002d09bc50570 Exception <a 'java/lang/NoSuchMethodError'{0x0000000087dc11e8}: 'java.lang.Object java.lang.invoke.DirectMethodHandle$Holder.invokeStaticInit(java.lang.Object, int, int, int, int)'> (0x0000000087dc11e8) 
thrown [e:\jenkins\tmp\workspace\build\src\src\hotspot\share\interpreter\linkResolver.cpp, line 766]
Event: 0.575 Thread 0x000002d09bc50570 Exception <a 'java/lang/NoSuchMethodError'{0x00000000889255f8}: 'java.lang.Object java.lang.invoke.DirectMethodHandle$Holder.invokeStaticInit(java.lang.Object, java.lang.Object, int, int, int, int)'> (0x00000000889255f8) 
thrown [e:\jenkins\tmp\workspace\build\src\src\hotspot\share\interpreter\linkResolver.cpp, line 766]
Event: 0.689 Thread 0x000002d0baa79010 Exception <a 'java/lang/NoSuchMethodError'{0x0000000087d5e6a0}: 'void java.lang.invoke.DirectMethodHandle$Holder.invokeVirtual(java.lang.Object, java.lang.Object)'> (0x0000000087d5e6a0) 
thrown [e:\jenkins\tmp\workspace\build\src\src\hotspot\share\interpreter\linkResolver.cpp, line 766]
Event: 0.708 Thread 0x000002d09bc50570 Exception <a 'java/lang/NoSuchMethodError'{0x0000000087daba28}: 'void java.lang.invoke.DirectMethodHandle$Holder.invokeStaticInit(java.lang.Object)'> (0x0000000087daba28) 
thrown [e:\jenkins\tmp\workspace\build\src\src\hotspot\share\interpreter\linkResolver.cpp, line 766]
Event: 3.300 Thread 0x000002d09bc50570 Exception <a 'java/lang/NoSuchMethodError'{0x000000008898bb90}: 'int java.lang.invoke.DirectMethodHandle$Holder.invokeStatic(java.lang.Object)'> (0x000000008898bb90) 
thrown [e:\jenkins\tmp\workspace\build\src\src\hotspot\share\interpreter\linkResolver.cpp, line 766]
Event: 3.409 Thread 0x000002d09bc50570 Exception <a 'sun/nio/fs/WindowsException'{0x00000000884c2128}> (0x00000000884c2128) 
thrown [e:\jenkins\tmp\workspace\build\src\src\hotspot\share\prims\jni.cpp, line 516]
Event: 3.428 Thread 0x000002d09bc50570 Exception <a 'java/lang/ClassNotFoundException'{0x00000000883b27f8}: java/lang/ObjectCustomizer> (0x00000000883b27f8) 
thrown [e:\jenkins\tmp\workspace\build\src\src\hotspot\share\classfile\systemDictionary.cpp, line 256]
Event: 3.433 Thread 0x000002d09bc50570 Exception <a 'java/lang/NoSuchMethodError'{0x00000000883da638}: 'java.lang.Object java.lang.invoke.DirectMethodHandle$Holder.invokeInterface(java.lang.Object, java.lang.Object)'> (0x00000000883da638) 
thrown [e:\jenkins\tmp\workspace\build\src\src\hotspot\share\interpreter\linkResolver.cpp, line 766]
Event: 3.434 Thread 0x000002d09bc50570 Exception <a 'java/lang/IncompatibleClassChangeError'{0x00000000883dde30}: Found class java.lang.Object, but interface was expected> (0x00000000883dde30) 
thrown [e:\jenkins\tmp\workspace\build\src\src\hotspot\share\interpreter\linkResolver.cpp, line 833]
Event: 3.445 Thread 0x000002d09bc50570 Exception <a 'java/lang/ClassNotFoundException'{0x0000000088244dc8}: net/miginfocom/layout/UnitValueCustomizer> (0x0000000088244dc8) 
thrown [e:\jenkins\tmp\workspace\build\src\src\hotspot\share\classfile\systemDictionary.cpp, line 256]
Event: 3.448 Thread 0x000002d09bc50570 Exception <a 'java/lang/ClassNotFoundException'{0x000000008826cd48}: java/lang/ObjectCustomizer> (0x000000008826cd48) 
thrown [e:\jenkins\tmp\workspace\build\src\src\hotspot\share\classfile\systemDictionary.cpp, line 256]
Event: 3.448 Thread 0x000002d09bc50570 Exception <a 'java/lang/ClassNotFoundException'{0x0000000088272570}: net/miginfocom/layout/BoundSizeCustomizer> (0x0000000088272570) 
thrown [e:\jenkins\tmp\workspace\build\src\src\hotspot\share\classfile\systemDictionary.cpp, line 256]
Event: 3.490 Thread 0x000002d09bc50570 Exception <a 'java/lang/NoSuchMethodError'{0x0000000087f017f8}: 'java.lang.Object java.lang.invoke.DirectMethodHandle$Holder.invokeVirtual(java.lang.Object, java.lang.Object, java.lang.Object, java.lang.Object)'> (0x0000000087f017f8) 
thrown [e:\jenkins\tmp\workspace\build\src\src\hotspot\share\interpreter\linkResolver.cpp, line 766]
Event: 3.603 Thread 0x000002d0bab08c00 Exception <a 'java/lang/NoSuchMethodError'{0x0000000087e2a870}: 'void java.lang.invoke.DirectMethodHandle$Holder.invokeVirtual(java.lang.Object, java.lang.Object, java.lang.Object, int, int, int, int, double)'> (0x0000000087e2a870) 
thrown [e:\jenkins\tmp\workspace\build\src\src\hotspot\share\interpreter\linkResolver.cpp, line 766]
Event: 12.143 Thread 0x000002d0bab08c00 Implicit null exception at 0x000002d0ab235ce0 to 0x000002d0ab2361dc
Event: 12.272 Thread 0x000002d0bab08c00 Implicit null exception at 0x000002d0ab2cc115 to 0x000002d0ab2cc17e
Event: 12.274 Thread 0x000002d0bab08c00 Implicit null exception at 0x000002d0ab2d12ad to 0x000002d0ab2d1fc0

VM Operations (20 events):
Event: 109.757 Executing VM operation: get/set locals
Event: 109.757 Executing VM operation: get/set locals done
Event: 109.766 Executing VM operation: get/set locals
Event: 109.766 Executing VM operation: get/set locals done
Event: 109.766 Executing VM operation: get/set locals
Event: 109.766 Executing VM operation: get/set locals done
Event: 119.064 Executing VM operation: ChangeSingleStep
Event: 119.064 Executing VM operation: ChangeSingleStep done
Event: 119.065 Executing VM operation: ChangeSingleStep
Event: 119.065 Executing VM operation: ChangeSingleStep done
Event: 119.069 Executing VM operation: RedefineClasses
Event: 119.086 Executing VM operation: RedefineClasses done
Event: 119.093 Executing VM operation: ChangeBreakpoints
Event: 119.093 Executing VM operation: ChangeBreakpoints done
Event: 119.095 Executing VM operation: ChangeSingleStep
Event: 119.095 Executing VM operation: ChangeSingleStep done
Event: 119.095 Executing VM operation: get/set locals
Event: 119.095 Executing VM operation: get/set locals done
Event: 119.096 Executing VM operation: ChangeSingleStep
Event: 119.096 Executing VM operation: ChangeSingleStep done

Events (20 events):
Event: 46.717 loading class javax/swing/DefaultCellEditor$1
Event: 46.717 loading class javax/swing/DefaultCellEditor$EditorDelegate
Event: 46.717 loading class javax/swing/DefaultCellEditor$EditorDelegate done
Event: 46.717 loading class javax/swing/DefaultCellEditor$1 done
Event: 46.717 loading class javax/swing/event/ListSelectionEvent
Event: 46.717 loading class javax/swing/event/ListSelectionEvent done
Event: 48.379 loading class java/security/DomainCombiner
Event: 48.379 loading class java/security/DomainCombiner done
Event: 57.950 loading class java/util/concurrent/atomic/AtomicReferenceFieldUpdater
Event: 57.950 loading class java/util/concurrent/atomic/AtomicReferenceFieldUpdater done
Event: 57.950 loading class java/util/concurrent/atomic/AtomicReferenceFieldUpdater$AtomicReferenceFieldUpdaterImpl
Event: 57.951 loading class java/util/concurrent/atomic/AtomicReferenceFieldUpdater$AtomicReferenceFieldUpdaterImpl done
Event: 57.951 loading class java/util/concurrent/atomic/AtomicReferenceFieldUpdater$AtomicReferenceFieldUpdaterImpl$1
Event: 57.951 loading class java/util/concurrent/atomic/AtomicReferenceFieldUpdater$AtomicReferenceFieldUpdaterImpl$1 done
Event: 57.951 loading class java/lang/Throwable$WrappedPrintStream
Event: 57.951 loading class java/lang/Throwable$PrintStreamOrWriter
Event: 57.951 loading class java/lang/Throwable$PrintStreamOrWriter done
Event: 57.951 loading class java/lang/Throwable$WrappedPrintStream done
Event: 57.953 loading class java/lang/StackTraceElement$HashedModules
Event: 57.953 loading class java/lang/StackTraceElement$HashedModules done


Dynamic libraries:
0x00007ff69f440000 - 0x00007ff69f44e000 	C:\Users\samuel.rockenbach\.jdk\temurin-openjdk\jdk-17.0.2\bin\javaw.exe
0x00007fff78e10000 - 0x00007fff79005000 	C:\Windows\SYSTEM32\ntdll.dll
0x00007fff76e30000 - 0x00007fff76eee000 	C:\Windows\System32\KERNEL32.DLL
0x00007fff767b0000 - 0x00007fff76a78000 	C:\Windows\System32\KERNELBASE.dll
0x00007fff72bc0000 - 0x00007fff72c50000 	C:\Windows\SYSTEM32\apphelp.dll
0x00007fff76be0000 - 0x00007fff76ce0000 	C:\Windows\System32\ucrtbase.dll
0x00007fff72b20000 - 0x00007fff72b39000 	C:\Users\samuel.rockenbach\.jdk\temurin-openjdk\jdk-17.0.2\bin\VCRUNTIME140.dll
0x00007fff72010000 - 0x00007fff72028000 	C:\Users\samuel.rockenbach\.jdk\temurin-openjdk\jdk-17.0.2\bin\jli.dll
0x00007fff78710000 - 0x00007fff788b0000 	C:\Windows\System32\USER32.dll
0x00007fff76640000 - 0x00007fff76662000 	C:\Windows\System32\win32u.dll
0x00007fff6da60000 - 0x00007fff6dcfa000 	C:\Windows\WinSxS\amd64_microsoft.windows.common-controls_6595b64144ccf1df_6.0.19041.1110_none_60b5254171f9507e\COMCTL32.dll
0x00007fff77da0000 - 0x00007fff77dcb000 	C:\Windows\System32\GDI32.dll
0x00007fff78950000 - 0x00007fff789ee000 	C:\Windows\System32\msvcrt.dll
0x00007fff766a0000 - 0x00007fff767ad000 	C:\Windows\System32\gdi32full.dll
0x00007fff764f0000 - 0x00007fff7658d000 	C:\Windows\System32\msvcp_win.dll
0x00007fff78630000 - 0x00007fff78660000 	C:\Windows\System32\IMM32.DLL
0x00007fff72000000 - 0x00007fff7200c000 	C:\Users\samuel.rockenbach\.jdk\temurin-openjdk\jdk-17.0.2\bin\vcruntime140_1.dll
0x00007fff62260000 - 0x00007fff622f1000 	C:\Users\samuel.rockenbach\.jdk\temurin-openjdk\jdk-17.0.2\bin\msvcp140.dll
0x00007fff17a50000 - 0x00007fff18697000 	C:\Users\samuel.rockenbach\.jdk\temurin-openjdk\jdk-17.0.2\bin\server\jvm.dll
0x00007fff78360000 - 0x00007fff7840e000 	C:\Windows\System32\ADVAPI32.dll
0x00007fff788b0000 - 0x00007fff7894c000 	C:\Windows\System32\sechost.dll
0x00007fff77730000 - 0x00007fff77855000 	C:\Windows\System32\RPCRT4.dll
0x00007fff77860000 - 0x00007fff77868000 	C:\Windows\System32\PSAPI.DLL
0x00007fff60ec0000 - 0x00007fff60ec9000 	C:\Windows\SYSTEM32\WSOCK32.dll
0x00007fff78ad0000 - 0x00007fff78b3b000 	C:\Windows\System32\WS2_32.dll
0x00007fff6eb30000 - 0x00007fff6eb57000 	C:\Windows\SYSTEM32\WINMM.dll
0x00007fff6fe10000 - 0x00007fff6fe1a000 	C:\Windows\SYSTEM32\VERSION.dll
0x00007fff74320000 - 0x00007fff74332000 	C:\Windows\SYSTEM32\kernel.appcore.dll
0x00007fff71ff0000 - 0x00007fff71ffa000 	C:\Users\samuel.rockenbach\.jdk\temurin-openjdk\jdk-17.0.2\bin\jimage.dll
0x00007fff6ce30000 - 0x00007fff6d014000 	C:\Windows\SYSTEM32\DBGHELP.DLL
0x00007fff6b1b0000 - 0x00007fff6b1dc000 	C:\Windows\SYSTEM32\dbgcore.DLL
0x00007fff76d50000 - 0x00007fff76dd2000 	C:\Windows\System32\bcryptPrimitives.dll
0x00007fff6d810000 - 0x00007fff6d84b000 	C:\Users\samuel.rockenbach\.jdk\temurin-openjdk\jdk-17.0.2\bin\jdwp.dll
0x00007fff71fe0000 - 0x00007fff71fee000 	C:\Users\samuel.rockenbach\.jdk\temurin-openjdk\jdk-17.0.2\bin\instrument.dll
0x00007fff66ed0000 - 0x00007fff66ef5000 	C:\Users\samuel.rockenbach\.jdk\temurin-openjdk\jdk-17.0.2\bin\java.dll
0x00007fff60260000 - 0x00007fff60336000 	C:\Users\samuel.rockenbach\.jdk\temurin-openjdk\jdk-17.0.2\bin\jsvml.dll
0x00007fff76f50000 - 0x00007fff77694000 	C:\Windows\System32\SHELL32.dll
0x00007fff74600000 - 0x00007fff74d94000 	C:\Windows\SYSTEM32\windows.storage.dll
0x00007fff77fe0000 - 0x00007fff78335000 	C:\Windows\System32\combase.dll
0x00007fff75ed0000 - 0x00007fff75efe000 	C:\Windows\SYSTEM32\Wldp.dll
0x00007fff78660000 - 0x00007fff7870d000 	C:\Windows\System32\SHCORE.dll
0x00007fff76ef0000 - 0x00007fff76f45000 	C:\Windows\System32\shlwapi.dll
0x00007fff76430000 - 0x00007fff7644f000 	C:\Windows\SYSTEM32\profapi.dll
0x00007fff70890000 - 0x00007fff7089c000 	C:\Users\samuel.rockenbach\.jdk\temurin-openjdk\jdk-17.0.2\bin\dt_socket.dll
0x00007fff758c0000 - 0x00007fff758fb000 	C:\Windows\SYSTEM32\IPHLPAPI.DLL
0x00007fff75bd0000 - 0x00007fff75c3a000 	C:\Windows\system32\mswsock.dll
0x00007fff75900000 - 0x00007fff759cb000 	C:\Windows\SYSTEM32\DNSAPI.dll
0x00007fff78b40000 - 0x00007fff78b48000 	C:\Windows\System32\NSI.dll
0x00007fff700f0000 - 0x00007fff700fa000 	C:\Windows\System32\rasadhlp.dll
0x00007fff72d00000 - 0x00007fff72d7f000 	C:\Windows\System32\fwpuclnt.dll
0x00007fff76670000 - 0x00007fff76697000 	C:\Windows\System32\bcrypt.dll
0x00007fff6f8d0000 - 0x00007fff6f8e8000 	C:\Users\samuel.rockenbach\.jdk\temurin-openjdk\jdk-17.0.2\bin\zip.dll
0x00007fff6d950000 - 0x00007fff6d969000 	C:\Users\samuel.rockenbach\.jdk\temurin-openjdk\jdk-17.0.2\bin\net.dll
0x00007fff702f0000 - 0x00007fff703fc000 	C:\Windows\SYSTEM32\WINHTTP.dll
0x00007fff69390000 - 0x00007fff693a5000 	C:\Users\samuel.rockenbach\.jdk\temurin-openjdk\jdk-17.0.2\bin\nio.dll
0x00007fff69540000 - 0x00007fff69550000 	C:\Users\samuel.rockenbach\.jdk\temurin-openjdk\jdk-17.0.2\bin\verify.dll
0x00007fff40100000 - 0x00007fff4028e000 	C:\Users\samuel.rockenbach\.jdk\temurin-openjdk\jdk-17.0.2\bin\awt.dll
0x00007fff78b50000 - 0x00007fff78c1d000 	C:\Windows\System32\OLEAUT32.dll
0x00007fff73f00000 - 0x00007fff73f9e000 	C:\Windows\system32\uxtheme.dll
0x00007fff78c20000 - 0x00007fff78d36000 	C:\Windows\System32\MSCTF.dll
0x00007fff78500000 - 0x00007fff7862a000 	C:\Windows\System32\ole32.dll
0x00007fff60210000 - 0x00007fff60259000 	C:\Users\samuel.rockenbach\.jdk\temurin-openjdk\jdk-17.0.2\bin\javaaccessbridge.dll
0x00007fff690d0000 - 0x00007fff690d7000 	C:\Users\samuel.rockenbach\.jdk\temurin-openjdk\jdk-17.0.2\bin\jawt.dll
0x00007fff742f0000 - 0x00007fff7431f000 	C:\Windows\system32\DWMAPI.DLL
0x00007fff40460000 - 0x00007fff40585000 	C:\Windows\system32\opengl32.dll
0x00007fff64600000 - 0x00007fff6462c000 	C:\Windows\SYSTEM32\GLU32.dll
0x00007fff75dc0000 - 0x00007fff75dd8000 	C:\Windows\SYSTEM32\CRYPTSP.dll
0x00007fff75550000 - 0x00007fff75584000 	C:\Windows\system32\rsaenh.dll
0x00007fff763b0000 - 0x00007fff763de000 	C:\Windows\SYSTEM32\USERENV.dll
0x00007fff75de0000 - 0x00007fff75dec000 	C:\Windows\SYSTEM32\CRYPTBASE.dll
0x00007fff72c70000 - 0x00007fff72c87000 	C:\Windows\SYSTEM32\dhcpcsvc6.DLL
0x00007fff72c50000 - 0x00007fff72c6d000 	C:\Windows\SYSTEM32\dhcpcsvc.DLL
0x00007fff662c0000 - 0x00007fff662ed000 	C:\Users\samuel.rockenbach\.jdk\temurin-openjdk\jdk-17.0.2\bin\javajpeg.dll
0x00007fff5f3a0000 - 0x00007fff5f429000 	C:\Users\samuel.rockenbach\.jdk\temurin-openjdk\jdk-17.0.2\bin\freetype.dll
0x00007fff5c0c0000 - 0x00007fff5c168000 	C:\Users\samuel.rockenbach\.jdk\temurin-openjdk\jdk-17.0.2\bin\fontmanager.dll
0x00007fff690c0000 - 0x00007fff690c6000 	C:\Users\samuel.rockenbach\AppData\Local\Temp\flatlaf.temp\flatlaf-windows-x86_64-35428314370743000.dll
0x00007fff77870000 - 0x00007fff77919000 	C:\Windows\System32\clbcatq.dll
0x00007fff659c0000 - 0x00007fff65b74000 	C:\Windows\SYSTEM32\WindowsCodecs.dll
0x00007fff5f610000 - 0x00007fff5f64e000 	C:\Windows\system32\dataexchange.dll
0x00007fff73250000 - 0x00007fff734b4000 	C:\Windows\system32\d3d11.dll
0x00007fff72030000 - 0x00007fff72215000 	C:\Windows\system32\dcomp.dll
0x00007fff74f20000 - 0x00007fff75014000 	C:\Windows\system32\dxgi.dll
0x00007fff69f60000 - 0x00007fff6a161000 	C:\Windows\system32\twinapi.appcore.dll
0x00007fff669b0000 - 0x00007fff66aa9000 	C:\Windows\SYSTEM32\textinputframework.dll
0x00007fff71ab0000 - 0x00007fff71e0e000 	C:\Windows\System32\CoreUIComponents.dll
0x00007fff72940000 - 0x00007fff72a32000 	C:\Windows\System32\CoreMessaging.dll
0x00007fff74e80000 - 0x00007fff74eb3000 	C:\Windows\SYSTEM32\ntmarta.dll
0x00007fff714f0000 - 0x00007fff71644000 	C:\Windows\SYSTEM32\wintypes.dll
0x0000000070bc0000 - 0x0000000070c9c000 	C:\Users\samuel.rockenbach\AppData\Local\Temp\sqlite-3.36.0.3-9d443200-8cc2-4830-9f2e-a8cefed05d3b-sqlitejdbc.dll
0x00007fff6d850000 - 0x00007fff6d891000 	C:\Users\samuel.rockenbach\.jdk\temurin-openjdk\jdk-17.0.2\bin\lcms.dll

dbghelp: loaded successfully - version: 4.0.5 - missing functions: none
symbol engine: initialized successfully - sym options: 0x614 - pdb path: .;C:\Users\samuel.rockenbach\.jdk\temurin-openjdk\jdk-17.0.2\bin;C:\Windows\SYSTEM32;C:\Windows\WinSxS\amd64_microsoft.windows.common-controls_6595b64144ccf1df_6.0.19041.1110_none_60b5254171f9507e;C:\Users\samuel.rockenbach\.jdk\temurin-openjdk\jdk-17.0.2\bin\server;C:\Users\samuel.rockenbach\AppData\Local\Temp\flatlaf.temp;C:\Users\samuel.rockenbach\AppData\Local\Temp

VM Arguments:
jvm_args: -XX:+ShowCodeDetailsInExceptionMessages -agentlib:jdwp=transport=dt_socket,suspend=y,address=localhost:62565 -javaagent:C:\Users\samuel.rockenbach\.bin\eclipse-2022\eclipse\configuration\org.eclipse.osgi\225\0\.cp\lib\javaagent-shaded.jar -Dfile.encoding=UTF-8 
java_command: dev.asor.univitatis.UnivitatisApp
java_class_path (initial): C:\Users\samuel.rockenbach\.projects\java\universum-universitatis\target\classes;C:\Users\samuel.rockenbach\.bin\eclipse-2022\eclipse\plugins\org.junit.jupiter.api_5.8.1.v20211018-1956.jar;C:\Users\samuel.rockenbach\.bin\eclipse-2022\eclipse\plugins\org.junit.jupiter.engine_5.8.1.v20211018-1956.jar;C:\Users\samuel.rockenbach\.bin\eclipse-2022\eclipse\plugins\org.junit.jupiter.migrationsupport_5.8.1.v20211018-1956.jar;C:\Users\samuel.rockenbach\.bin\eclipse-2022\eclipse\plugins\org.junit.jupiter.params_5.8.1.v20211018-1956.jar;C:\Users\samuel.rockenbach\.bin\eclipse-2022\eclipse\plugins\org.junit.platform.commons_1.8.1.v20211018-1956.jar;C:\Users\samuel.rockenbach\.bin\eclipse-2022\eclipse\plugins\org.junit.platform.engine_1.8.1.v20211018-1956.jar;C:\Users\samuel.rockenbach\.bin\eclipse-2022\eclipse\plugins\org.junit.platform.launcher_1.8.1.v20211018-1956.jar;C:\Users\samuel.rockenbach\.bin\eclipse-2022\eclipse\plugins\org.junit.platform.runner_1.8.1.v20211018-1956.jar;C:\Users\samuel.rockenbach\.bin\eclipse-2022\eclipse\plugins\org.junit.platform.suite.api_1.8.1.v20211018-1956.jar;C:\Users\samuel.rockenbach\.bin\eclipse-2022\eclipse\plugins\org.junit.platform.suite.engine_1.8.1.v20211028-1957.jar;C:\Users\samuel.rockenbach\.bin\eclipse-2022\eclipse\plugins\org.junit.platform.suite.commons_1.8.1.v20211018-1956.jar;C:\Users\samuel.rockenbach\.bin\eclipse-2022\eclipse\plugins\org.junit.vintage.engine_5.8.1.v20211018-1956.jar;C:\Users\samuel.rockenbach\.bin\eclipse-2022\eclipse\plugins\org.opentest4j_1.2.0.v20211018-1956.jar;C:\Users\samuel.rockenbach\.bin\eclipse-2022\eclipse\plugins\org.apiguardian_1.1.2.v20211018-1956.jar;C:\Users\samuel.rockenbach\.bin\eclipse-2022\eclipse\plugins\org.junit_4.13.2.v20211018-1956.jar;C:\Users\samuel.rockenbach\.bin\eclipse-2022\eclipse\plugins\org.hamcrest.core_1.3.0.v20180420-1519.jar;C:\Users\samuel.rockenbach\.m2\repository\org\xerial\sqlite-jdbc\3.36.0.3\sqlite-jdbc-3.36.0.3.jar;C:\Users\samuel.rocken
Launcher Type: SUN_STANDARD

[Global flags]
     intx CICompilerCount                          = 3                                         {product} {ergonomic}
     uint ConcGCThreads                            = 1                                         {product} {ergonomic}
     uint G1ConcRefinementThreads                  = 4                                         {product} {ergonomic}
   size_t G1HeapRegionSize                         = 1048576                                   {product} {ergonomic}
    uintx GCDrainStackTargetSize                   = 64                                        {product} {ergonomic}
   size_t InitialHeapSize                          = 134217728                                 {product} {ergonomic}
   size_t MarkStackSize                            = 4194304                                   {product} {ergonomic}
   size_t MaxHeapSize                              = 2136997888                                {product} {ergonomic}
   size_t MaxNewSize                               = 1281359872                                {product} {ergonomic}
   size_t MinHeapDeltaBytes                        = 1048576                                   {product} {ergonomic}
   size_t MinHeapSize                              = 8388608                                   {product} {ergonomic}
    uintx NonNMethodCodeHeapSize                   = 5832780                                {pd product} {ergonomic}
    uintx NonProfiledCodeHeapSize                  = 122912730                              {pd product} {ergonomic}
    uintx ProfiledCodeHeapSize                     = 122912730                              {pd product} {ergonomic}
    uintx ReservedCodeCacheSize                    = 251658240                              {pd product} {ergonomic}
     bool SegmentedCodeCache                       = true                                      {product} {ergonomic}
     bool ShowCodeDetailsInExceptionMessages       = true                                   {manageable} {command line}
   size_t SoftMaxHeapSize                          = 2136997888                             {manageable} {ergonomic}
     bool UseCompressedClassPointers               = true                           {product lp64_product} {ergonomic}
     bool UseCompressedOops                        = true                           {product lp64_product} {ergonomic}
     bool UseG1GC                                  = true                                      {product} {ergonomic}
     bool UseLargePagesIndividualAllocation        = false                                  {pd product} {ergonomic}

Logging:
Log output configuration:
 #0: stdout all=warning uptime,level,tags
 #1: stderr all=off uptime,level,tags

Environment Variables:
JAVA_HOME=C:\Program Files\Java\jdk-15.0.1;C:\Program Files\Java\jdk-15.0.1\bin;
PATH=C:/Users/samuel.rockenbach/.bin/eclipse-2022/eclipse//plugins/org.eclipse.justj.openjdk.hotspot.jre.full.win32.x86_64_17.0.2.v20220201-1208/jre/bin/server;C:/Users/samuel.rockenbach/.bin/eclipse-2022/eclipse//plugins/org.eclipse.justj.openjdk.hotspot.jre.full.win32.x86_64_17.0.2.v20220201-1208/jre/bin;C:\Program Files\Python310\Scripts\;C:\Program Files\Python310\;C:\Program Files (x86)\Common Files\Intel\Shared Files\cpp\bin\Intel64;C:\Program Files\Amazon Corretto\jdk1.8.0_312\bin;C:\Program Files\Amazon Corretto\jre8\bin;C:\Windows\system32;C:\Windows;C:\Windows\System32\Wbem;C:\Windows\System32\WindowsPowerShell\v1.0\;C:\Windows\System32\OpenSSH\;C:\Program Files\Microsoft VS Code\bin;C:\Program Files\nodejs\;C:\Program Files\Microsoft SQL Server\120\Tools\Binn\;C:\Program Files\Common Files\Autodesk Shared\;C:\Program Files\Python310\Scripts\;C:\Program Files\Python310\;C:\Program Files (x86)\Common Files\Intel\Shared Files\cpp\bin\Intel64;C:\Program Files\Amazon Corretto\jdk1.8.0_312\bin;C:\Program Files\Amazon Corretto\jre8\bin;C:\Windows\system32;C:\Windows;C:\Windows\System32\Wbem;C:\Windows\System32\WindowsPowerShell\v1.0\;C:\Windows\System32\OpenSSH\;C:\Program Files\Microsoft VS Code\bin;C:\Program Files\nodejs\;C:\Program Files\Microsoft SQL Server\120\Tools\Binn\;C:\Program Files\Common Files\Autodesk Shared\;C:\Users\samuel.rockenbach\.lib\jdk-17.0.2+8\bin;C:\Users\samuel.rockenbach\.lib\jdk-17.0.2+8\bin\server;C:\Users\samuel.rockenbach\.bin\PowerShell-7.2.1-win-x64;C:\Program Files (x86)\Common Files\Intel\Shared Files\cpp\bin\Intel64;C:\Program Files\Amazon Corretto\jre8\bin;C:\Windows\system32;C:\Windows;C:\Windows\System32\Wbem;C:\Windows\System32\WindowsPowerShell\v1.0\;C:\Windows\System32\OpenSSH\;C:\Program Files\Microsoft VS Code\bin;C:\Users\Administrador\AppData\Local\VLibras\Python;C:\Users;C:\Users\samuel.rockenbach\.bin\eclipse-2022\eclipse;
USERNAME=samuel.rockenbach
OS=Windows_NT
PROCESSOR_IDENTIFIER=Intel64 Family 6 Model 60 Stepping 3, GenuineIntel



---------------  S Y S T E M  ---------------

OS:
 Windows 10 , 64 bit Build 19041 (10.0.19041.1503)
OS uptime: 41 days 0:06 hours

CPU: total 4 (initial active 4) (4 cores per cpu, 1 threads per core) family 6 model 60 stepping 3 microcode 0x27, cx8, cmov, fxsr, mmx, sse, sse2, sse3, ssse3, sse4.1, sse4.2, popcnt, lzcnt, tsc, tscinvbit, avx, avx2, aes, erms, clmul, bmi1, bmi2, fma, vzeroupper, clflush

Memory: 4k page, system-wide physical 8144M (2602M free)
TotalPageFile size 11465M (AvailPageFile size 4229M)
current process WorkingSet (physical memory assigned to process): 171M, peak: 186M
current process commit charge ("private bytes"): 238M, peak: 253M

vm_info: OpenJDK 64-Bit Server VM (17.0.2+8) for windows-amd64 JRE (17.0.2+8), built on Jan 20 2022 04:52:34 by "" with MS VC++ 16.7 (VS2019)

END.
