#
# A fatal error has been detected by the Java Runtime Environment:
#
#  EXCEPTION_ACCESS_VIOLATION (0xc0000005) at pc=0x00007fffba86e32a, pid=4872, tid=13200
#
# JRE version: OpenJDK Runtime Environment Temurin-17.0.3+7 (17.0.3+7) (build 17.0.3+7)
# Java VM: OpenJDK 64-Bit Server VM Temurin-17.0.3+7 (17.0.3+7, mixed mode, sharing, tiered, compressed oops, compressed class ptrs, g1 gc, windows-amd64)
# Problematic frame:
# V  [jvm.dll+0x79e32a]
#
# No core dump will be written. Minidumps are not enabled by default on client versions of Windows
#
# If you would like to submit a bug report, please visit:
#   https://github.com/adoptium/adoptium-support/issues
#

---------------  S U M M A R Y ------------

Command Line: -XX:+ShowCodeDetailsInExceptionMessages -agentlib:jdwp=transport=dt_socket,suspend=y,address=localhost:51488 -javaagent:C:\Users\amaranth.rosa\eclipse\java-2022-03\eclipse\configuration\org.eclipse.osgi\225\0\.cp\lib\javaagent-shaded.jar -Dfile.encoding=UTF-8 dev.asor.univitatis.UnivitatisApp

Host: Intel(R) Core(TM) i7-8550U CPU @ 1.80GHz, 8 cores, 15G,  Windows 11 , 64 bit Build 22000 (10.0.22000.708)
Time: Tue May 24 20:54:25 2022 Hora oficial do Brasil elapsed time: 46.924434 seconds (0d 0h 0m 46s)

---------------  T H R E A D  ---------------

Current thread (0x00000295d1d9f2d0):  JavaThread "JDWP Transport Listener: dt_socket" daemon [_thread_in_vm, id=13200, stack(0x000000fe2e100000,0x000000fe2e200000)]

Stack: [0x000000fe2e100000,0x000000fe2e200000],  sp=0x000000fe2e1ff480,  free space=1021k
Native frames: (J=compiled Java code, j=interpreted, Vv=VM code, C=native code)
V  [jvm.dll+0x79e32a]
V  [jvm.dll+0x5088cc]
V  [jvm.dll+0x4cff34]
C  [jdwp.dll+0x22dff]


siginfo: EXCEPTION_ACCESS_VIOLATION (0xc0000005), reading address 0x0000000000960099


Register to memory mapping:

RIP=0x00007fffba86e32a jvm.dll
RAX=0x00000000000000fb is an unknown value
RBX=0x00000295d1c4a23c points into unknown readable memory: 2f 41 6c 75
RCX=0x0000000000960095 is an unknown value
RDX=0x00000295d1ddab60 points into unknown readable memory: 0x6f73612f7665644c | 4c 64 65 76 2f 61 73 6f
RSP=0x000000fe2e1ff480 is pointing into the stack for thread: 0x00000295d1d9f2d0
RBP=0x00000295d1da65c0 points into unknown readable memory: 0x0000001700000002 | 02 00 00 00 17 00 00 00
RSI=0x0 is NULL
RDI=0xffffffffffffffff is an unknown value
R8 =0x0000000000000011 is an unknown value
R9 =0x000000000000001e is an unknown value
R10=0x0 is NULL
R11=0x000000fe2e1ff4a0 is pointing into the stack for thread: 0x00000295d1d9f2d0
R12=0x000000fe2e1ff5d8 is pointing into the stack for thread: 0x00000295d1d9f2d0
R13=0x0 is NULL
R14=0x0000000800daa700 is a pointer to class: 
dev.asor.univitatis.database.dao.AlunoDao {0x0000000800daa708}
 - instance size:     3
 - klass size:        93
 - access:            public synchronized 
 - state:             fully_initialized
 - name:              'dev/asor/univitatis/database/dao/AlunoDao'
 - super:             'dev/asor/univitatis/database/dao/GenericDao'
 - sub:               
 - arrays:            NULL
 - methods:           Array<T>(0x00000295d3e78918)
 - method ordering:   Array<T>(0x00000295d3e79178)
 - default_methods:   Array<T>(0x0000000000000000)
 - local interfaces:  Array<T>(0x00000295d3e74908)
 - trans. interfaces: Array<T>(0x00000295d3e75630)
 - constants:         constant pool [256] {0x00000295d3e7a4e8} for 'dev/asor/univitatis/database/dao/AlunoDao' cache=0x00000295d3e7ade8
 - class loader data:  loader data: 0x00000295d1c7d7d0 for instance a 'jdk/internal/loader/ClassLoaders$AppClassLoader'{0x0000000701a01d70}
 - source file:       'AlunoDao.java'
 - source debug extension:       SMAP
AlunoDao.java
Java
*S jdt
*F
1 AlunoDao.java
2 file:/D:/dev/git/@samuel.rockenbach/universum-universitatis/target/classes/
*L
*E

 - class annotations:       Array<T>(0x0000000000000000)
 - class type annotations:  Array<T>(0x0000000000000000)
 - field annotations:       Array<T>(0x0000000000000000)
 - field type annotations:  Array<T>(0x0000000000000000)
 - generic signature: '
[error occurred during error reporting (printing register info), id 0xc0000005, EXCEPTION_ACCESS_VIOLATION (0xc0000005) at pc=0x00007fffba86ef36]

Registers:
RAX=0x00000000000000fb, RBX=0x00000295d1c4a23c, RCX=0x0000000000960095, RDX=0x00000295d1ddab60
RSP=0x000000fe2e1ff480, RBP=0x00000295d1da65c0, RSI=0x0000000000000000, RDI=0xffffffffffffffff
R8 =0x0000000000000011, R9 =0x000000000000001e, R10=0x0000000000000000, R11=0x000000fe2e1ff4a0
R12=0x000000fe2e1ff5d8, R13=0x0000000000000000, R14=0x0000000800daa700, R15=0x000000fe2e1ff628
RIP=0x00007fffba86e32a, EFLAGS=0x0000000000010202

Top of Stack: (sp=0x000000fe2e1ff480)
0x000000fe2e1ff480:   0000000000000029 0000000800daa700
0x000000fe2e1ff490:   00000295d1d9f2d0 0000000000000000
0x000000fe2e1ff4a0:   ffffffffffffffff 00007fffba5d88cc
0x000000fe2e1ff4b0:   00000295d1c4a23c 00000295d1c4a210
0x000000fe2e1ff4c0:   00000295d1da65c0 00000295d251e820
0x000000fe2e1ff4d0:   00000295d1c4a1d0 00000000000003d8
0x000000fe2e1ff4e0:   00000295d1c4a1e0 00000295d1c4a5b8
0x000000fe2e1ff4f0:   0000000000000002 000000fe2e1ff5d8
0x000000fe2e1ff500:   0000000000000000 0000000000000000
0x000000fe2e1ff510:   000000070eb11f20 00007fffba59ff34
0x000000fe2e1ff520:   00000295d1d9f2d0 000000fe2e1ff628
0x000000fe2e1ff530:   00000295ae03def0 000000fe2e1ff628
0x000000fe2e1ff540:   00000295d1d9f2d0 0000000000000000
0x000000fe2e1ff550:   0000029500000000 0000000000000000
0x000000fe2e1ff560:   000000000000000d 00007ff82c4e2dff
0x000000fe2e1ff570:   000000fe2e1ff620 00007ff82c4f1aa0 

Instructions: (pc=0x00007fffba86e32a)
0x00007fffba86e22a:   48 83 c4 20 5f e9 bc 80 90 ff cc cc cc cc cc cc
0x00007fffba86e23a:   cc cc cc cc cc cc 48 89 5c 24 08 57 48 83 ec 20
0x00007fffba86e24a:   83 fa 02 8d 42 06 b9 08 00 00 00 49 8b d8 0f 4e
0x00007fffba86e25a:   c1 48 63 c8 48 83 c1 07 83 e1 f8 48 63 f9 49 8b
0x00007fffba86e26a:   48 18 48 8b c7 48 f7 d0 48 3b c1 73 16 4c 8d 05
0x00007fffba86e27a:   4a 50 17 00 48 8b d7 48 8b cb e8 c7 e3 90 ff 48
0x00007fffba86e28a:   8b 4b 18 48 8d 04 39 48 3b 43 20 76 18 45 33 c0
0x00007fffba86e29a:   48 8b d7 48 8b cb 48 8b 5c 24 30 48 83 c4 20 5f
0x00007fffba86e2aa:   e9 21 e0 90 ff 48 89 43 18 48 8b c1 48 8b 5c 24
0x00007fffba86e2ba:   30 48 83 c4 20 5f c3 cc cc cc cc cc cc cc cc cc
0x00007fffba86e2ca:   cc cc cc cc cc cc 4c 8b d2 4c 8b d9 45 85 c0 7e
0x00007fffba86e2da:   3c 44 0f b7 49 04 41 8d 40 ff 41 3b c1 44 0f 4c
0x00007fffba86e2ea:   c8 4d 63 c1 45 85 c9 7e 1f 48 8b c2 4c 2b da 49
0x00007fffba86e2fa:   8b d0 0f 1f 40 00 41 0f b6 4c 03 06 88 08 48 8d
0x00007fffba86e30a:   40 01 48 83 ea 01 75 ee 43 c6 04 10 00 49 8b c2
0x00007fffba86e31a:   c3 cc cc cc cc cc 48 89 5c 24 08 57 48 83 ec 20
0x00007fffba86e32a:   0f b7 59 04 48 8b f9 33 d2 48 8d 4b 01 e8 a4 dc
0x00007fffba86e33a:   f2 ff 0f b7 57 04 4c 8b c0 3b da 0f 42 d3 44 8b
0x00007fffba86e34a:   ca 85 d2 74 39 48 2b f8 0f 1f 40 00 66 66 0f 1f
0x00007fffba86e35a:   84 00 00 00 00 00 0f b6 4c 07 06 88 08 48 ff c0
0x00007fffba86e36a:   48 8b c8 49 2b c8 49 3b c9 7c eb 42 c6 04 02 00
0x00007fffba86e37a:   49 8b c0 48 8b 5c 24 30 48 83 c4 20 5f c3 48 8b
0x00007fffba86e38a:   5c 24 30 c6 04 02 00 48 83 c4 20 5f c3 cc cc cc
0x00007fffba86e39a:   cc cc cc cc cc cc 4c 8b d1 45 85 c0 7e 6c 44 0f
0x00007fffba86e3aa:   b7 49 04 41 8d 40 ff 41 3b c1 44 0f 4c c8 4d 63
0x00007fffba86e3ba:   d9 45 85 c9 7e 22 48 8b ca 4c 2b d2 4d 8b c3 0f
0x00007fffba86e3ca:   1f 80 00 00 00 00 41 0f b6 44 0a 06 88 01 48 8d
0x00007fffba86e3da:   49 01 49 83 e8 01 75 ee 41 c6 04 13 00 48 c7 c0
0x00007fffba86e3ea:   ff ff ff ff 66 90 48 ff c0 80 3c 02 00 75 f7 48
0x00007fffba86e3fa:   63 c8 85 c0 48 8b c2 7e 14 80 38 2f 75 03 c6 00
0x00007fffba86e40a:   2e 48 ff c0 48 83 e9 01 75 ef 48 8b c2 c3 cc cc
0x00007fffba86e41a:   cc cc cc cc cc cc 48 83 ec 28 e8 f7 fe ff ff 4c 


Stack slot to memory mapping:
stack at sp + 0 slots: 0x0000000000000029 is an unknown value
stack at sp + 1 slots: 0x0000000800daa700 is a pointer to class: 
dev.asor.univitatis.database.dao.AlunoDao {0x0000000800daa708}
 - instance size:     3
 - klass size:        93
 - access:            public synchronized 
 - state:             fully_initialized
 - name:              'dev/asor/univitatis/database/dao/AlunoDao'
 - super:             'dev/asor/univitatis/database/dao/GenericDao'
 - sub:               
 - arrays:            NULL
 - methods:           Array<T>(0x00000295d3e78918)
 - method ordering:   Array<T>(0x00000295d3e79178)
 - default_methods:   Array<T>(0x0000000000000000)
 - local interfaces:  Array<T>(0x00000295d3e74908)
 - trans. interfaces: Array<T>(0x00000295d3e75630)
 - constants:         constant pool [256] {0x00000295d3e7a4e8} for 'dev/asor/univitatis/database/dao/AlunoDao' cache=0x00000295d3e7ade8
 - class loader data:  loader data: 0x00000295d1c7d7d0 for instance a 'jdk/internal/loader/ClassLoaders$AppClassLoader'{0x0000000701a01d70}
 - source file:       'AlunoDao.java'
 - source debug extension:       SMAP
AlunoDao.java
Java
*S jdt
*F
1 AlunoDao.java
2 file:/D:/dev/git/@samuel.rockenbach/universum-universitatis/target/classes/
*L
*E

 - class annotations:       Array<T>(0x0000000000000000)
 - class type annotations:  Array<T>(0x0000000000000000)
 - field annotations:       Array<T>(0x0000000000000000)
 - field type annotations:  Array<T>(0x0000000000000000)
 - generic signature: '
[error occurred during error reporting (inspecting top of stack), id 0xc0000005, EXCEPTION_ACCESS_VIOLATION (0xc0000005) at pc=0x00007fffba86ef36]


---------------  P R O C E S S  ---------------

Threads class SMR info:
_java_thread_list=0x00000295d251f390, length=20, elements={
0x00000295d10035c0, 0x00000295d1004430, 0x00000295d101a590, 0x00000295d101af40,
0x00000295d101b8f0, 0x00000295d101dd20, 0x00000295d1c08090, 0x00000295d1c08b50,
0x00000295d1c11140, 0x00000295d1d11880, 0x00000295d1d9f2d0, 0x00000295d1df3a70,
0x00000295d1dde870, 0x00000295d1d113b0, 0x00000295d1d0fba0, 0x00000295d1d10070,
0x00000295d1d0f6d0, 0x00000295d1d10a10, 0x00000295d1d0f200, 0x00000295d1d12220
}

Java Threads: ( => current thread )
  0x00000295d10035c0 JavaThread "Reference Handler" daemon [_thread_blocked, id=9548, stack(0x000000fe2d700000,0x000000fe2d800000)]
  0x00000295d1004430 JavaThread "Finalizer" daemon [_thread_blocked, id=14080, stack(0x000000fe2d800000,0x000000fe2d900000)]
  0x00000295d101a590 JavaThread "Signal Dispatcher" daemon [_thread_blocked, id=13712, stack(0x000000fe2d900000,0x000000fe2da00000)]
  0x00000295d101af40 JavaThread "Attach Listener" daemon [_thread_blocked, id=2024, stack(0x000000fe2da00000,0x000000fe2db00000)]
  0x00000295d101b8f0 JavaThread "Service Thread" daemon [_thread_blocked, id=324, stack(0x000000fe2db00000,0x000000fe2dc00000)]
  0x00000295d101dd20 JavaThread "Monitor Deflation Thread" daemon [_thread_blocked, id=16056, stack(0x000000fe2dc00000,0x000000fe2dd00000)]
  0x00000295d1c08090 JavaThread "C2 CompilerThread0" daemon [_thread_blocked, id=9184, stack(0x000000fe2dd00000,0x000000fe2de00000)]
  0x00000295d1c08b50 JavaThread "C1 CompilerThread0" daemon [_thread_blocked, id=12532, stack(0x000000fe2de00000,0x000000fe2df00000)]
  0x00000295d1c11140 JavaThread "Sweeper thread" daemon [_thread_blocked, id=15008, stack(0x000000fe2df00000,0x000000fe2e000000)]
  0x00000295d1d11880 JavaThread "Common-Cleaner" daemon [_thread_blocked, id=16036, stack(0x000000fe2e000000,0x000000fe2e100000)]
=>0x00000295d1d9f2d0 JavaThread "JDWP Transport Listener: dt_socket" daemon [_thread_in_vm, id=13200, stack(0x000000fe2e100000,0x000000fe2e200000)]
  0x00000295d1df3a70 JavaThread "JDWP Event Helper Thread" daemon [_thread_blocked, id=12240, stack(0x000000fe2e200000,0x000000fe2e300000)]
  0x00000295d1dde870 JavaThread "JDWP Command Reader" daemon [_thread_in_native, id=1668, stack(0x000000fe2e300000,0x000000fe2e400000)]
  0x00000295d1d113b0 JavaThread "Notification Thread" daemon [_thread_blocked, id=14688, stack(0x000000fe2e500000,0x000000fe2e600000)]
  0x00000295d1d0fba0 JavaThread "Java2D Disposer" daemon [_thread_blocked, id=4360, stack(0x000000fe2e700000,0x000000fe2e800000)]
  0x00000295d1d10070 JavaThread "AWT-Shutdown" [_thread_blocked, id=16308, stack(0x000000fe2e800000,0x000000fe2e900000)]
  0x00000295d1d0f6d0 JavaThread "AWT-Windows" daemon [_thread_in_native, id=12964, stack(0x000000fe2e900000,0x000000fe2ea00000)]
  0x00000295d1d10a10 JavaThread "AWT-EventQueue-0" [_thread_blocked, id=15600, stack(0x000000fe2f100000,0x000000fe2f200000)]
  0x00000295d1d0f200 JavaThread "DestroyJavaVM" [_thread_blocked, id=10756, stack(0x000000fe2d000000,0x000000fe2d100000)]
  0x00000295d1d12220 JavaThread "TimerQueue" daemon [_thread_blocked, id=6892, stack(0x000000fe2f500000,0x000000fe2f600000)]

Other Threads:
  0x00000295d0ffd9c0 VMThread "VM Thread" [stack: 0x000000fe2d600000,0x000000fe2d700000] [id=6684]
  0x00000295ae0dd170 WatcherThread [stack: 0x000000fe2e600000,0x000000fe2e700000] [id=13028]
  0x00000295ae0ba9e0 GCTaskThread "GC Thread#0" [stack: 0x000000fe2d100000,0x000000fe2d200000] [id=14260]
  0x00000295d2347680 GCTaskThread "GC Thread#1" [stack: 0x000000fe2ea00000,0x000000fe2eb00000] [id=13664]
  0x00000295d2769cc0 GCTaskThread "GC Thread#2" [stack: 0x000000fe2eb00000,0x000000fe2ec00000] [id=13720]
  0x00000295d298a480 GCTaskThread "GC Thread#3" [stack: 0x000000fe2ec00000,0x000000fe2ed00000] [id=13952]
  0x00000295d298a730 GCTaskThread "GC Thread#4" [stack: 0x000000fe2ed00000,0x000000fe2ee00000] [id=13084]
  0x00000295d298a9e0 GCTaskThread "GC Thread#5" [stack: 0x000000fe2ee00000,0x000000fe2ef00000] [id=2260]
  0x00000295d27a2580 GCTaskThread "GC Thread#6" [stack: 0x000000fe2ef00000,0x000000fe2f000000] [id=12644]
  0x00000295d27a2830 GCTaskThread "GC Thread#7" [stack: 0x000000fe2f000000,0x000000fe2f100000] [id=9028]
  0x00000295ae0cb7a0 ConcurrentGCThread "G1 Main Marker" [stack: 0x000000fe2d200000,0x000000fe2d300000] [id=9312]
  0x00000295ae0cc950 ConcurrentGCThread "G1 Conc#0" [stack: 0x000000fe2d300000,0x000000fe2d400000] [id=2660]
  0x00000295ae11d250 ConcurrentGCThread "G1 Refine#0" [stack: 0x000000fe2d400000,0x000000fe2d500000] [id=9768]
  0x00000295ae11dc70 ConcurrentGCThread "G1 Service" [stack: 0x000000fe2d500000,0x000000fe2d600000] [id=9344]

Threads with active compile tasks:

VM state: not at safepoint (normal execution)

VM Mutex/Monitor currently owned by a thread: None

Heap address: 0x0000000701800000, size: 4072 MB, Compressed Oops mode: Zero based, Oop shift amount: 3

CDS archive(s) mapped at: [0x0000000800000000-0x0000000800bc0000-0x0000000800bc0000), size 12320768, SharedBaseAddress: 0x0000000800000000, ArchiveRelocationMode: 0.
Compressed class space mapped at: 0x0000000800c00000-0x0000000840c00000, reserved size: 1073741824
Narrow klass base: 0x0000000800000000, Narrow klass shift: 0, Narrow klass range: 0x100000000

GC Precious Log:
 CPUs: 8 total, 8 available
 Memory: 16281M
 Large Page Support: Disabled
 NUMA Support: Disabled
 Compressed Oops: Enabled (Zero based)
 Heap Region Size: 2M
 Heap Min Capacity: 8M
 Heap Initial Capacity: 256M
 Heap Max Capacity: 4072M
 Pre-touch: Disabled
 Parallel Workers: 8
 Concurrent Workers: 2
 Concurrent Refinement Workers: 8
 Periodic GC: Disabled

Heap:
 garbage-first heap   total 262144K, used 53731K [0x0000000701800000, 0x0000000800000000)
  region size 2048K, 24 young (49152K), 2 survivors (4096K)
 Metaspace       used 17190K, committed 17408K, reserved 1064960K
  class space    used 1917K, committed 2048K, reserved 1048576K

Heap Regions: E=young(eden), S=young(survivor), O=old, HS=humongous(starts), HC=humongous(continues), CS=collection set, F=free, OA=open archive, CA=closed archive, TAMS=top-at-mark-start (previous, next)
|   0|0x0000000701800000, 0x0000000701a00000, 0x0000000701a00000|100%|HS|  |TAMS 0x0000000701800000, 0x0000000701800000| Complete 
|   1|0x0000000701a00000, 0x0000000701c00000, 0x0000000701c00000|100%| O|  |TAMS 0x0000000701a00000, 0x0000000701a00000| Untracked 
|   2|0x0000000701c00000, 0x0000000701d09c00, 0x0000000701e00000| 51%| O|  |TAMS 0x0000000701c00000, 0x0000000701c00000| Untracked 
|   3|0x0000000701e00000, 0x0000000702000000, 0x0000000702000000|100%|HS|  |TAMS 0x0000000701e00000, 0x0000000701e00000| Complete 
|   4|0x0000000702000000, 0x0000000702000000, 0x0000000702200000|  0%| F|  |TAMS 0x0000000702000000, 0x0000000702000000| Untracked 
|   5|0x0000000702200000, 0x0000000702200000, 0x0000000702400000|  0%| F|  |TAMS 0x0000000702200000, 0x0000000702200000| Untracked 
|   6|0x0000000702400000, 0x0000000702400000, 0x0000000702600000|  0%| F|  |TAMS 0x0000000702400000, 0x0000000702400000| Untracked 
|   7|0x0000000702600000, 0x0000000702600000, 0x0000000702800000|  0%| F|  |TAMS 0x0000000702600000, 0x0000000702600000| Untracked 
|   8|0x0000000702800000, 0x0000000702800000, 0x0000000702a00000|  0%| F|  |TAMS 0x0000000702800000, 0x0000000702800000| Untracked 
|   9|0x0000000702a00000, 0x0000000702a00000, 0x0000000702c00000|  0%| F|  |TAMS 0x0000000702a00000, 0x0000000702a00000| Untracked 
|  10|0x0000000702c00000, 0x0000000702c00000, 0x0000000702e00000|  0%| F|  |TAMS 0x0000000702c00000, 0x0000000702c00000| Untracked 
|  11|0x0000000702e00000, 0x0000000702e00000, 0x0000000703000000|  0%| F|  |TAMS 0x0000000702e00000, 0x0000000702e00000| Untracked 
|  12|0x0000000703000000, 0x0000000703000000, 0x0000000703200000|  0%| F|  |TAMS 0x0000000703000000, 0x0000000703000000| Untracked 
|  13|0x0000000703200000, 0x0000000703200000, 0x0000000703400000|  0%| F|  |TAMS 0x0000000703200000, 0x0000000703200000| Untracked 
|  14|0x0000000703400000, 0x0000000703400000, 0x0000000703600000|  0%| F|  |TAMS 0x0000000703400000, 0x0000000703400000| Untracked 
|  15|0x0000000703600000, 0x0000000703600000, 0x0000000703800000|  0%| F|  |TAMS 0x0000000703600000, 0x0000000703600000| Untracked 
|  16|0x0000000703800000, 0x0000000703800000, 0x0000000703a00000|  0%| F|  |TAMS 0x0000000703800000, 0x0000000703800000| Untracked 
|  17|0x0000000703a00000, 0x0000000703a00000, 0x0000000703c00000|  0%| F|  |TAMS 0x0000000703a00000, 0x0000000703a00000| Untracked 
|  18|0x0000000703c00000, 0x0000000703c00000, 0x0000000703e00000|  0%| F|  |TAMS 0x0000000703c00000, 0x0000000703c00000| Untracked 
|  19|0x0000000703e00000, 0x0000000703e00000, 0x0000000704000000|  0%| F|  |TAMS 0x0000000703e00000, 0x0000000703e00000| Untracked 
|  20|0x0000000704000000, 0x0000000704000000, 0x0000000704200000|  0%| F|  |TAMS 0x0000000704000000, 0x0000000704000000| Untracked 
|  21|0x0000000704200000, 0x0000000704200000, 0x0000000704400000|  0%| F|  |TAMS 0x0000000704200000, 0x0000000704200000| Untracked 
|  22|0x0000000704400000, 0x0000000704400000, 0x0000000704600000|  0%| F|  |TAMS 0x0000000704400000, 0x0000000704400000| Untracked 
|  23|0x0000000704600000, 0x0000000704600000, 0x0000000704800000|  0%| F|  |TAMS 0x0000000704600000, 0x0000000704600000| Untracked 
|  24|0x0000000704800000, 0x0000000704800000, 0x0000000704a00000|  0%| F|  |TAMS 0x0000000704800000, 0x0000000704800000| Untracked 
|  25|0x0000000704a00000, 0x0000000704a00000, 0x0000000704c00000|  0%| F|  |TAMS 0x0000000704a00000, 0x0000000704a00000| Untracked 
|  26|0x0000000704c00000, 0x0000000704c00000, 0x0000000704e00000|  0%| F|  |TAMS 0x0000000704c00000, 0x0000000704c00000| Untracked 
|  27|0x0000000704e00000, 0x0000000704e00000, 0x0000000705000000|  0%| F|  |TAMS 0x0000000704e00000, 0x0000000704e00000| Untracked 
|  28|0x0000000705000000, 0x0000000705000000, 0x0000000705200000|  0%| F|  |TAMS 0x0000000705000000, 0x0000000705000000| Untracked 
|  29|0x0000000705200000, 0x0000000705200000, 0x0000000705400000|  0%| F|  |TAMS 0x0000000705200000, 0x0000000705200000| Untracked 
|  30|0x0000000705400000, 0x0000000705400000, 0x0000000705600000|  0%| F|  |TAMS 0x0000000705400000, 0x0000000705400000| Untracked 
|  31|0x0000000705600000, 0x0000000705600000, 0x0000000705800000|  0%| F|  |TAMS 0x0000000705600000, 0x0000000705600000| Untracked 
|  32|0x0000000705800000, 0x0000000705800000, 0x0000000705a00000|  0%| F|  |TAMS 0x0000000705800000, 0x0000000705800000| Untracked 
|  33|0x0000000705a00000, 0x0000000705a00000, 0x0000000705c00000|  0%| F|  |TAMS 0x0000000705a00000, 0x0000000705a00000| Untracked 
|  34|0x0000000705c00000, 0x0000000705c00000, 0x0000000705e00000|  0%| F|  |TAMS 0x0000000705c00000, 0x0000000705c00000| Untracked 
|  35|0x0000000705e00000, 0x0000000705e00000, 0x0000000706000000|  0%| F|  |TAMS 0x0000000705e00000, 0x0000000705e00000| Untracked 
|  36|0x0000000706000000, 0x0000000706000000, 0x0000000706200000|  0%| F|  |TAMS 0x0000000706000000, 0x0000000706000000| Untracked 
|  37|0x0000000706200000, 0x0000000706200000, 0x0000000706400000|  0%| F|  |TAMS 0x0000000706200000, 0x0000000706200000| Untracked 
|  38|0x0000000706400000, 0x0000000706400000, 0x0000000706600000|  0%| F|  |TAMS 0x0000000706400000, 0x0000000706400000| Untracked 
|  39|0x0000000706600000, 0x0000000706600000, 0x0000000706800000|  0%| F|  |TAMS 0x0000000706600000, 0x0000000706600000| Untracked 
|  40|0x0000000706800000, 0x0000000706800000, 0x0000000706a00000|  0%| F|  |TAMS 0x0000000706800000, 0x0000000706800000| Untracked 
|  41|0x0000000706a00000, 0x0000000706a00000, 0x0000000706c00000|  0%| F|  |TAMS 0x0000000706a00000, 0x0000000706a00000| Untracked 
|  42|0x0000000706c00000, 0x0000000706c00000, 0x0000000706e00000|  0%| F|  |TAMS 0x0000000706c00000, 0x0000000706c00000| Untracked 
|  43|0x0000000706e00000, 0x0000000706e00000, 0x0000000707000000|  0%| F|  |TAMS 0x0000000706e00000, 0x0000000706e00000| Untracked 
|  44|0x0000000707000000, 0x0000000707000000, 0x0000000707200000|  0%| F|  |TAMS 0x0000000707000000, 0x0000000707000000| Untracked 
|  45|0x0000000707200000, 0x0000000707200000, 0x0000000707400000|  0%| F|  |TAMS 0x0000000707200000, 0x0000000707200000| Untracked 
|  46|0x0000000707400000, 0x0000000707400000, 0x0000000707600000|  0%| F|  |TAMS 0x0000000707400000, 0x0000000707400000| Untracked 
|  47|0x0000000707600000, 0x0000000707600000, 0x0000000707800000|  0%| F|  |TAMS 0x0000000707600000, 0x0000000707600000| Untracked 
|  48|0x0000000707800000, 0x0000000707800000, 0x0000000707a00000|  0%| F|  |TAMS 0x0000000707800000, 0x0000000707800000| Untracked 
|  49|0x0000000707a00000, 0x0000000707a00000, 0x0000000707c00000|  0%| F|  |TAMS 0x0000000707a00000, 0x0000000707a00000| Untracked 
|  50|0x0000000707c00000, 0x0000000707c00000, 0x0000000707e00000|  0%| F|  |TAMS 0x0000000707c00000, 0x0000000707c00000| Untracked 
|  51|0x0000000707e00000, 0x0000000707e00000, 0x0000000708000000|  0%| F|  |TAMS 0x0000000707e00000, 0x0000000707e00000| Untracked 
|  52|0x0000000708000000, 0x0000000708000000, 0x0000000708200000|  0%| F|  |TAMS 0x0000000708000000, 0x0000000708000000| Untracked 
|  53|0x0000000708200000, 0x0000000708200000, 0x0000000708400000|  0%| F|  |TAMS 0x0000000708200000, 0x0000000708200000| Untracked 
|  54|0x0000000708400000, 0x0000000708400000, 0x0000000708600000|  0%| F|  |TAMS 0x0000000708400000, 0x0000000708400000| Untracked 
|  55|0x0000000708600000, 0x0000000708600000, 0x0000000708800000|  0%| F|  |TAMS 0x0000000708600000, 0x0000000708600000| Untracked 
|  56|0x0000000708800000, 0x0000000708800000, 0x0000000708a00000|  0%| F|  |TAMS 0x0000000708800000, 0x0000000708800000| Untracked 
|  57|0x0000000708a00000, 0x0000000708a00000, 0x0000000708c00000|  0%| F|  |TAMS 0x0000000708a00000, 0x0000000708a00000| Untracked 
|  58|0x0000000708c00000, 0x0000000708c00000, 0x0000000708e00000|  0%| F|  |TAMS 0x0000000708c00000, 0x0000000708c00000| Untracked 
|  59|0x0000000708e00000, 0x0000000708e00000, 0x0000000709000000|  0%| F|  |TAMS 0x0000000708e00000, 0x0000000708e00000| Untracked 
|  60|0x0000000709000000, 0x0000000709000000, 0x0000000709200000|  0%| F|  |TAMS 0x0000000709000000, 0x0000000709000000| Untracked 
|  61|0x0000000709200000, 0x0000000709200000, 0x0000000709400000|  0%| F|  |TAMS 0x0000000709200000, 0x0000000709200000| Untracked 
|  62|0x0000000709400000, 0x0000000709400000, 0x0000000709600000|  0%| F|  |TAMS 0x0000000709400000, 0x0000000709400000| Untracked 
|  63|0x0000000709600000, 0x0000000709600000, 0x0000000709800000|  0%| F|  |TAMS 0x0000000709600000, 0x0000000709600000| Untracked 
|  64|0x0000000709800000, 0x0000000709800000, 0x0000000709a00000|  0%| F|  |TAMS 0x0000000709800000, 0x0000000709800000| Untracked 
|  65|0x0000000709a00000, 0x0000000709a00000, 0x0000000709c00000|  0%| F|  |TAMS 0x0000000709a00000, 0x0000000709a00000| Untracked 
|  66|0x0000000709c00000, 0x0000000709c00000, 0x0000000709e00000|  0%| F|  |TAMS 0x0000000709c00000, 0x0000000709c00000| Untracked 
|  67|0x0000000709e00000, 0x0000000709e00000, 0x000000070a000000|  0%| F|  |TAMS 0x0000000709e00000, 0x0000000709e00000| Untracked 
|  68|0x000000070a000000, 0x000000070a000000, 0x000000070a200000|  0%| F|  |TAMS 0x000000070a000000, 0x000000070a000000| Untracked 
|  69|0x000000070a200000, 0x000000070a200000, 0x000000070a400000|  0%| F|  |TAMS 0x000000070a200000, 0x000000070a200000| Untracked 
|  70|0x000000070a400000, 0x000000070a400000, 0x000000070a600000|  0%| F|  |TAMS 0x000000070a400000, 0x000000070a400000| Untracked 
|  71|0x000000070a600000, 0x000000070a600000, 0x000000070a800000|  0%| F|  |TAMS 0x000000070a600000, 0x000000070a600000| Untracked 
|  72|0x000000070a800000, 0x000000070a800000, 0x000000070aa00000|  0%| F|  |TAMS 0x000000070a800000, 0x000000070a800000| Untracked 
|  73|0x000000070aa00000, 0x000000070aa00000, 0x000000070ac00000|  0%| F|  |TAMS 0x000000070aa00000, 0x000000070aa00000| Untracked 
|  74|0x000000070ac00000, 0x000000070ac00000, 0x000000070ae00000|  0%| F|  |TAMS 0x000000070ac00000, 0x000000070ac00000| Untracked 
|  75|0x000000070ae00000, 0x000000070ae00000, 0x000000070b000000|  0%| F|  |TAMS 0x000000070ae00000, 0x000000070ae00000| Untracked 
|  76|0x000000070b000000, 0x000000070b000000, 0x000000070b200000|  0%| F|  |TAMS 0x000000070b000000, 0x000000070b000000| Untracked 
|  77|0x000000070b200000, 0x000000070b200000, 0x000000070b400000|  0%| F|  |TAMS 0x000000070b200000, 0x000000070b200000| Untracked 
|  78|0x000000070b400000, 0x000000070b400000, 0x000000070b600000|  0%| F|  |TAMS 0x000000070b400000, 0x000000070b400000| Untracked 
|  79|0x000000070b600000, 0x000000070b600000, 0x000000070b800000|  0%| F|  |TAMS 0x000000070b600000, 0x000000070b600000| Untracked 
|  80|0x000000070b800000, 0x000000070b800000, 0x000000070ba00000|  0%| F|  |TAMS 0x000000070b800000, 0x000000070b800000| Untracked 
|  81|0x000000070ba00000, 0x000000070ba00000, 0x000000070bc00000|  0%| F|  |TAMS 0x000000070ba00000, 0x000000070ba00000| Untracked 
|  82|0x000000070bc00000, 0x000000070bc00000, 0x000000070be00000|  0%| F|  |TAMS 0x000000070bc00000, 0x000000070bc00000| Untracked 
|  83|0x000000070be00000, 0x000000070be00000, 0x000000070c000000|  0%| F|  |TAMS 0x000000070be00000, 0x000000070be00000| Untracked 
|  84|0x000000070c000000, 0x000000070c000000, 0x000000070c200000|  0%| F|  |TAMS 0x000000070c000000, 0x000000070c000000| Untracked 
|  85|0x000000070c200000, 0x000000070c200000, 0x000000070c400000|  0%| F|  |TAMS 0x000000070c200000, 0x000000070c200000| Untracked 
|  86|0x000000070c400000, 0x000000070c400000, 0x000000070c600000|  0%| F|  |TAMS 0x000000070c400000, 0x000000070c400000| Untracked 
|  87|0x000000070c600000, 0x000000070c600000, 0x000000070c800000|  0%| F|  |TAMS 0x000000070c600000, 0x000000070c600000| Untracked 
|  88|0x000000070c800000, 0x000000070c800000, 0x000000070ca00000|  0%| F|  |TAMS 0x000000070c800000, 0x000000070c800000| Untracked 
|  89|0x000000070ca00000, 0x000000070ca00000, 0x000000070cc00000|  0%| F|  |TAMS 0x000000070ca00000, 0x000000070ca00000| Untracked 
|  90|0x000000070cc00000, 0x000000070cc00000, 0x000000070ce00000|  0%| F|  |TAMS 0x000000070cc00000, 0x000000070cc00000| Untracked 
|  91|0x000000070ce00000, 0x000000070ce00000, 0x000000070d000000|  0%| F|  |TAMS 0x000000070ce00000, 0x000000070ce00000| Untracked 
|  92|0x000000070d000000, 0x000000070d000000, 0x000000070d200000|  0%| F|  |TAMS 0x000000070d000000, 0x000000070d000000| Untracked 
|  93|0x000000070d200000, 0x000000070d200000, 0x000000070d400000|  0%| F|  |TAMS 0x000000070d200000, 0x000000070d200000| Untracked 
|  94|0x000000070d400000, 0x000000070d400000, 0x000000070d600000|  0%| F|  |TAMS 0x000000070d400000, 0x000000070d400000| Untracked 
|  95|0x000000070d600000, 0x000000070d600000, 0x000000070d800000|  0%| F|  |TAMS 0x000000070d600000, 0x000000070d600000| Untracked 
|  96|0x000000070d800000, 0x000000070d800000, 0x000000070da00000|  0%| F|  |TAMS 0x000000070d800000, 0x000000070d800000| Untracked 
|  97|0x000000070da00000, 0x000000070da00000, 0x000000070dc00000|  0%| F|  |TAMS 0x000000070da00000, 0x000000070da00000| Untracked 
|  98|0x000000070dc00000, 0x000000070dc00000, 0x000000070de00000|  0%| F|  |TAMS 0x000000070dc00000, 0x000000070dc00000| Untracked 
|  99|0x000000070de00000, 0x000000070de00000, 0x000000070e000000|  0%| F|  |TAMS 0x000000070de00000, 0x000000070de00000| Untracked 
| 100|0x000000070e000000, 0x000000070e000000, 0x000000070e200000|  0%| F|  |TAMS 0x000000070e000000, 0x000000070e000000| Untracked 
| 101|0x000000070e200000, 0x000000070e200000, 0x000000070e400000|  0%| F|  |TAMS 0x000000070e200000, 0x000000070e200000| Untracked 
| 102|0x000000070e400000, 0x000000070e400000, 0x000000070e600000|  0%| F|  |TAMS 0x000000070e400000, 0x000000070e400000| Untracked 
| 103|0x000000070e600000, 0x000000070e600000, 0x000000070e800000|  0%| F|  |TAMS 0x000000070e600000, 0x000000070e600000| Untracked 
| 104|0x000000070e800000, 0x000000070e900800, 0x000000070ea00000| 50%| E|  |TAMS 0x000000070e800000, 0x000000070e800000| Complete 
| 105|0x000000070ea00000, 0x000000070ec00000, 0x000000070ec00000|100%| E|CS|TAMS 0x000000070ea00000, 0x000000070ea00000| Complete 
| 106|0x000000070ec00000, 0x000000070ee00000, 0x000000070ee00000|100%| E|CS|TAMS 0x000000070ec00000, 0x000000070ec00000| Complete 
| 107|0x000000070ee00000, 0x000000070f000000, 0x000000070f000000|100%| E|CS|TAMS 0x000000070ee00000, 0x000000070ee00000| Complete 
| 108|0x000000070f000000, 0x000000070f16f3d0, 0x000000070f200000| 71%| S|CS|TAMS 0x000000070f000000, 0x000000070f000000| Complete 
| 109|0x000000070f200000, 0x000000070f400000, 0x000000070f400000|100%| S|CS|TAMS 0x000000070f200000, 0x000000070f200000| Complete 
| 110|0x000000070f400000, 0x000000070f600000, 0x000000070f600000|100%| E|CS|TAMS 0x000000070f400000, 0x000000070f400000| Complete 
| 111|0x000000070f600000, 0x000000070f800000, 0x000000070f800000|100%| E|CS|TAMS 0x000000070f600000, 0x000000070f600000| Complete 
| 112|0x000000070f800000, 0x000000070fa00000, 0x000000070fa00000|100%| E|CS|TAMS 0x000000070f800000, 0x000000070f800000| Complete 
| 113|0x000000070fa00000, 0x000000070fc00000, 0x000000070fc00000|100%| E|CS|TAMS 0x000000070fa00000, 0x000000070fa00000| Complete 
| 114|0x000000070fc00000, 0x000000070fe00000, 0x000000070fe00000|100%| E|CS|TAMS 0x000000070fc00000, 0x000000070fc00000| Complete 
| 115|0x000000070fe00000, 0x0000000710000000, 0x0000000710000000|100%| E|CS|TAMS 0x000000070fe00000, 0x000000070fe00000| Complete 
| 116|0x0000000710000000, 0x0000000710200000, 0x0000000710200000|100%| E|CS|TAMS 0x0000000710000000, 0x0000000710000000| Complete 
| 117|0x0000000710200000, 0x0000000710400000, 0x0000000710400000|100%| E|CS|TAMS 0x0000000710200000, 0x0000000710200000| Complete 
| 118|0x0000000710400000, 0x0000000710600000, 0x0000000710600000|100%| E|CS|TAMS 0x0000000710400000, 0x0000000710400000| Complete 
| 119|0x0000000710600000, 0x0000000710800000, 0x0000000710800000|100%| E|CS|TAMS 0x0000000710600000, 0x0000000710600000| Complete 
| 120|0x0000000710800000, 0x0000000710a00000, 0x0000000710a00000|100%| E|CS|TAMS 0x0000000710800000, 0x0000000710800000| Complete 
| 121|0x0000000710a00000, 0x0000000710c00000, 0x0000000710c00000|100%| E|CS|TAMS 0x0000000710a00000, 0x0000000710a00000| Complete 
| 122|0x0000000710c00000, 0x0000000710e00000, 0x0000000710e00000|100%| E|CS|TAMS 0x0000000710c00000, 0x0000000710c00000| Complete 
| 123|0x0000000710e00000, 0x0000000711000000, 0x0000000711000000|100%| E|CS|TAMS 0x0000000710e00000, 0x0000000710e00000| Complete 
| 124|0x0000000711000000, 0x0000000711200000, 0x0000000711200000|100%| E|CS|TAMS 0x0000000711000000, 0x0000000711000000| Complete 
| 125|0x0000000711200000, 0x0000000711400000, 0x0000000711400000|100%| E|CS|TAMS 0x0000000711200000, 0x0000000711200000| Complete 
| 126|0x0000000711400000, 0x0000000711600000, 0x0000000711600000|100%| E|CS|TAMS 0x0000000711400000, 0x0000000711400000| Complete 
| 127|0x0000000711600000, 0x0000000711800000, 0x0000000711800000|100%| E|CS|TAMS 0x0000000711600000, 0x0000000711600000| Complete 

Card table byte_map: [0x00000295c5670000,0x00000295c5e70000] _byte_map_base: 0x00000295c1e64000

Marking Bits (Prev, Next): (CMBitMap*) 0x00000295ae0baff0, (CMBitMap*) 0x00000295ae0bb030
 Prev Bits: [0x00000295c6670000, 0x00000295ca610000)
 Next Bits: [0x00000295ca610000, 0x00000295ce5b0000)

Polling page: 0x00000295abe50000

Metaspace:

Usage:
  Non-class:     14.92 MB used.
      Class:      1.87 MB used.
       Both:     16.79 MB used.

Virtual space:
  Non-class space:       16.00 MB reserved,      15.00 MB ( 94%) committed,  2 nodes.
      Class space:        1.00 GB reserved,       2.00 MB ( <1%) committed,  1 nodes.
             Both:        1.02 GB reserved,      17.00 MB (  2%) committed. 

Chunk freelists:
   Non-Class:  528.00 KB
       Class:  2.02 MB
        Both:  2.54 MB

MaxMetaspaceSize: unlimited
CompressedClassSpaceSize: 1.00 GB
Initial GC threshold: 21.00 MB
Current GC threshold: 21.00 MB
CDS: on
MetaspaceReclaimPolicy: balanced
 - commit_granule_bytes: 65536.
 - commit_granule_words: 8192.
 - virtual_space_node_default_size: 1048576.
 - enlarge_chunks_in_place: 1.
 - new_chunks_are_fully_committed: 0.
 - uncommit_free_chunks: 1.
 - use_allocation_guard: 0.
 - handle_deallocations: 1.


Internal statistics:

num_allocs_failed_limit: 0.
num_arena_births: 162.
num_arena_deaths: 0.
num_vsnodes_births: 3.
num_vsnodes_deaths: 0.
num_space_committed: 272.
num_space_uncommitted: 0.
num_chunks_returned_to_freelist: 0.
num_chunks_taken_from_freelist: 360.
num_chunk_merges: 0.
num_chunk_splits: 217.
num_chunks_enlarged: 131.
num_purges: 0.
num_inconsistent_stats: 0.

CodeHeap 'non-profiled nmethods': size=120000Kb used=1086Kb max_used=1086Kb free=118913Kb
 bounds [0x00000295bd600000, 0x00000295bd870000, 0x00000295c4b30000]
CodeHeap 'profiled nmethods': size=120000Kb used=4955Kb max_used=4955Kb free=115044Kb
 bounds [0x00000295b60d0000, 0x00000295b65b0000, 0x00000295bd600000]
CodeHeap 'non-nmethods': size=5760Kb used=1412Kb max_used=1456Kb free=4347Kb
 bounds [0x00000295b5b30000, 0x00000295b5da0000, 0x00000295b60d0000]
 total_blobs=3004 nmethods=2314 adapters=602
 compilation: enabled
              stopped_count=0, restarted_count=0
 full_count=0

Compilation events (20 events):
Event: 31.396 Thread 0x00000295d1c08090 nmethod 2248 0x00000295bd705290 code [0x00000295bd705560, 0x00000295bd707948]
Event: 31.397 Thread 0x00000295d1c08090 2296  s    4       java.util.Hashtable::put (104 bytes)
Event: 31.399 Thread 0x00000295d1c08b50 2310       3       java.lang.invoke.LambdaForm$MH/0x0000000800cc3800::invoke (25 bytes)
Event: 31.399 Thread 0x00000295d1c08b50 nmethod 2310 0x00000295b65a2990 code [0x00000295b65a2b60, 0x00000295b65a3078]
Event: 31.400 Thread 0x00000295d1c08b50 2312       3       java.util.StringTokenizer::setMaxDelimCodePoint (156 bytes)
Event: 31.402 Thread 0x00000295d1c08b50 nmethod 2312 0x00000295b65a3190 code [0x00000295b65a3400, 0x00000295b65a41b8]
Event: 31.402 Thread 0x00000295d1c08b50 2311       3       java.util.StringTokenizer::<init> (52 bytes)
Event: 31.402 Thread 0x00000295d1c08b50 nmethod 2311 0x00000295b65a4710 code [0x00000295b65a48e0, 0x00000295b65a4c88]
Event: 31.402 Thread 0x00000295d1c08b50 2313   !   3       javax.swing.JComponent::putClientProperty (120 bytes)
Event: 31.403 Thread 0x00000295d1c08b50 nmethod 2313 0x00000295b65a4e10 code [0x00000295b65a5080, 0x00000295b65a5bf8]
Event: 31.403 Thread 0x00000295d1c08b50 2314       3       java.lang.ClassLoader::compareCerts (197 bytes)
Event: 31.404 Thread 0x00000295d1c08b50 nmethod 2314 0x00000295b65a5f10 code [0x00000295b65a6120, 0x00000295b65a6a18]
Event: 31.420 Thread 0x00000295d1c08090 nmethod 2296 0x00000295bd708b90 code [0x00000295bd708d60, 0x00000295bd709b48]
Event: 31.421 Thread 0x00000295d1c08090 2290  s!   4       jdk.internal.loader.URLClassPath::getLoader (194 bytes)
Event: 31.427 Thread 0x00000295d1c08090 nmethod 2290 0x00000295bd70a110 code [0x00000295bd70a2c0, 0x00000295bd70aac8]
Event: 31.427 Thread 0x00000295d1c08090 2300       4       java.lang.Class::getName (18 bytes)
Event: 31.428 Thread 0x00000295d1c08090 nmethod 2300 0x00000295bd70ae90 code [0x00000295bd70b020, 0x00000295bd70b0c8]
Event: 31.445 Thread 0x00000295d1dfa010 nmethod 2286 0x00000295bd70b190 code [0x00000295bd70b440, 0x00000295bd70d670]
Event: 32.341 Thread 0x00000295d1c08090 2315 %     4       org.eclipse.jdt.launching.internal.org.objectweb.asm.ByteVector::encodeUtf8 @ 159 (337 bytes)
Event: 32.349 Thread 0x00000295d1c08090 nmethod 2315% 0x00000295bd70ee90 code [0x00000295bd70f040, 0x00000295bd70f618]

GC Heap History (4 events):
Event: 1.171 GC heap before
{Heap before GC invocations=0 (full 0):
 garbage-first heap   total 262144K, used 24576K [0x0000000701800000, 0x0000000800000000)
  region size 2048K, 11 young (22528K), 0 survivors (0K)
 Metaspace       used 7596K, committed 7808K, reserved 1056768K
  class space    used 775K, committed 896K, reserved 1048576K
}
Event: 1.178 GC heap after
{Heap after GC invocations=1 (full 0):
 garbage-first heap   total 262144K, used 5316K [0x0000000701800000, 0x0000000800000000)
  region size 2048K, 2 young (4096K), 2 survivors (4096K)
 Metaspace       used 7596K, committed 7808K, reserved 1056768K
  class space    used 775K, committed 896K, reserved 1048576K
}
Event: 30.868 GC heap before
{Heap before GC invocations=1 (full 0):
 garbage-first heap   total 262144K, used 36036K [0x0000000701800000, 0x0000000800000000)
  region size 2048K, 18 young (36864K), 2 survivors (4096K)
 Metaspace       used 16264K, committed 16448K, reserved 1064960K
  class space    used 1792K, committed 1856K, reserved 1048576K
}
Event: 30.879 GC heap after
{Heap after GC invocations=2 (full 0):
 garbage-first heap   total 262144K, used 8675K [0x0000000701800000, 0x0000000800000000)
  region size 2048K, 2 young (4096K), 2 survivors (4096K)
 Metaspace       used 16264K, committed 16448K, reserved 1064960K
  class space    used 1792K, committed 1856K, reserved 1048576K
}

Deoptimization events (20 events):
Event: 31.291 Thread 0x00000295d1d10a10 DEOPT PACKING pc=0x00000295b6572dc0 sp=0x000000fe2f1fe800
Event: 31.291 Thread 0x00000295d1d10a10 DEOPT UNPACKING pc=0x00000295b5b82b43 sp=0x000000fe2f1fdc98 mode 0
Event: 31.292 Thread 0x00000295d1d10a10 DEOPT PACKING pc=0x00000295b6572dc0 sp=0x000000fe2f1fe800
Event: 31.292 Thread 0x00000295d1d10a10 DEOPT UNPACKING pc=0x00000295b5b82b43 sp=0x000000fe2f1fdc98 mode 0
Event: 31.293 Thread 0x00000295d1d10a10 DEOPT PACKING pc=0x00000295b6572dc0 sp=0x000000fe2f1fe800
Event: 31.293 Thread 0x00000295d1d10a10 DEOPT UNPACKING pc=0x00000295b5b82b43 sp=0x000000fe2f1fdc98 mode 0
Event: 31.295 Thread 0x00000295d1d10a10 DEOPT PACKING pc=0x00000295b6572dc0 sp=0x000000fe2f1fe800
Event: 31.295 Thread 0x00000295d1d10a10 DEOPT UNPACKING pc=0x00000295b5b82b43 sp=0x000000fe2f1fdc98 mode 0
Event: 31.296 Thread 0x00000295d1d10a10 DEOPT PACKING pc=0x00000295b6572dc0 sp=0x000000fe2f1fe800
Event: 31.296 Thread 0x00000295d1d10a10 DEOPT UNPACKING pc=0x00000295b5b82b43 sp=0x000000fe2f1fdc98 mode 0
Event: 31.303 Thread 0x00000295d1d10a10 Uncommon trap: trap_request=0xffffff45 fr.pc=0x00000295bd65303c relative=0x000000000000039c
Event: 31.303 Thread 0x00000295d1d10a10 Uncommon trap: reason=unstable_if action=reinterpret pc=0x00000295bd65303c method=sun.awt.image.ImageRepresentation.getOpaqueRGBImage()Ljava/awt/image/BufferedImage; @ 57 c2
Event: 31.303 Thread 0x00000295d1d10a10 DEOPT PACKING pc=0x00000295bd65303c sp=0x000000fe2f1fe850
Event: 31.303 Thread 0x00000295d1d10a10 DEOPT UNPACKING pc=0x00000295b5b823a3 sp=0x000000fe2f1fe7e0 mode 2
Event: 31.351 Thread 0x00000295d1d10a10 Uncommon trap: trap_request=0xffffff45 fr.pc=0x00000295bd6ef298 relative=0x0000000000000078
Event: 31.351 Thread 0x00000295d1d10a10 Uncommon trap: reason=unstable_if action=reinterpret pc=0x00000295bd6ef298 method=java.lang.Integer.equals(Ljava/lang/Object;)Z @ 18 c2
Event: 31.352 Thread 0x00000295d1d10a10 DEOPT PACKING pc=0x00000295bd6ef298 sp=0x000000fe2f1fe670
Event: 31.352 Thread 0x00000295d1d10a10 DEOPT UNPACKING pc=0x00000295b5b823a3 sp=0x000000fe2f1fe608 mode 2
Event: 31.377 Thread 0x00000295d1d10a10 DEOPT PACKING pc=0x00000295b60f81e9 sp=0x000000fe2f1f9fa0
Event: 31.377 Thread 0x00000295d1d10a10 DEOPT UNPACKING pc=0x00000295b5b82b43 sp=0x000000fe2f1f93f8 mode 0

Classes unloaded (0 events):
No events

Classes redefined (1 events):
Event: 46.696 Thread 0x00000295d0ffd9c0 redefined class name=dev.asor.univitatis.database.dao.AlunoDao, count=1

Internal exceptions (20 events):
Event: 0.734 Thread 0x00000295ae04fc40 Exception <a 'java/lang/NoSuchMethodError'{0x0000000710c118d0}: 'java.lang.Object java.lang.invoke.DirectMethodHandle$Holder.newInvokeSpecial(java.lang.Object, java.lang.Object, java.lang.Object, java.lang.Object, java.lang.Object)'> (0x0000000710c118d0) 
thrown [e:\jenkins\tmp\workspace\build\src\src\hotspot\share\interpreter\linkResolver.cpp, line 766]
Event: 0.737 Thread 0x00000295ae04fc40 Exception <a 'java/lang/NoSuchMethodError'{0x0000000710c1d298}: 'java.lang.Object java.lang.invoke.DirectMethodHandle$Holder.invokeStatic(java.lang.Object, int, java.lang.Object, java.lang.Object, java.lang.Object, java.lang.Object)'> (0x0000000710c1d298) 
thrown [e:\jenkins\tmp\workspace\build\src\src\hotspot\share\interpreter\linkResolver.cpp, line 766]
Event: 0.745 Thread 0x00000295ae04fc40 Exception <a 'java/lang/NoSuchMethodError'{0x0000000710c42fe8}: 'java.lang.Object java.lang.invoke.DirectMethodHandle$Holder.invokeStatic(java.lang.Object, int, java.lang.Object)'> (0x0000000710c42fe8) 
thrown [e:\jenkins\tmp\workspace\build\src\src\hotspot\share\interpreter\linkResolver.cpp, line 766]
Event: 0.788 Thread 0x00000295ae04fc40 Exception <a 'java/lang/ClassNotFoundException'{0x0000000710d08ca8}: com/sun/swing/internal/plaf/metal/resources/spi/metalProvider> (0x0000000710d08ca8) 
thrown [e:\jenkins\tmp\workspace\build\src\src\hotspot\share\classfile\systemDictionary.cpp, line 256]
Event: 0.789 Thread 0x00000295ae04fc40 Exception <a 'java/lang/ClassNotFoundException'{0x0000000710d10c70}: com/sun/swing/internal/plaf/basic/resources/spi/basicProvider> (0x0000000710d10c70) 
thrown [e:\jenkins\tmp\workspace\build\src\src\hotspot\share\classfile\systemDictionary.cpp, line 256]
Event: 0.826 Thread 0x00000295ae04fc40 Exception <a 'java/lang/NoSuchMethodError'{0x0000000710dce8e0}: 'java.lang.Object java.lang.invoke.DirectMethodHandle$Holder.invokeStaticInit(java.lang.Object, int, int, int, int)'> (0x0000000710dce8e0) 
thrown [e:\jenkins\tmp\workspace\build\src\src\hotspot\share\interpreter\linkResolver.cpp, line 766]
Event: 0.905 Thread 0x00000295ae04fc40 Exception <a 'java/lang/NoSuchMethodError'{0x0000000710a59870}: 'java.lang.Object java.lang.invoke.DirectMethodHandle$Holder.invokeStaticInit(java.lang.Object, java.lang.Object, int, int, int, int)'> (0x0000000710a59870) 
thrown [e:\jenkins\tmp\workspace\build\src\src\hotspot\share\interpreter\linkResolver.cpp, line 766]
Event: 1.227 Thread 0x00000295d1d0f6d0 Exception <a 'java/lang/NoSuchMethodError'{0x0000000711555970}: 'void java.lang.invoke.DirectMethodHandle$Holder.invokeVirtual(java.lang.Object, java.lang.Object)'> (0x0000000711555970) 
thrown [e:\jenkins\tmp\workspace\build\src\src\hotspot\share\interpreter\linkResolver.cpp, line 766]
Event: 1.252 Thread 0x00000295ae04fc40 Exception <a 'java/lang/NoSuchMethodError'{0x00000007115dcf08}: 'void java.lang.invoke.DirectMethodHandle$Holder.invokeStaticInit(java.lang.Object)'> (0x00000007115dcf08) 
thrown [e:\jenkins\tmp\workspace\build\src\src\hotspot\share\interpreter\linkResolver.cpp, line 766]
Event: 3.884 Thread 0x00000295ae04fc40 Exception <a 'java/lang/NoSuchMethodError'{0x00000007111564c8}: 'void java.lang.invoke.DirectMethodHandle$Holder.invokeStatic(java.lang.Object, java.lang.Object)'> (0x00000007111564c8) 
thrown [e:\jenkins\tmp\workspace\build\src\src\hotspot\share\interpreter\linkResolver.cpp, line 766]
Event: 3.901 Thread 0x00000295ae04fc40 Exception <a 'java/lang/NoSuchMethodError'{0x00000007111d26f0}: 'int java.lang.invoke.DirectMethodHandle$Holder.invokeStatic(java.lang.Object)'> (0x00000007111d26f0) 
thrown [e:\jenkins\tmp\workspace\build\src\src\hotspot\share\interpreter\linkResolver.cpp, line 766]
Event: 4.149 Thread 0x00000295ae04fc40 Exception <a 'sun/nio/fs/WindowsException'{0x0000000710b110d0}> (0x0000000710b110d0) 
thrown [e:\jenkins\tmp\workspace\build\src\src\hotspot\share\prims\jni.cpp, line 516]
Event: 4.204 Thread 0x00000295ae04fc40 Exception <a 'java/lang/ClassNotFoundException'{0x0000000710801e58}: java/lang/ObjectCustomizer> (0x0000000710801e58) 
thrown [e:\jenkins\tmp\workspace\build\src\src\hotspot\share\classfile\systemDictionary.cpp, line 256]
Event: 4.213 Thread 0x00000295ae04fc40 Exception <a 'java/lang/NoSuchMethodError'{0x0000000710829c98}: 'java.lang.Object java.lang.invoke.DirectMethodHandle$Holder.invokeInterface(java.lang.Object, java.lang.Object)'> (0x0000000710829c98) 
thrown [e:\jenkins\tmp\workspace\build\src\src\hotspot\share\interpreter\linkResolver.cpp, line 766]
Event: 4.214 Thread 0x00000295ae04fc40 Exception <a 'java/lang/IncompatibleClassChangeError'{0x000000071082d490}: Found class java.lang.Object, but interface was expected> (0x000000071082d490) 
thrown [e:\jenkins\tmp\workspace\build\src\src\hotspot\share\interpreter\linkResolver.cpp, line 833]
Event: 4.233 Thread 0x00000295ae04fc40 Exception <a 'java/lang/ClassNotFoundException'{0x0000000710895340}: net/miginfocom/layout/UnitValueCustomizer> (0x0000000710895340) 
thrown [e:\jenkins\tmp\workspace\build\src\src\hotspot\share\classfile\systemDictionary.cpp, line 256]
Event: 4.238 Thread 0x00000295ae04fc40 Exception <a 'java/lang/ClassNotFoundException'{0x00000007108bd250}: java/lang/ObjectCustomizer> (0x00000007108bd250) 
thrown [e:\jenkins\tmp\workspace\build\src\src\hotspot\share\classfile\systemDictionary.cpp, line 256]
Event: 4.239 Thread 0x00000295ae04fc40 Exception <a 'java/lang/ClassNotFoundException'{0x00000007108c2938}: net/miginfocom/layout/BoundSizeCustomizer> (0x00000007108c2938) 
thrown [e:\jenkins\tmp\workspace\build\src\src\hotspot\share\classfile\systemDictionary.cpp, line 256]
Event: 4.314 Thread 0x00000295ae04fc40 Exception <a 'java/lang/NoSuchMethodError'{0x0000000710747ce0}: 'java.lang.Object java.lang.invoke.DirectMethodHandle$Holder.invokeVirtual(java.lang.Object, java.lang.Object, java.lang.Object, java.lang.Object)'> (0x0000000710747ce0) 
thrown [e:\jenkins\tmp\workspace\build\src\src\hotspot\share\interpreter\linkResolver.cpp, line 766]
Event: 31.206 Thread 0x00000295d1d10a10 Implicit null exception at 0x00000295bd651ee0 to 0x00000295bd652470

VM Operations (20 events):
Event: 42.748 Executing VM operation: ChangeSingleStep
Event: 42.748 Executing VM operation: ChangeSingleStep done
Event: 42.758 Executing VM operation: get/set locals
Event: 42.758 Executing VM operation: get/set locals done
Event: 46.578 Executing VM operation: ChangeBreakpoints
Event: 46.578 Executing VM operation: ChangeBreakpoints done
Event: 46.684 Executing VM operation: ChangeSingleStep
Event: 46.684 Executing VM operation: ChangeSingleStep done
Event: 46.684 Executing VM operation: ChangeSingleStep
Event: 46.685 Executing VM operation: ChangeSingleStep done
Event: 46.691 Executing VM operation: RedefineClasses
Event: 46.704 Executing VM operation: RedefineClasses done
Event: 46.718 Executing VM operation: ChangeBreakpoints
Event: 46.718 Executing VM operation: ChangeBreakpoints done
Event: 46.721 Executing VM operation: ChangeSingleStep
Event: 46.721 Executing VM operation: ChangeSingleStep done
Event: 46.722 Executing VM operation: get/set locals
Event: 46.722 Executing VM operation: get/set locals done
Event: 46.724 Executing VM operation: ChangeSingleStep
Event: 46.724 Executing VM operation: ChangeSingleStep done

Events (20 events):
Event: 31.380 loading class javax/swing/plaf/basic/BasicArrowButton done
Event: 31.384 loading class javax/swing/plaf/basic/BasicScrollBarUI$TrackListener
Event: 31.384 loading class javax/swing/plaf/basic/BasicScrollBarUI$TrackListener done
Event: 31.384 loading class javax/swing/plaf/basic/BasicScrollBarUI$ArrowButtonListener
Event: 31.384 loading class javax/swing/plaf/basic/BasicScrollBarUI$ArrowButtonListener done
Event: 31.384 loading class javax/swing/plaf/basic/BasicScrollBarUI$ModelListener
Event: 31.384 loading class javax/swing/plaf/basic/BasicScrollBarUI$ModelListener done
Event: 31.385 loading class javax/swing/plaf/basic/BasicScrollBarUI$Handler
Event: 31.385 loading class javax/swing/plaf/basic/BasicScrollBarUI$Handler done
Event: 31.385 loading class javax/swing/plaf/basic/BasicScrollBarUI$ScrollListener
Event: 31.385 loading class javax/swing/plaf/basic/BasicScrollBarUI$ScrollListener done
Event: 31.388 loading class javax/swing/JViewport$ViewListener
Event: 31.388 loading class javax/swing/JViewport$ViewListener done
Event: 31.390 loading class javax/swing/plaf/basic/BasicScrollPaneUI
Event: 31.394 loading class javax/swing/plaf/ScrollPaneUI
Event: 31.394 loading class javax/swing/plaf/ScrollPaneUI done
Event: 31.394 loading class javax/swing/plaf/basic/BasicScrollPaneUI done
Event: 31.395 loading class javax/swing/plaf/basic/BasicScrollPaneUI$Handler
Event: 31.396 loading class javax/swing/plaf/basic/BasicScrollPaneUI$Handler done
Event: 32.341 Thread 0x00000295d1dfa010 Thread exited: 0x00000295d1dfa010


Dynamic libraries:
0x00007ff6a8700000 - 0x00007ff6a870e000 	D:\dev\lib\temurin-jdk\temurin-17\bin\javaw.exe
0x00007ff8390e0000 - 0x00007ff8392e9000 	C:\WINDOWS\SYSTEM32\ntdll.dll
0x00007ff838540000 - 0x00007ff8385fd000 	C:\WINDOWS\System32\KERNEL32.DLL
0x00007ff836860000 - 0x00007ff836bd9000 	C:\WINDOWS\System32\KERNELBASE.dll
0x00007ff833520000 - 0x00007ff8335b1000 	C:\WINDOWS\SYSTEM32\apphelp.dll
0x00007ff836d00000 - 0x00007ff836e11000 	C:\WINDOWS\System32\ucrtbase.dll
0x00007ff8311f0000 - 0x00007ff831208000 	D:\dev\lib\temurin-jdk\temurin-17\bin\jli.dll
0x00007ff8310c0000 - 0x00007ff8310d9000 	D:\dev\lib\temurin-jdk\temurin-17\bin\VCRUNTIME140.dll
0x00007ff838b90000 - 0x00007ff838d3c000 	C:\WINDOWS\System32\USER32.dll
0x00007ff82d6b0000 - 0x00007ff82d955000 	C:\WINDOWS\WinSxS\amd64_microsoft.windows.common-controls_6595b64144ccf1df_6.0.22000.120_none_9d947278b86cc467\COMCTL32.dll
0x00007ff836590000 - 0x00007ff8365b6000 	C:\WINDOWS\System32\win32u.dll
0x00007ff838610000 - 0x00007ff8386b3000 	C:\WINDOWS\System32\msvcrt.dll
0x00007ff839040000 - 0x00007ff839069000 	C:\WINDOWS\System32\GDI32.dll
0x00007ff836e20000 - 0x00007ff836f32000 	C:\WINDOWS\System32\gdi32full.dll
0x00007ff836c60000 - 0x00007ff836cfd000 	C:\WINDOWS\System32\msvcp_win.dll
0x00007ff8384a0000 - 0x00007ff8384d1000 	C:\WINDOWS\System32\IMM32.DLL
0x00007ff832280000 - 0x00007ff83228c000 	D:\dev\lib\temurin-jdk\temurin-17\bin\vcruntime140_1.dll
0x00007ff81e450000 - 0x00007ff81e4e1000 	D:\dev\lib\temurin-jdk\temurin-17\bin\msvcp140.dll
0x00007fffba0d0000 - 0x00007fffbad18000 	D:\dev\lib\temurin-jdk\temurin-17\bin\server\jvm.dll
0x00007ff837aa0000 - 0x00007ff837b4e000 	C:\WINDOWS\System32\ADVAPI32.dll
0x00007ff837e10000 - 0x00007ff837eae000 	C:\WINDOWS\System32\sechost.dll
0x00007ff8382d0000 - 0x00007ff8383f0000 	C:\WINDOWS\System32\RPCRT4.dll
0x00007ff837eb0000 - 0x00007ff837eb8000 	C:\WINDOWS\System32\PSAPI.DLL
0x00007ff821410000 - 0x00007ff821419000 	C:\WINDOWS\SYSTEM32\WSOCK32.dll
0x00007ff82da10000 - 0x00007ff82da1a000 	C:\WINDOWS\SYSTEM32\VERSION.dll
0x00007ff831440000 - 0x00007ff831473000 	C:\WINDOWS\SYSTEM32\WINMM.dll
0x00007ff837d20000 - 0x00007ff837d8f000 	C:\WINDOWS\System32\WS2_32.dll
0x00007ff835750000 - 0x00007ff835768000 	C:\WINDOWS\SYSTEM32\kernel.appcore.dll
0x00007ff8319c0000 - 0x00007ff8319ca000 	D:\dev\lib\temurin-jdk\temurin-17\bin\jimage.dll
0x00007ff834230000 - 0x00007ff834451000 	C:\WINDOWS\SYSTEM32\DBGHELP.DLL
0x00007ff82c9e0000 - 0x00007ff82ca11000 	C:\WINDOWS\SYSTEM32\dbgcore.DLL
0x00007ff836be0000 - 0x00007ff836c5f000 	C:\WINDOWS\System32\bcryptPrimitives.dll
0x00007ff82c4c0000 - 0x00007ff82c4fb000 	D:\dev\lib\temurin-jdk\temurin-17\bin\jdwp.dll
0x00007ff831100000 - 0x00007ff83110e000 	D:\dev\lib\temurin-jdk\temurin-17\bin\instrument.dll
0x00007ff82c490000 - 0x00007ff82c4b5000 	D:\dev\lib\temurin-jdk\temurin-17\bin\java.dll
0x00007fffd5d60000 - 0x00007fffd5e36000 	D:\dev\lib\temurin-jdk\temurin-17\bin\jsvml.dll
0x00007ff836f40000 - 0x00007ff8376f8000 	C:\WINDOWS\System32\SHELL32.dll
0x00007ff8346d0000 - 0x00007ff834f38000 	C:\WINDOWS\SYSTEM32\windows.storage.dll
0x00007ff837f50000 - 0x00007ff8382c9000 	C:\WINDOWS\System32\combase.dll
0x00007ff834560000 - 0x00007ff8346c6000 	C:\WINDOWS\SYSTEM32\wintypes.dll
0x00007ff837700000 - 0x00007ff8377ea000 	C:\WINDOWS\System32\SHCORE.dll
0x00007ff8377f0000 - 0x00007ff83784d000 	C:\WINDOWS\System32\shlwapi.dll
0x00007ff8364c0000 - 0x00007ff8364e1000 	C:\WINDOWS\SYSTEM32\profapi.dll
0x00007ff8310b0000 - 0x00007ff8310bc000 	D:\dev\lib\temurin-jdk\temurin-17\bin\dt_socket.dll
0x00007ff835270000 - 0x00007ff83529d000 	C:\WINDOWS\SYSTEM32\IPHLPAPI.DLL
0x00007ff835bb0000 - 0x00007ff835c17000 	C:\WINDOWS\system32\mswsock.dll
0x00007ff8352e0000 - 0x00007ff8353c8000 	C:\WINDOWS\SYSTEM32\DNSAPI.dll
0x00007ff838600000 - 0x00007ff838609000 	C:\WINDOWS\System32\NSI.dll
0x00007ff82e160000 - 0x00007ff82e16a000 	C:\Windows\System32\rasadhlp.dll
0x00007ff82eb90000 - 0x00007ff82ec11000 	C:\WINDOWS\System32\fwpuclnt.dll
0x00007ff82c9a0000 - 0x00007ff82c9b8000 	D:\dev\lib\temurin-jdk\temurin-17\bin\zip.dll
0x00007ff82c300000 - 0x00007ff82c319000 	D:\dev\lib\temurin-jdk\temurin-17\bin\net.dll
0x00007ff82fe50000 - 0x00007ff82ff5c000 	C:\WINDOWS\SYSTEM32\WINHTTP.dll
0x00007ff82c2e0000 - 0x00007ff82c2f5000 	D:\dev\lib\temurin-jdk\temurin-17\bin\nio.dll
0x00007ff8310a0000 - 0x00007ff8310b0000 	D:\dev\lib\temurin-jdk\temurin-17\bin\verify.dll
0x00007fffd5bd0000 - 0x00007fffd5d5e000 	D:\dev\lib\temurin-jdk\temurin-17\bin\awt.dll
0x00007ff837b50000 - 0x00007ff837c26000 	C:\WINDOWS\System32\OLEAUT32.dll
0x00007ff833800000 - 0x00007ff8338ac000 	C:\WINDOWS\system32\uxtheme.dll
0x00007ff838f00000 - 0x00007ff83901e000 	C:\WINDOWS\System32\MSCTF.dll
0x00007ff838d60000 - 0x00007ff838efa000 	C:\WINDOWS\System32\ole32.dll
0x00007ff833c70000 - 0x00007ff833c9f000 	C:\WINDOWS\system32\DWMAPI.DLL
0x00007ff81ebe0000 - 0x00007ff81ece1000 	C:\WINDOWS\system32\opengl32.dll
0x00007ff81e980000 - 0x00007ff81e9ad000 	C:\WINDOWS\SYSTEM32\GLU32.dll
0x00007ff833ab0000 - 0x00007ff833ae8000 	C:\WINDOWS\SYSTEM32\dxcore.dll
0x00007ff835df0000 - 0x00007ff835e08000 	C:\WINDOWS\SYSTEM32\CRYPTSP.dll
0x00007ff8356b0000 - 0x00007ff8356e5000 	C:\WINDOWS\system32\rsaenh.dll
0x00007ff835ca0000 - 0x00007ff835cc9000 	C:\WINDOWS\SYSTEM32\USERENV.dll
0x00007ff835f70000 - 0x00007ff835f97000 	C:\WINDOWS\SYSTEM32\bcrypt.dll
0x00007ff835e10000 - 0x00007ff835e1c000 	C:\WINDOWS\SYSTEM32\CRYPTBASE.dll
0x00007ff830660000 - 0x00007ff830679000 	C:\WINDOWS\SYSTEM32\dhcpcsvc6.DLL
0x00007ff8313c0000 - 0x00007ff8313de000 	C:\WINDOWS\SYSTEM32\dhcpcsvc.DLL
0x00007ff82b610000 - 0x00007ff82b63d000 	D:\dev\lib\temurin-jdk\temurin-17\bin\javajpeg.dll
0x00007ff805950000 - 0x00007ff8059d9000 	D:\dev\lib\temurin-jdk\temurin-17\bin\freetype.dll
0x00007ff803ad0000 - 0x00007ff803b78000 	D:\dev\lib\temurin-jdk\temurin-17\bin\fontmanager.dll
0x00007ff831120000 - 0x00007ff831126000 	C:\Users\amaranth.rosa\AppData\Local\Temp\flatlaf.temp\flatlaf-windows-x86_64-31050567752000.dll
0x00007ff82ea30000 - 0x00007ff82ea37000 	D:\dev\lib\temurin-jdk\temurin-17\bin\jawt.dll
0x00007ff8383f0000 - 0x00007ff83849f000 	C:\WINDOWS\System32\clbcatq.dll
0x00007ff826e50000 - 0x00007ff826ffe000 	C:\WINDOWS\SYSTEM32\WindowsCodecs.dll
0x00007ff801660000 - 0x00007ff8016bd000 	C:\WINDOWS\system32\dataexchange.dll
0x00007ff826be0000 - 0x00007ff826e46000 	C:\WINDOWS\system32\twinapi.appcore.dll
0x00007ff81d040000 - 0x00007ff81d16d000 	C:\WINDOWS\SYSTEM32\textinputframework.dll
0x00007ff8331a0000 - 0x00007ff8332d2000 	C:\WINDOWS\SYSTEM32\CoreMessaging.dll
0x00007ff8291c0000 - 0x00007ff82952d000 	C:\WINDOWS\SYSTEM32\CoreUIComponents.dll
0x0000000070bc0000 - 0x0000000070c9c000 	C:\Users\amaranth.rosa\AppData\Local\Temp\sqlite-3.36.0.3-ef9cd69c-f09a-4309-bda0-d03a8c36559e-sqlitejdbc.dll
0x00007ff804cc0000 - 0x00007ff804d01000 	D:\dev\lib\temurin-jdk\temurin-17\bin\lcms.dll

dbghelp: loaded successfully - version: 4.0.5 - missing functions: none
symbol engine: initialized successfully - sym options: 0x614 - pdb path: .;D:\dev\lib\temurin-jdk\temurin-17\bin;C:\WINDOWS\SYSTEM32;C:\WINDOWS\WinSxS\amd64_microsoft.windows.common-controls_6595b64144ccf1df_6.0.22000.120_none_9d947278b86cc467;D:\dev\lib\temurin-jdk\temurin-17\bin\server;C:\Users\amaranth.rosa\AppData\Local\Temp\flatlaf.temp;C:\Users\amaranth.rosa\AppData\Local\Temp

VM Arguments:
jvm_args: -XX:+ShowCodeDetailsInExceptionMessages -agentlib:jdwp=transport=dt_socket,suspend=y,address=localhost:51488 -javaagent:C:\Users\amaranth.rosa\eclipse\java-2022-03\eclipse\configuration\org.eclipse.osgi\225\0\.cp\lib\javaagent-shaded.jar -Dfile.encoding=UTF-8 
java_command: dev.asor.univitatis.UnivitatisApp
java_class_path (initial): D:\dev\git\@samuel.rockenbach\universum-universitatis\target\classes;C:\Users\amaranth.rosa\eclipse\java-2022-03\eclipse\plugins\org.junit.jupiter.api_5.8.1.v20211018-1956.jar;C:\Users\amaranth.rosa\eclipse\java-2022-03\eclipse\plugins\org.junit.jupiter.engine_5.8.1.v20211018-1956.jar;C:\Users\amaranth.rosa\eclipse\java-2022-03\eclipse\plugins\org.junit.jupiter.migrationsupport_5.8.1.v20211018-1956.jar;C:\Users\amaranth.rosa\eclipse\java-2022-03\eclipse\plugins\org.junit.jupiter.params_5.8.1.v20211018-1956.jar;C:\Users\amaranth.rosa\eclipse\java-2022-03\eclipse\plugins\org.junit.platform.commons_1.8.1.v20211018-1956.jar;C:\Users\amaranth.rosa\eclipse\java-2022-03\eclipse\plugins\org.junit.platform.engine_1.8.1.v20211018-1956.jar;C:\Users\amaranth.rosa\eclipse\java-2022-03\eclipse\plugins\org.junit.platform.launcher_1.8.1.v20211018-1956.jar;C:\Users\amaranth.rosa\eclipse\java-2022-03\eclipse\plugins\org.junit.platform.runner_1.8.1.v20211018-1956.jar;C:\Users\amaranth.rosa\eclipse\java-2022-03\eclipse\plugins\org.junit.platform.suite.api_1.8.1.v20211018-1956.jar;C:\Users\amaranth.rosa\eclipse\java-2022-03\eclipse\plugins\org.junit.platform.suite.engine_1.8.1.v20211028-1957.jar;C:\Users\amaranth.rosa\eclipse\java-2022-03\eclipse\plugins\org.junit.platform.suite.commons_1.8.1.v20211018-1956.jar;C:\Users\amaranth.rosa\eclipse\java-2022-03\eclipse\plugins\org.junit.vintage.engine_5.8.1.v20211018-1956.jar;C:\Users\amaranth.rosa\eclipse\java-2022-03\eclipse\plugins\org.opentest4j_1.2.0.v20211018-1956.jar;C:\Users\amaranth.rosa\eclipse\java-2022-03\eclipse\plugins\org.apiguardian_1.1.2.v20211018-1956.jar;C:\Users\amaranth.rosa\eclipse\java-2022-03\eclipse\plugins\org.junit_4.13.2.v20211018-1956.jar;C:\Users\amaranth.rosa\eclipse\java-2022-03\eclipse\plugins\org.hamcrest.core_1.3.0.v20180420-1519.jar;C:\Users\amaranth.rosa\.m2\repository\org\xerial\sqlite-jdbc\3.36.0.3\sqlite-jdbc-3.36.0.3.jar;C:\Users\amaranth.rosa\.m2\repository\com\miglayout\mi
Launcher Type: SUN_STANDARD

[Global flags]
     intx CICompilerCount                          = 4                                         {product} {ergonomic}
     uint ConcGCThreads                            = 2                                         {product} {ergonomic}
     uint G1ConcRefinementThreads                  = 8                                         {product} {ergonomic}
   size_t G1HeapRegionSize                         = 2097152                                   {product} {ergonomic}
    uintx GCDrainStackTargetSize                   = 64                                        {product} {ergonomic}
   size_t InitialHeapSize                          = 268435456                                 {product} {ergonomic}
   size_t MarkStackSize                            = 4194304                                   {product} {ergonomic}
   size_t MaxHeapSize                              = 4269801472                                {product} {ergonomic}
   size_t MaxNewSize                               = 2560622592                                {product} {ergonomic}
   size_t MinHeapDeltaBytes                        = 2097152                                   {product} {ergonomic}
   size_t MinHeapSize                              = 8388608                                   {product} {ergonomic}
    uintx NonNMethodCodeHeapSize                   = 5839372                                {pd product} {ergonomic}
    uintx NonProfiledCodeHeapSize                  = 122909434                              {pd product} {ergonomic}
    uintx ProfiledCodeHeapSize                     = 122909434                              {pd product} {ergonomic}
    uintx ReservedCodeCacheSize                    = 251658240                              {pd product} {ergonomic}
     bool SegmentedCodeCache                       = true                                      {product} {ergonomic}
     bool ShowCodeDetailsInExceptionMessages       = true                                   {manageable} {command line}
   size_t SoftMaxHeapSize                          = 4269801472                             {manageable} {ergonomic}
     bool UseCompressedClassPointers               = true                           {product lp64_product} {ergonomic}
     bool UseCompressedOops                        = true                           {product lp64_product} {ergonomic}
     bool UseG1GC                                  = true                                      {product} {ergonomic}
     bool UseLargePagesIndividualAllocation        = false                                  {pd product} {ergonomic}

Logging:
Log output configuration:
 #0: stdout all=warning uptime,level,tags
 #1: stderr all=off uptime,level,tags

Environment Variables:
JAVA_HOME=D:\dev\lib\temurin-jdk\temurin-11
PATH=C:/Users/amaranth.rosa/eclipse/java-2022-03/eclipse//plugins/org.eclipse.justj.openjdk.hotspot.jre.full.win32.x86_64_17.0.2.v20220201-1208/jre/bin/server;C:/Users/amaranth.rosa/eclipse/java-2022-03/eclipse//plugins/org.eclipse.justj.openjdk.hotspot.jre.full.win32.x86_64_17.0.2.v20220201-1208/jre/bin;C:\Program Files\Git\usr\bin;C:\Program Files\Git\bin;C:\Program Files\Python310\Scripts\;C:\Program Files\Python310\;C:\WINDOWS\system32;C:\WINDOWS;C:\WINDOWS\System32\Wbem;C:\WINDOWS\System32\WindowsPowerShell\v1.0\;C:\WINDOWS\System32\OpenSSH\;C:\Program Files\Intel\WiFi\bin\;C:\Program Files\Common Files\Intel\WirelessCommon\;C:\Program Files\SSHFS-Win\bin;C:\Program Files\nodejs\;D:\dev\apps\sqlite-tools;C:\Users\amaranth.rosa\AppData\Local\Programs\Hyper;C:\Program Files\dotnet\;C:\ProgramData\chocolatey\bin;C:\Program Files\Go\bin;C:\Program Files\Docker\Docker\resources\bin;C:\ProgramData\DockerDesktop\version-bin;D:\dev\apps\nvim-win64\Neovim\bin;D:\dev\lib\temurin-jdk\temurin-11\bin;D:\dev\apps\apache-maven-3.8.4\bin;C:\Program Files\PostgreSQL\14\\bin;D:\dev\bin\php8-x64;D:\dev\bin\rclone;C:\Program Files (x86)\Intel\Intel(R) Management Engine Components\DAL;C:\Program Files\Intel\Intel(R) Management Engine Components\DAL;C:\Program Files\PowerShell\7\;C:\ProgramFiles\Python\Python310\Scripts\;C:\ProgramFiles\Python\Python310\;C:\Users\amaranth.rosa\AppData\Local\Microsoft\WindowsApps;C:\Users\amaranth.rosa\AppData\Local\GitHubDesktop\bin;C:\dev\apps\Microsoft VS Code\Microsoft VS Code\bin;C:\ProgramFiles\Microsoft\Microsoft VS Code\bin;C:\Users\amaranth.rosa\AppData\Local\Programs\Microsoft VS Code\bin;C:\Users\amaranth.rosa\AppData\Local\Microsoft\WindowsApps;C:\Users\amaranth.rosa\AppData\Roaming\npm;C:\Users\amaranth.rosa\go\bin;C:\Users\amaranth.rosa\AppData\Local\Programs\Hyper\resources\bin;C:\Users\amaranth.rosa\go\bin;C:\Users\amaranth.rosa\eclipse\java-2022-03\eclipse;
USERNAME=amaranth.rosa
OS=Windows_NT
PROCESSOR_IDENTIFIER=Intel64 Family 6 Model 142 Stepping 10, GenuineIntel



---------------  S Y S T E M  ---------------

OS:
 Windows 11 , 64 bit Build 22000 (10.0.22000.708)
OS uptime: 0 days 0:52 hours
Hyper-V role detected

CPU: total 8 (initial active 8) (4 cores per cpu, 2 threads per core) family 6 model 142 stepping 10 microcode 0xf0, cx8, cmov, fxsr, ht, mmx, 3dnowpref, sse, sse2, sse3, ssse3, sse4.1, sse4.2, popcnt, lzcnt, tsc, tscinvbit, avx, avx2, aes, erms, clmul, bmi1, bmi2, adx, fma, vzeroupper, clflush, clflushopt, hv

Memory: 4k page, system-wide physical 16281M (8607M free)
TotalPageFile size 18713M (AvailPageFile size 8009M)
current process WorkingSet (physical memory assigned to process): 129M, peak: 137M
current process commit charge ("private bytes"): 376M, peak: 386M

vm_info: OpenJDK 64-Bit Server VM (17.0.3+7) for windows-amd64 JRE (17.0.3+7), built on Apr 19 2022 16:55:35 by "" with MS VC++ 16.7 (VS2019)

END.
